#
# There is insufficient memory for the Java Runtime Environment to continue.
# Native memory allocation (mmap) failed to map 268435456 bytes for G1 virtual space
# Possible reasons:
#   The system is out of physical RAM or swap space
#   The process is running with CompressedOops enabled, and the Java Heap may be blocking the growth of the native heap
# Possible solutions:
#   Reduce memory load on the system
#   Increase physical memory or swap space
#   Check if swap backing store is full
#   Decrease Java heap size (-Xmx/-Xms)
#   Decrease number of Java threads
#   Decrease Java thread stack sizes (-Xss)
#   Set larger code cache with -XX:ReservedCodeCacheSize=
#   JVM is running with Zero Based Compressed Oops mode in which the Java heap is
#     placed in the first 32GB address space. The Java Heap base address is the
#     maximum limit for the native heap growth. Please use -XX:HeapBaseMinAddress
#     to set the Java Heap base and to place the Java Heap above 32GB virtual address.
# This output file may be truncated or incomplete.
#
#  Out of Memory Error (os_windows.cpp:3536), pid=5748, tid=16764
#
# JRE version: OpenJDK Runtime Environment Zulu19.32+15-CA (19.0.2+7) (build 19.0.2+7)
# Java VM: OpenJDK 64-Bit Server VM Zulu19.32+15-CA (19.0.2+7, mixed mode, sharing, tiered, compressed oops, compressed class ptrs, g1 gc, windows-amd64)
# No core dump will be written. Minidumps are not enabled by default on client versions of Windows
#

---------------  S U M M A R Y ------------

Command Line: -Dfile.encoding=UTF-8 MasterApp

Host: Intel(R) Core(TM) i7-10750H CPU @ 2.60GHz, 12 cores, 15G,  Windows 11 , 64 bit Build 22621 (10.0.22621.1635)
Time: Tue May 16 18:45:33 2023 Hora estándar, América Central elapsed time: 0.460211 seconds (0d 0h 0m 0s)

---------------  T H R E A D  ---------------

Current thread (0x000001d7ab56fe80):  VMThread "VM Thread" [stack: 0x0000002267100000,0x0000002267200000] [id=16764]

Stack: [0x0000002267100000,0x0000002267200000]
Native frames: (J=compiled Java code, j=interpreted, Vv=VM code, C=native code)
V  [jvm.dll+0x6eab2a]
V  [jvm.dll+0x8a4a20]
V  [jvm.dll+0x8a640e]
V  [jvm.dll+0x8a6ac3]
V  [jvm.dll+0x27c1ef]
V  [jvm.dll+0x6e7929]
V  [jvm.dll+0x6dc3da]
V  [jvm.dll+0x3528ab]
V  [jvm.dll+0x35a266]
V  [jvm.dll+0x3b0a2e]
V  [jvm.dll+0x3b0c5f]
V  [jvm.dll+0x327e9a]
V  [jvm.dll+0x327f47]
V  [jvm.dll+0x370442]
V  [jvm.dll+0x36e8e4]
V  [jvm.dll+0x327660]
V  [jvm.dll+0x36de7b]
V  [jvm.dll+0x8abc13]
V  [jvm.dll+0x8ac9d9]
V  [jvm.dll+0x8acf0d]
V  [jvm.dll+0x8ad39b]
V  [jvm.dll+0x8ad457]
V  [jvm.dll+0x84ec7a]
V  [jvm.dll+0x6e981b]
C  [ucrtbase.dll+0x29363]
C  [KERNEL32.DLL+0x126ad]
C  [ntdll.dll+0x5a9f8]

VM_Operation (0x00000022686fef70): G1CollectForAllocation, mode: safepoint, requested by thread 0x000001d7b0abe4c0


---------------  P R O C E S S  ---------------

Threads class SMR info:
_java_thread_list=0x000001d7b0acdea0, length=20, elements={
0x000001d787368240, 0x000001d7ab5865b0, 0x000001d7ab587280, 0x000001d7ab58d2e0,
0x000001d7ab58dc10, 0x000001d7ab58e6e0, 0x000001d7b0135f60, 0x000001d7b01388a0,
0x000001d7b013c710, 0x000001d7b0133a30, 0x000001d7b01334e0, 0x000001d7b0133f80,
0x000001d7b04241c0, 0x000001d7b0136a00, 0x000001d7b01344d0, 0x000001d7b0134a20,
0x000001d7b0135a10, 0x000001d7b0ac4460, 0x000001d7b0abe4c0, 0x000001d7b0ac39c0
}

Java Threads: ( => current thread )
  0x000001d787368240 JavaThread "main" [_thread_blocked, id=3712, stack(0x0000002266b00000,0x0000002266c00000)]
  0x000001d7ab5865b0 JavaThread "Reference Handler" daemon [_thread_blocked, id=13024, stack(0x0000002267200000,0x0000002267300000)]
  0x000001d7ab587280 JavaThread "Finalizer" daemon [_thread_blocked, id=23684, stack(0x0000002267300000,0x0000002267400000)]
  0x000001d7ab58d2e0 JavaThread "Signal Dispatcher" daemon [_thread_blocked, id=17536, stack(0x0000002267400000,0x0000002267500000)]
  0x000001d7ab58dc10 JavaThread "Attach Listener" daemon [_thread_blocked, id=21836, stack(0x0000002267500000,0x0000002267600000)]
  0x000001d7ab58e6e0 JavaThread "Service Thread" daemon [_thread_blocked, id=18896, stack(0x0000002267600000,0x0000002267700000)]
  0x000001d7b0135f60 JavaThread "Monitor Deflation Thread" daemon [_thread_blocked, id=24464, stack(0x0000002267700000,0x0000002267800000)]
  0x000001d7b01388a0 JavaThread "C2 CompilerThread0" daemon [_thread_blocked, id=11888, stack(0x0000002267800000,0x0000002267900000)]
  0x000001d7b013c710 JavaThread "C1 CompilerThread0" daemon [_thread_blocked, id=16896, stack(0x0000002267900000,0x0000002267a00000)]
  0x000001d7b0133a30 JavaThread "Sweeper thread" daemon [_thread_blocked, id=3572, stack(0x0000002267a00000,0x0000002267b00000)]
  0x000001d7b01334e0 JavaThread "Notification Thread" daemon [_thread_blocked, id=12328, stack(0x0000002267b00000,0x0000002267c00000)]
  0x000001d7b0133f80 JavaThread "Common-Cleaner" daemon [_thread_blocked, id=22940, stack(0x0000002267d00000,0x0000002267e00000)]
  0x000001d7b04241c0 JavaThread "C2 CompilerThread1" daemon [_thread_blocked, id=18788, stack(0x0000002267e00000,0x0000002267f00000)]
  0x000001d7b0136a00 JavaThread "QuantumRenderer-0" daemon [_thread_blocked, id=12928, stack(0x0000002267f00000,0x0000002268000000)]
  0x000001d7b01344d0 JavaThread "InvokeLaterDispatcher" daemon [_thread_blocked, id=13196, stack(0x0000002268100000,0x0000002268200000)]
  0x000001d7b0134a20 JavaThread "JavaFX Application Thread" [_thread_blocked, id=22124, stack(0x0000002268200000,0x0000002268300000)]
  0x000001d7b0135a10 JavaThread "JavaFX-Launcher" [_thread_blocked, id=7372, stack(0x0000002268500000,0x0000002268600000)]
  0x000001d7b0ac4460 JavaThread "Thread-2" daemon [_thread_blocked, id=13488, stack(0x0000002268400000,0x0000002268500000)]
  0x000001d7b0abe4c0 JavaThread "Thread-4" daemon [_thread_blocked, id=18996, stack(0x0000002268600000,0x0000002268700000)]
  0x000001d7b0ac39c0 JavaThread "Thread-5" daemon [_thread_blocked, id=25292, stack(0x0000002268c00000,0x0000002268d00000)]

Other Threads:
=>0x000001d7ab56fe80 VMThread "VM Thread" [stack: 0x0000002267100000,0x0000002267200000] [id=16764]
  0x000001d7b0284510 WatcherThread "VM Periodic Task Thread" [stack: 0x0000002267c00000,0x0000002267d00000] [id=10404]
  0x000001d7873d9960 WorkerThread "GC Thread#0" [stack: 0x0000002266c00000,0x0000002266d00000] [id=17788]
  0x000001d7b09293a0 WorkerThread "GC Thread#1" [stack: 0x0000002268700000,0x0000002268800000] [id=19356]
  0x000001d7b0929670 WorkerThread "GC Thread#2" [stack: 0x0000002268800000,0x0000002268900000] [id=20360]
  0x000001d7b092afc0 WorkerThread "GC Thread#3" [stack: 0x0000002268900000,0x0000002268a00000] [id=14508]
  0x000001d7b0929940 WorkerThread "GC Thread#4" [stack: 0x0000002268a00000,0x0000002268b00000] [id=20472]
  0x000001d7b092a750 WorkerThread "GC Thread#5" [stack: 0x0000002268b00000,0x0000002268c00000] [id=6824]
  0x000001d787428010 ConcurrentGCThread "G1 Main Marker" [stack: 0x0000002266d00000,0x0000002266e00000] [id=7388]
  0x000001d7874291e0 WorkerThread "G1 Conc#0" [stack: 0x0000002266e00000,0x0000002266f00000] [id=17628]
  0x000001d7ab4278e0 ConcurrentGCThread "G1 Refine#0" [stack: 0x0000002266f00000,0x0000002267000000] [id=2824]
  0x000001d7ab4292d0 ConcurrentGCThread "G1 Service" [stack: 0x0000002267000000,0x0000002267100000] [id=23556]

Threads with active compile tasks:
C1 CompilerThread0      471  818       3       java.lang.invoke.DirectMethodHandle::preparedLambdaForm (244 bytes)

VM state: at safepoint (normal execution)

VM Mutex/Monitor currently owned by a thread:  ([mutex/lock_event])
[0x000001d787363a00] Threads_lock - owner thread: 0x000001d7ab56fe80
[0x000001d787362800] Heap_lock - owner thread: 0x000001d7b0abe4c0

Heap address: 0x0000000701600000, size: 4074 MB, Compressed Oops mode: Zero based, Oop shift amount: 3

CDS archive(s) mapped at: [0x0000000800000000-0x0000000800c40000-0x0000000800c40000), size 12845056, SharedBaseAddress: 0x0000000800000000, ArchiveRelocationMode: 0.
Compressed class space mapped at: 0x0000000801000000-0x0000000841000000, reserved size: 1073741824
Narrow klass base: 0x0000000800000000, Narrow klass shift: 0, Narrow klass range: 0x100000000

GC Precious Log:
 CardTable entry size: 512
 Card Set container configuration: InlinePtr #cards 4 size 8 Array Of Cards #cards 16 size 48 Howl #buckets 8 coarsen threshold 3686 Howl Bitmap #cards 512 size 80 coarsen threshold 460 Card regions per heap region 1 cards per card region 4096
 CPUs: 12 total, 12 available
 Memory: 16291M
 Large Page Support: Disabled
 NUMA Support: Disabled
 Compressed Oops: Enabled (Zero based)
 Heap Region Size: 2M
 Heap Min Capacity: 8M
 Heap Initial Capacity: 256M
 Heap Max Capacity: 4074M
 Pre-touch: Disabled
 Parallel Workers: 10
 Concurrent Workers: 3
 Concurrent Refinement Workers: 10
 Periodic GC: Disabled

Heap:
 garbage-first heap   total 262144K, used 4265K [0x0000000701600000, 0x0000000800000000)
  region size 2048K, 3 young (6144K), 3 survivors (6144K)
 Metaspace       used 6482K, committed 6720K, reserved 1114112K
  class space    used 865K, committed 960K, reserved 1048576K

Heap Regions: E=young(eden), S=young(survivor), O=old, HS=humongous(starts), HC=humongous(continues), CS=collection set, F=free, OA=open archive, CA=closed archive, TAMS=top-at-mark-start (previous, next)
|   0|0x0000000701600000, 0x0000000701600000, 0x0000000701800000|  0%| F|  |TAMS 0x0000000701600000, 0x0000000701600000| Untracked 
|   1|0x0000000701800000, 0x0000000701800000, 0x0000000701a00000|  0%| F|  |TAMS 0x0000000701800000, 0x0000000701800000| Untracked 
|   2|0x0000000701a00000, 0x0000000701a00000, 0x0000000701c00000|  0%| F|  |TAMS 0x0000000701a00000, 0x0000000701a00000| Untracked 
|   3|0x0000000701c00000, 0x0000000701c00000, 0x0000000701e00000|  0%| F|  |TAMS 0x0000000701c00000, 0x0000000701c00000| Untracked 
|   4|0x0000000701e00000, 0x0000000701e00000, 0x0000000702000000|  0%| F|  |TAMS 0x0000000701e00000, 0x0000000701e00000| Untracked 
|   5|0x0000000702000000, 0x0000000702000000, 0x0000000702200000|  0%| F|  |TAMS 0x0000000702000000, 0x0000000702000000| Untracked 
|   6|0x0000000702200000, 0x0000000702200000, 0x0000000702400000|  0%| F|  |TAMS 0x0000000702200000, 0x0000000702200000| Untracked 
|   7|0x0000000702400000, 0x0000000702400000, 0x0000000702600000|  0%| F|  |TAMS 0x0000000702400000, 0x0000000702400000| Untracked 
|   8|0x0000000702600000, 0x0000000702600000, 0x0000000702800000|  0%| F|  |TAMS 0x0000000702600000, 0x0000000702600000| Untracked 
|   9|0x0000000702800000, 0x0000000702800000, 0x0000000702a00000|  0%| F|  |TAMS 0x0000000702800000, 0x0000000702800000| Untracked 
|  10|0x0000000702a00000, 0x0000000702a00000, 0x0000000702c00000|  0%| F|  |TAMS 0x0000000702a00000, 0x0000000702a00000| Untracked 
|  11|0x0000000702c00000, 0x0000000702c00000, 0x0000000702e00000|  0%| F|  |TAMS 0x0000000702c00000, 0x0000000702c00000| Untracked 
|  12|0x0000000702e00000, 0x0000000702e00000, 0x0000000703000000|  0%| F|  |TAMS 0x0000000702e00000, 0x0000000702e00000| Untracked 
|  13|0x0000000703000000, 0x0000000703000000, 0x0000000703200000|  0%| F|  |TAMS 0x0000000703000000, 0x0000000703000000| Untracked 
|  14|0x0000000703200000, 0x0000000703200000, 0x0000000703400000|  0%| F|  |TAMS 0x0000000703200000, 0x0000000703200000| Untracked 
|  15|0x0000000703400000, 0x0000000703400000, 0x0000000703600000|  0%| F|  |TAMS 0x0000000703400000, 0x0000000703400000| Untracked 
|  16|0x0000000703600000, 0x0000000703600000, 0x0000000703800000|  0%| F|  |TAMS 0x0000000703600000, 0x0000000703600000| Untracked 
|  17|0x0000000703800000, 0x0000000703800000, 0x0000000703a00000|  0%| F|  |TAMS 0x0000000703800000, 0x0000000703800000| Untracked 
|  18|0x0000000703a00000, 0x0000000703a00000, 0x0000000703c00000|  0%| F|  |TAMS 0x0000000703a00000, 0x0000000703a00000| Untracked 
|  19|0x0000000703c00000, 0x0000000703c00000, 0x0000000703e00000|  0%| F|  |TAMS 0x0000000703c00000, 0x0000000703c00000| Untracked 
|  20|0x0000000703e00000, 0x0000000703e00000, 0x0000000704000000|  0%| F|  |TAMS 0x0000000703e00000, 0x0000000703e00000| Untracked 
|  21|0x0000000704000000, 0x0000000704000000, 0x0000000704200000|  0%| F|  |TAMS 0x0000000704000000, 0x0000000704000000| Untracked 
|  22|0x0000000704200000, 0x0000000704200000, 0x0000000704400000|  0%| F|  |TAMS 0x0000000704200000, 0x0000000704200000| Untracked 
|  23|0x0000000704400000, 0x0000000704400000, 0x0000000704600000|  0%| F|  |TAMS 0x0000000704400000, 0x0000000704400000| Untracked 
|  24|0x0000000704600000, 0x0000000704600000, 0x0000000704800000|  0%| F|  |TAMS 0x0000000704600000, 0x0000000704600000| Untracked 
|  25|0x0000000704800000, 0x0000000704800000, 0x0000000704a00000|  0%| F|  |TAMS 0x0000000704800000, 0x0000000704800000| Untracked 
|  26|0x0000000704a00000, 0x0000000704a00000, 0x0000000704c00000|  0%| F|  |TAMS 0x0000000704a00000, 0x0000000704a00000| Untracked 
|  27|0x0000000704c00000, 0x0000000704c00000, 0x0000000704e00000|  0%| F|  |TAMS 0x0000000704c00000, 0x0000000704c00000| Untracked 
|  28|0x0000000704e00000, 0x0000000704e00000, 0x0000000705000000|  0%| F|  |TAMS 0x0000000704e00000, 0x0000000704e00000| Untracked 
|  29|0x0000000705000000, 0x0000000705000000, 0x0000000705200000|  0%| F|  |TAMS 0x0000000705000000, 0x0000000705000000| Untracked 
|  30|0x0000000705200000, 0x0000000705200000, 0x0000000705400000|  0%| F|  |TAMS 0x0000000705200000, 0x0000000705200000| Untracked 
|  31|0x0000000705400000, 0x0000000705400000, 0x0000000705600000|  0%| F|  |TAMS 0x0000000705400000, 0x0000000705400000| Untracked 
|  32|0x0000000705600000, 0x0000000705600000, 0x0000000705800000|  0%| F|  |TAMS 0x0000000705600000, 0x0000000705600000| Untracked 
|  33|0x0000000705800000, 0x0000000705800000, 0x0000000705a00000|  0%| F|  |TAMS 0x0000000705800000, 0x0000000705800000| Untracked 
|  34|0x0000000705a00000, 0x0000000705a00000, 0x0000000705c00000|  0%| F|  |TAMS 0x0000000705a00000, 0x0000000705a00000| Untracked 
|  35|0x0000000705c00000, 0x0000000705c00000, 0x0000000705e00000|  0%| F|  |TAMS 0x0000000705c00000, 0x0000000705c00000| Untracked 
|  36|0x0000000705e00000, 0x0000000705e00000, 0x0000000706000000|  0%| F|  |TAMS 0x0000000705e00000, 0x0000000705e00000| Untracked 
|  37|0x0000000706000000, 0x0000000706000000, 0x0000000706200000|  0%| F|  |TAMS 0x0000000706000000, 0x0000000706000000| Untracked 
|  38|0x0000000706200000, 0x0000000706200000, 0x0000000706400000|  0%| F|  |TAMS 0x0000000706200000, 0x0000000706200000| Untracked 
|  39|0x0000000706400000, 0x0000000706400000, 0x0000000706600000|  0%| F|  |TAMS 0x0000000706400000, 0x0000000706400000| Untracked 
|  40|0x0000000706600000, 0x0000000706600000, 0x0000000706800000|  0%| F|  |TAMS 0x0000000706600000, 0x0000000706600000| Untracked 
|  41|0x0000000706800000, 0x0000000706800000, 0x0000000706a00000|  0%| F|  |TAMS 0x0000000706800000, 0x0000000706800000| Untracked 
|  42|0x0000000706a00000, 0x0000000706a00000, 0x0000000706c00000|  0%| F|  |TAMS 0x0000000706a00000, 0x0000000706a00000| Untracked 
|  43|0x0000000706c00000, 0x0000000706c00000, 0x0000000706e00000|  0%| F|  |TAMS 0x0000000706c00000, 0x0000000706c00000| Untracked 
|  44|0x0000000706e00000, 0x0000000706e00000, 0x0000000707000000|  0%| F|  |TAMS 0x0000000706e00000, 0x0000000706e00000| Untracked 
|  45|0x0000000707000000, 0x0000000707000000, 0x0000000707200000|  0%| F|  |TAMS 0x0000000707000000, 0x0000000707000000| Untracked 
|  46|0x0000000707200000, 0x0000000707200000, 0x0000000707400000|  0%| F|  |TAMS 0x0000000707200000, 0x0000000707200000| Untracked 
|  47|0x0000000707400000, 0x0000000707400000, 0x0000000707600000|  0%| F|  |TAMS 0x0000000707400000, 0x0000000707400000| Untracked 
|  48|0x0000000707600000, 0x0000000707600000, 0x0000000707800000|  0%| F|  |TAMS 0x0000000707600000, 0x0000000707600000| Untracked 
|  49|0x0000000707800000, 0x000000070782a500, 0x0000000707a00000|  8%| S|CS|TAMS 0x0000000707800000, 0x0000000707800000| Complete 
|  50|0x0000000707a00000, 0x0000000707a00000, 0x0000000707c00000|  0%| F|  |TAMS 0x0000000707a00000, 0x0000000707a00000| Untracked 
|  51|0x0000000707c00000, 0x0000000707c00000, 0x0000000707e00000|  0%| F|  |TAMS 0x0000000707c00000, 0x0000000707c00000| Untracked 
|  52|0x0000000707e00000, 0x0000000708000000, 0x0000000708000000|100%| S|CS|TAMS 0x0000000707e00000, 0x0000000707e00000| Complete 
|  53|0x0000000708000000, 0x0000000708200000, 0x0000000708200000|100%| S|CS|TAMS 0x0000000708000000, 0x0000000708000000| Complete 
|  54|0x0000000708200000, 0x0000000708200000, 0x0000000708400000|  0%| F|  |TAMS 0x0000000708200000, 0x0000000708200000| Untracked 
|  55|0x0000000708400000, 0x0000000708400000, 0x0000000708600000|  0%| F|  |TAMS 0x0000000708400000, 0x0000000708400000| Untracked 
|  56|0x0000000708600000, 0x0000000708600000, 0x0000000708800000|  0%| F|  |TAMS 0x0000000708600000, 0x0000000708600000| Untracked 
|  57|0x0000000708800000, 0x0000000708800000, 0x0000000708a00000|  0%| F|  |TAMS 0x0000000708800000, 0x0000000708800000| Untracked 
|  58|0x0000000708a00000, 0x0000000708a00000, 0x0000000708c00000|  0%| F|  |TAMS 0x0000000708a00000, 0x0000000708a00000| Untracked 
|  59|0x0000000708c00000, 0x0000000708c00000, 0x0000000708e00000|  0%| F|  |TAMS 0x0000000708c00000, 0x0000000708c00000| Untracked 
|  60|0x0000000708e00000, 0x0000000708e00000, 0x0000000709000000|  0%| F|  |TAMS 0x0000000708e00000, 0x0000000708e00000| Untracked 
|  61|0x0000000709000000, 0x0000000709000000, 0x0000000709200000|  0%| F|  |TAMS 0x0000000709000000, 0x0000000709000000| Untracked 
|  62|0x0000000709200000, 0x0000000709200000, 0x0000000709400000|  0%| F|  |TAMS 0x0000000709200000, 0x0000000709200000| Untracked 
|  63|0x0000000709400000, 0x0000000709400000, 0x0000000709600000|  0%| F|  |TAMS 0x0000000709400000, 0x0000000709400000| Untracked 
|  64|0x0000000709600000, 0x0000000709600000, 0x0000000709800000|  0%| F|  |TAMS 0x0000000709600000, 0x0000000709600000| Untracked 
|  65|0x0000000709800000, 0x0000000709800000, 0x0000000709a00000|  0%| F|  |TAMS 0x0000000709800000, 0x0000000709800000| Untracked 
|  66|0x0000000709a00000, 0x0000000709a00000, 0x0000000709c00000|  0%| F|  |TAMS 0x0000000709a00000, 0x0000000709a00000| Untracked 
|  67|0x0000000709c00000, 0x0000000709c00000, 0x0000000709e00000|  0%| F|  |TAMS 0x0000000709c00000, 0x0000000709c00000| Untracked 
|  68|0x0000000709e00000, 0x0000000709e00000, 0x000000070a000000|  0%| F|  |TAMS 0x0000000709e00000, 0x0000000709e00000| Untracked 
|  69|0x000000070a000000, 0x000000070a000000, 0x000000070a200000|  0%| F|  |TAMS 0x000000070a000000, 0x000000070a000000| Untracked 
|  70|0x000000070a200000, 0x000000070a200000, 0x000000070a400000|  0%| F|  |TAMS 0x000000070a200000, 0x000000070a200000| Untracked 
|  71|0x000000070a400000, 0x000000070a400000, 0x000000070a600000|  0%| F|  |TAMS 0x000000070a400000, 0x000000070a400000| Untracked 
|  72|0x000000070a600000, 0x000000070a600000, 0x000000070a800000|  0%| F|  |TAMS 0x000000070a600000, 0x000000070a600000| Untracked 
|  73|0x000000070a800000, 0x000000070a800000, 0x000000070aa00000|  0%| F|  |TAMS 0x000000070a800000, 0x000000070a800000| Untracked 
|  74|0x000000070aa00000, 0x000000070aa00000, 0x000000070ac00000|  0%| F|  |TAMS 0x000000070aa00000, 0x000000070aa00000| Untracked 
|  75|0x000000070ac00000, 0x000000070ac00000, 0x000000070ae00000|  0%| F|  |TAMS 0x000000070ac00000, 0x000000070ac00000| Untracked 
|  76|0x000000070ae00000, 0x000000070ae00000, 0x000000070b000000|  0%| F|  |TAMS 0x000000070ae00000, 0x000000070ae00000| Untracked 
|  77|0x000000070b000000, 0x000000070b000000, 0x000000070b200000|  0%| F|  |TAMS 0x000000070b000000, 0x000000070b000000| Untracked 
|  78|0x000000070b200000, 0x000000070b200000, 0x000000070b400000|  0%| F|  |TAMS 0x000000070b200000, 0x000000070b200000| Untracked 
|  79|0x000000070b400000, 0x000000070b400000, 0x000000070b600000|  0%| F|  |TAMS 0x000000070b400000, 0x000000070b400000| Untracked 
|  80|0x000000070b600000, 0x000000070b600000, 0x000000070b800000|  0%| F|  |TAMS 0x000000070b600000, 0x000000070b600000| Untracked 
|  81|0x000000070b800000, 0x000000070b800000, 0x000000070ba00000|  0%| F|  |TAMS 0x000000070b800000, 0x000000070b800000| Untracked 
|  82|0x000000070ba00000, 0x000000070ba00000, 0x000000070bc00000|  0%| F|  |TAMS 0x000000070ba00000, 0x000000070ba00000| Untracked 
|  83|0x000000070bc00000, 0x000000070bc00000, 0x000000070be00000|  0%| F|  |TAMS 0x000000070bc00000, 0x000000070bc00000| Untracked 
|  84|0x000000070be00000, 0x000000070be00000, 0x000000070c000000|  0%| F|  |TAMS 0x000000070be00000, 0x000000070be00000| Untracked 
|  85|0x000000070c000000, 0x000000070c000000, 0x000000070c200000|  0%| F|  |TAMS 0x000000070c000000, 0x000000070c000000| Untracked 
|  86|0x000000070c200000, 0x000000070c200000, 0x000000070c400000|  0%| F|  |TAMS 0x000000070c200000, 0x000000070c200000| Untracked 
|  87|0x000000070c400000, 0x000000070c400000, 0x000000070c600000|  0%| F|  |TAMS 0x000000070c400000, 0x000000070c400000| Untracked 
|  88|0x000000070c600000, 0x000000070c600000, 0x000000070c800000|  0%| F|  |TAMS 0x000000070c600000, 0x000000070c600000| Untracked 
|  89|0x000000070c800000, 0x000000070c800000, 0x000000070ca00000|  0%| F|  |TAMS 0x000000070c800000, 0x000000070c800000| Untracked 
|  90|0x000000070ca00000, 0x000000070ca00000, 0x000000070cc00000|  0%| F|  |TAMS 0x000000070ca00000, 0x000000070ca00000| Untracked 
|  91|0x000000070cc00000, 0x000000070cc00000, 0x000000070ce00000|  0%| F|  |TAMS 0x000000070cc00000, 0x000000070cc00000| Untracked 
|  92|0x000000070ce00000, 0x000000070ce00000, 0x000000070d000000|  0%| F|  |TAMS 0x000000070ce00000, 0x000000070ce00000| Untracked 
|  93|0x000000070d000000, 0x000000070d000000, 0x000000070d200000|  0%| F|  |TAMS 0x000000070d000000, 0x000000070d000000| Untracked 
|  94|0x000000070d200000, 0x000000070d200000, 0x000000070d400000|  0%| F|  |TAMS 0x000000070d200000, 0x000000070d200000| Untracked 
|  95|0x000000070d400000, 0x000000070d400000, 0x000000070d600000|  0%| F|  |TAMS 0x000000070d400000, 0x000000070d400000| Untracked 
|  96|0x000000070d600000, 0x000000070d600000, 0x000000070d800000|  0%| F|  |TAMS 0x000000070d600000, 0x000000070d600000| Untracked 
|  97|0x000000070d800000, 0x000000070d800000, 0x000000070da00000|  0%| F|  |TAMS 0x000000070d800000, 0x000000070d800000| Untracked 
|  98|0x000000070da00000, 0x000000070da00000, 0x000000070dc00000|  0%| F|  |TAMS 0x000000070da00000, 0x000000070da00000| Untracked 
|  99|0x000000070dc00000, 0x000000070dc00000, 0x000000070de00000|  0%| F|  |TAMS 0x000000070dc00000, 0x000000070dc00000| Untracked 
| 100|0x000000070de00000, 0x000000070de00000, 0x000000070e000000|  0%| F|  |TAMS 0x000000070de00000, 0x000000070de00000| Untracked 
| 101|0x000000070e000000, 0x000000070e000000, 0x000000070e200000|  0%| F|  |TAMS 0x000000070e000000, 0x000000070e000000| Untracked 
| 102|0x000000070e200000, 0x000000070e200000, 0x000000070e400000|  0%| F|  |TAMS 0x000000070e200000, 0x000000070e200000| Untracked 
| 103|0x000000070e400000, 0x000000070e400000, 0x000000070e600000|  0%| F|  |TAMS 0x000000070e400000, 0x000000070e400000| Untracked 
| 104|0x000000070e600000, 0x000000070e600000, 0x000000070e800000|  0%| F|  |TAMS 0x000000070e600000, 0x000000070e600000| Untracked 
| 105|0x000000070e800000, 0x000000070e800000, 0x000000070ea00000|  0%| F|  |TAMS 0x000000070e800000, 0x000000070e800000| Untracked 
| 106|0x000000070ea00000, 0x000000070ea00000, 0x000000070ec00000|  0%| F|  |TAMS 0x000000070ea00000, 0x000000070ea00000| Untracked 
| 107|0x000000070ec00000, 0x000000070ec00000, 0x000000070ee00000|  0%| F|  |TAMS 0x000000070ec00000, 0x000000070ec00000| Untracked 
| 108|0x000000070ee00000, 0x000000070ee00000, 0x000000070f000000|  0%| F|  |TAMS 0x000000070ee00000, 0x000000070ee00000| Untracked 
| 109|0x000000070f000000, 0x000000070f000000, 0x000000070f200000|  0%| F|  |TAMS 0x000000070f000000, 0x000000070f000000| Untracked 
| 110|0x000000070f200000, 0x000000070f200000, 0x000000070f400000|  0%| F|  |TAMS 0x000000070f200000, 0x000000070f200000| Untracked 
| 111|0x000000070f400000, 0x000000070f400000, 0x000000070f600000|  0%| F|  |TAMS 0x000000070f400000, 0x000000070f400000| Untracked 
| 112|0x000000070f600000, 0x000000070f600000, 0x000000070f800000|  0%| F|  |TAMS 0x000000070f600000, 0x000000070f600000| Untracked 
| 113|0x000000070f800000, 0x000000070f800000, 0x000000070fa00000|  0%| F|  |TAMS 0x000000070f800000, 0x000000070f800000| Untracked 
| 114|0x000000070fa00000, 0x000000070fa00000, 0x000000070fc00000|  0%| F|  |TAMS 0x000000070fa00000, 0x000000070fa00000| Untracked 
| 115|0x000000070fc00000, 0x000000070fc00000, 0x000000070fe00000|  0%| F|  |TAMS 0x000000070fc00000, 0x000000070fc00000| Untracked 
| 116|0x000000070fe00000, 0x000000070fe00000, 0x0000000710000000|  0%| F|  |TAMS 0x000000070fe00000, 0x000000070fe00000| Untracked 
| 117|0x0000000710000000, 0x0000000710000000, 0x0000000710200000|  0%| F|  |TAMS 0x0000000710000000, 0x0000000710000000| Untracked 
| 118|0x0000000710200000, 0x0000000710200000, 0x0000000710400000|  0%| F|  |TAMS 0x0000000710200000, 0x0000000710200000| Untracked 
| 119|0x0000000710400000, 0x0000000710400000, 0x0000000710600000|  0%| F|  |TAMS 0x0000000710400000, 0x0000000710400000| Untracked 
| 120|0x0000000710600000, 0x0000000710600000, 0x0000000710800000|  0%| F|  |TAMS 0x0000000710600000, 0x0000000710600000| Untracked 
| 121|0x0000000710800000, 0x0000000710800000, 0x0000000710a00000|  0%| F|  |TAMS 0x0000000710800000, 0x0000000710800000| Untracked 
| 122|0x0000000710a00000, 0x0000000710a00000, 0x0000000710c00000|  0%| F|  |TAMS 0x0000000710a00000, 0x0000000710a00000| Untracked 
| 123|0x0000000710c00000, 0x0000000710c00000, 0x0000000710e00000|  0%| F|  |TAMS 0x0000000710c00000, 0x0000000710c00000| Untracked 
| 124|0x0000000710e00000, 0x0000000710e00000, 0x0000000711000000|  0%| F|  |TAMS 0x0000000710e00000, 0x0000000710e00000| Untracked 
| 125|0x0000000711000000, 0x0000000711000000, 0x0000000711200000|  0%| F|  |TAMS 0x0000000711000000, 0x0000000711000000| Untracked 
| 126|0x0000000711200000, 0x0000000711200000, 0x0000000711400000|  0%| F|  |TAMS 0x0000000711200000, 0x0000000711200000| Untracked 
| 127|0x0000000711400000, 0x0000000711400000, 0x0000000711600000|  0%| F|  |TAMS 0x0000000711400000, 0x0000000711400000| Untracked 

Card table byte_map: [0x000001d7a0320000,0x000001d7a0b20000] _byte_map_base: 0x000001d79cb15000

Marking Bits (Prev, Next): (CMBitMap*) 0x000001d7873d9f90, (CMBitMap*) 0x000001d7873d9fd0
 Prev Bits: [0x000001d7a1320000, 0x000001d7a52c8000)
 Next Bits: [0x000001d7a52d0000, 0x000001d7a9278000)

Polling page: 0x000001d7852f0000

Metaspace:

Usage:
  Non-class:      5.49 MB used.
      Class:    865.39 KB used.
       Both:      6.33 MB used.

Virtual space:
  Non-class space:       64.00 MB reserved,       5.62 MB (  9%) committed,  1 nodes.
      Class space:        1.00 GB reserved,     960.00 KB ( <1%) committed,  1 nodes.
             Both:        1.06 GB reserved,       6.56 MB ( <1%) committed. 

Chunk freelists:
   Non-Class:  3.70 MB
       Class:  2.95 MB
        Both:  6.66 MB

MaxMetaspaceSize: unlimited
CompressedClassSpaceSize: 1.00 GB
Initial GC threshold: 21.00 MB
Current GC threshold: 21.00 MB
CDS: on
MetaspaceReclaimPolicy: balanced
 - commit_granule_bytes: 65536.
 - commit_granule_words: 8192.
 - virtual_space_node_default_size: 8388608.
 - enlarge_chunks_in_place: 1.
 - new_chunks_are_fully_committed: 0.
 - uncommit_free_chunks: 1.
 - use_allocation_guard: 0.


Internal statistics:

num_allocs_failed_limit: 0.
num_arena_births: 132.
num_arena_deaths: 0.
num_vsnodes_births: 2.
num_vsnodes_deaths: 0.
num_space_committed: 105.
num_space_uncommitted: 0.
num_chunks_returned_to_freelist: 0.
num_chunks_taken_from_freelist: 360.
num_chunk_merges: 0.
num_chunk_splits: 252.
num_chunks_enlarged: 194.
num_inconsistent_stats: 0.

CodeHeap 'non-profiled nmethods': size=120000Kb used=270Kb max_used=270Kb free=119729Kb
 bounds [0x000001d7980a0000, 0x000001d798310000, 0x000001d79f5d0000]
CodeHeap 'profiled nmethods': size=120000Kb used=1348Kb max_used=1348Kb free=118651Kb
 bounds [0x000001d7905d0000, 0x000001d790840000, 0x000001d797b00000]
CodeHeap 'non-nmethods': size=5760Kb used=1342Kb max_used=1360Kb free=4417Kb
 bounds [0x000001d797b00000, 0x000001d797d70000, 0x000001d7980a0000]
 total_blobs=1395 nmethods=817 adapters=489
 compilation: enabled
              stopped_count=0, restarted_count=0
 full_count=0

Compilation events (20 events):
Event: 0.450 Thread 0x000001d7b013c710 nmethod 807 0x000001d79071bd10 code [0x000001d79071bf00, 0x000001d79071c418]
Event: 0.450 Thread 0x000001d7b04241c0  808       4       jdk.internal.org.objectweb.asm.Symbol::<init> (38 bytes)
Event: 0.451 Thread 0x000001d7b013c710  809       3       jdk.internal.access.SharedSecrets::getJavaLangAccess (4 bytes)
Event: 0.451 Thread 0x000001d7b013c710 nmethod 809 0x000001d79071c610 code [0x000001d79071c7a0, 0x000001d79071c898]
Event: 0.451 Thread 0x000001d7b01388a0  810       4       jdk.internal.org.objectweb.asm.SymbolTable::put (150 bytes)
Event: 0.451 Thread 0x000001d7b013c710  811       3       java.lang.invoke.TypeConvertingMethodAdapter::descriptorToName (36 bytes)
Event: 0.452 Thread 0x000001d7b013c710 nmethod 811 0x000001d79071c910 code [0x000001d79071cb80, 0x000001d79071d768]
Event: 0.452 Thread 0x000001d7b013c710  812       3       java.lang.Class::descriptorString (170 bytes)
Event: 0.453 Thread 0x000001d7b04241c0 nmethod 808 0x000001d7980e2590 code [0x000001d7980e2700, 0x000001d7980e2a78]
Event: 0.453 Thread 0x000001d7b04241c0  815       4       jdk.internal.org.objectweb.asm.ByteVector::putShort (52 bytes)
Event: 0.454 Thread 0x000001d7b013c710 nmethod 812 0x000001d79071dc10 code [0x000001d79071e080, 0x000001d79071fa08]
Event: 0.454 Thread 0x000001d7b013c710  813       3       java.lang.invoke.MethodType::changeReturnType (20 bytes)
Event: 0.454 Thread 0x000001d7b013c710 nmethod 813 0x000001d790720410 code [0x000001d7907205c0, 0x000001d790720788]
Event: 0.454 Thread 0x000001d7b04241c0 nmethod 815 0x000001d7980e2b10 code [0x000001d7980e2ca0, 0x000001d7980e2dd8]
Event: 0.454 Thread 0x000001d7b013c710  814       3       jdk.internal.org.objectweb.asm.MethodWriter::visitCode (1 bytes)
Event: 0.454 Thread 0x000001d7b013c710 nmethod 814 0x000001d790720810 code [0x000001d7907209a0, 0x000001d790720ab8]
Event: 0.455 Thread 0x000001d7b01388a0 nmethod 810 0x000001d7980e3210 code [0x000001d7980e33a0, 0x000001d7980e36f8]
Event: 0.456 Thread 0x000001d7b013c710  817       3       java.lang.String::equals (56 bytes)
Event: 0.456 Thread 0x000001d7b013c710 nmethod 817 0x000001d790720b90 code [0x000001d790720d60, 0x000001d7907211e8]
Event: 0.457 Thread 0x000001d7b013c710  818       3       java.lang.invoke.DirectMethodHandle::preparedLambdaForm (244 bytes)

GC Heap History (11 events):
Event: 0.343 GC heap before
{Heap before GC invocations=0 (full 0):
 garbage-first heap   total 262144K, used 22528K [0x0000000701600000, 0x0000000800000000)
  region size 2048K, 11 young (22528K), 0 survivors (0K)
 Metaspace       used 3923K, committed 4224K, reserved 1114112K
  class space    used 480K, committed 640K, reserved 1048576K
}
Event: 0.346 GC heap after
{Heap after GC invocations=1 (full 0):
 garbage-first heap   total 262144K, used 2697K [0x0000000701600000, 0x0000000800000000)
  region size 2048K, 2 young (4096K), 2 survivors (4096K)
 Metaspace       used 3923K, committed 4224K, reserved 1114112K
  class space    used 480K, committed 640K, reserved 1048576K
}
Event: 0.355 GC heap before
{Heap before GC invocations=1 (full 0):
 garbage-first heap   total 262144K, used 35465K [0x0000000701600000, 0x0000000800000000)
  region size 2048K, 18 young (36864K), 2 survivors (4096K)
 Metaspace       used 4260K, committed 4544K, reserved 1114112K
  class space    used 551K, committed 704K, reserved 1048576K
}
Event: 0.356 GC heap after
{Heap after GC invocations=2 (full 0):
 garbage-first heap   total 262144K, used 2608K [0x0000000701600000, 0x0000000800000000)
  region size 2048K, 2 young (4096K), 2 survivors (4096K)
 Metaspace       used 4260K, committed 4544K, reserved 1114112K
  class space    used 551K, committed 704K, reserved 1048576K
}
Event: 0.405 GC heap before
{Heap before GC invocations=2 (full 0):
 garbage-first heap   total 262144K, used 154160K [0x0000000701600000, 0x0000000800000000)
  region size 2048K, 76 young (155648K), 2 survivors (4096K)
 Metaspace       used 5679K, committed 5888K, reserved 1114112K
  class space    used 740K, committed 832K, reserved 1048576K
}
Event: 0.407 GC heap after
{Heap after GC invocations=3 (full 0):
 garbage-first heap   total 262144K, used 3324K [0x0000000701600000, 0x0000000800000000)
  region size 2048K, 2 young (4096K), 2 survivors (4096K)
 Metaspace       used 5679K, committed 5888K, reserved 1114112K
  class space    used 740K, committed 832K, reserved 1048576K
}
Event: 0.423 GC heap before
{Heap before GC invocations=3 (full 0):
 garbage-first heap   total 262144K, used 154876K [0x0000000701600000, 0x0000000800000000)
  region size 2048K, 76 young (155648K), 2 survivors (4096K)
 Metaspace       used 5982K, committed 6208K, reserved 1114112K
  class space    used 792K, committed 896K, reserved 1048576K
}
Event: 0.424 GC heap after
{Heap after GC invocations=4 (full 0):
 garbage-first heap   total 262144K, used 3457K [0x0000000701600000, 0x0000000800000000)
  region size 2048K, 2 young (4096K), 2 survivors (4096K)
 Metaspace       used 5982K, committed 6208K, reserved 1114112K
  class space    used 792K, committed 896K, reserved 1048576K
}
Event: 0.440 GC heap before
{Heap before GC invocations=4 (full 0):
 garbage-first heap   total 262144K, used 155009K [0x0000000701600000, 0x0000000800000000)
  region size 2048K, 76 young (155648K), 2 survivors (4096K)
 Metaspace       used 6142K, committed 6336K, reserved 1114112K
  class space    used 814K, committed 896K, reserved 1048576K
}
Event: 0.442 GC heap after
{Heap after GC invocations=5 (full 0):
 garbage-first heap   total 262144K, used 4096K [0x0000000701600000, 0x0000000800000000)
  region size 2048K, 2 young (4096K), 2 survivors (4096K)
 Metaspace       used 6142K, committed 6336K, reserved 1114112K
  class space    used 814K, committed 896K, reserved 1048576K
}
Event: 0.457 GC heap before
{Heap before GC invocations=5 (full 0):
 garbage-first heap   total 262144K, used 155648K [0x0000000701600000, 0x0000000800000000)
  region size 2048K, 76 young (155648K), 2 survivors (4096K)
 Metaspace       used 6482K, committed 6720K, reserved 1114112K
  class space    used 865K, committed 960K, reserved 1048576K
}

Dll operation events (20 events):
Event: 0.133 Loaded shared library C:\Program Files\Zulu\zulu-19\bin\api-ms-win-crt-locale-l1-1-0.dll
Event: 0.134 Loaded shared library C:\Program Files\Zulu\zulu-19\bin\api-ms-win-crt-math-l1-1-0.dll
Event: 0.135 Loaded shared library C:\Program Files\Zulu\zulu-19\bin\api-ms-win-crt-multibyte-l1-1-0.dll
Event: 0.136 Loaded shared library C:\Program Files\Zulu\zulu-19\bin\api-ms-win-crt-private-l1-1-0.dll
Event: 0.137 Loaded shared library C:\Program Files\Zulu\zulu-19\bin\api-ms-win-crt-process-l1-1-0.dll
Event: 0.138 Loaded shared library C:\Program Files\Zulu\zulu-19\bin\api-ms-win-crt-runtime-l1-1-0.dll
Event: 0.139 Loaded shared library C:\Program Files\Zulu\zulu-19\bin\api-ms-win-crt-stdio-l1-1-0.dll
Event: 0.139 Loaded shared library C:\Program Files\Zulu\zulu-19\bin\api-ms-win-crt-string-l1-1-0.dll
Event: 0.140 Loaded shared library C:\Program Files\Zulu\zulu-19\bin\api-ms-win-crt-time-l1-1-0.dll
Event: 0.141 Loaded shared library C:\Program Files\Zulu\zulu-19\bin\api-ms-win-crt-utility-l1-1-0.dll
Event: 0.142 Loaded shared library C:\Program Files\Zulu\zulu-19\bin\ucrtbase.dll
Event: 0.143 Loaded shared library C:\Program Files\Zulu\zulu-19\bin\vcruntime140.dll
Event: 0.143 Loaded shared library C:\Program Files\Zulu\zulu-19\bin\vcruntime140_1.dll
Event: 0.144 Loaded shared library C:\Program Files\Zulu\zulu-19\bin\msvcp140.dll
Event: 0.144 Loaded shared library C:\Program Files\Zulu\zulu-19\bin\msvcp140_1.dll
Event: 0.146 Loaded shared library C:\Program Files\Zulu\zulu-19\bin\msvcp140_2.dll
Event: 0.165 Loaded shared library C:\Program Files\Zulu\zulu-19\bin\prism_d3d.dll
Event: 0.205 Loaded shared library C:\Program Files\Zulu\zulu-19\bin\glass.dll
Event: 0.331 Loaded shared library C:\Users\ulise\AppData\Local\Temp\jSerialComm\2.9.3\jSerialComm.dll
Event: 0.389 Loaded shared library C:\Program Files\Zulu\zulu-19\bin\javafx_font.dll

Deoptimization events (20 events):
Event: 0.419 Thread 0x000001d7b0134a20 Uncommon trap: trap_request=0xffffffde fr.pc=0x000001d7980d83fc relative=0x00000000000006bc
Event: 0.419 Thread 0x000001d7b0134a20 Uncommon trap: reason=class_check action=maybe_recompile pc=0x000001d7980d83fc method=java.io.DataInputStream.readShort()S @ 4 c2
Event: 0.419 Thread 0x000001d7b0134a20 DEOPT PACKING pc=0x000001d7980d83fc sp=0x00000022682fd040
Event: 0.419 Thread 0x000001d7b0134a20 DEOPT UNPACKING pc=0x000001d797b66da3 sp=0x00000022682fd000 mode 2
Event: 0.419 Thread 0x000001d7b0134a20 Uncommon trap: trap_request=0xffffffde fr.pc=0x000001d7980d83fc relative=0x00000000000006bc
Event: 0.419 Thread 0x000001d7b0134a20 Uncommon trap: reason=class_check action=maybe_recompile pc=0x000001d7980d83fc method=java.io.DataInputStream.readShort()S @ 4 c2
Event: 0.419 Thread 0x000001d7b0134a20 DEOPT PACKING pc=0x000001d7980d83fc sp=0x00000022682fcef0
Event: 0.419 Thread 0x000001d7b0134a20 DEOPT UNPACKING pc=0x000001d797b66da3 sp=0x00000022682fceb0 mode 2
Event: 0.419 Thread 0x000001d7b0134a20 Uncommon trap: trap_request=0xffffffde fr.pc=0x000001d7980d83fc relative=0x00000000000006bc
Event: 0.419 Thread 0x000001d7b0134a20 Uncommon trap: reason=class_check action=maybe_recompile pc=0x000001d7980d83fc method=java.io.DataInputStream.readShort()S @ 4 c2
Event: 0.419 Thread 0x000001d7b0134a20 DEOPT PACKING pc=0x000001d7980d83fc sp=0x00000022682fce90
Event: 0.419 Thread 0x000001d7b0134a20 DEOPT UNPACKING pc=0x000001d797b66da3 sp=0x00000022682fce50 mode 2
Event: 0.420 Thread 0x000001d7b0134a20 Uncommon trap: trap_request=0xffffffde fr.pc=0x000001d7980d83fc relative=0x00000000000006bc
Event: 0.420 Thread 0x000001d7b0134a20 Uncommon trap: reason=class_check action=maybe_recompile pc=0x000001d7980d83fc method=java.io.DataInputStream.readShort()S @ 4 c2
Event: 0.420 Thread 0x000001d7b0134a20 DEOPT PACKING pc=0x000001d7980d83fc sp=0x00000022682fce90
Event: 0.420 Thread 0x000001d7b0134a20 DEOPT UNPACKING pc=0x000001d797b66da3 sp=0x00000022682fce50 mode 2
Event: 0.453 Thread 0x000001d7b0134a20 Uncommon trap: trap_request=0xffffff45 fr.pc=0x000001d7980cab38 relative=0x0000000000000198
Event: 0.453 Thread 0x000001d7b0134a20 Uncommon trap: reason=unstable_if action=reinterpret pc=0x000001d7980cab38 method=java.lang.String.equals(Ljava/lang/Object;)Z @ 33 c2
Event: 0.453 Thread 0x000001d7b0134a20 DEOPT PACKING pc=0x000001d7980cab38 sp=0x00000022682fe160
Event: 0.453 Thread 0x000001d7b0134a20 DEOPT UNPACKING pc=0x000001d797b66da3 sp=0x00000022682fe100 mode 2

Classes loaded (20 events):
Event: 0.412 Loading class java/util/AbstractList$SubList done
Event: 0.412 Loading class java/util/AbstractList$RandomAccessSubList done
Event: 0.412 Loading class java/util/AbstractList$SubList$1
Event: 0.412 Loading class java/util/AbstractList$SubList$1 done
Event: 0.412 Loading class java/util/AbstractList$ListItr
Event: 0.412 Loading class java/util/AbstractList$ListItr done
Event: 0.436 Loading class java/util/WeakHashMap$Values
Event: 0.436 Loading class java/util/WeakHashMap$Values done
Event: 0.436 Loading class java/util/WeakHashMap$ValueIterator
Event: 0.437 Loading class java/util/WeakHashMap$HashIterator
Event: 0.437 Loading class java/util/WeakHashMap$HashIterator done
Event: 0.437 Loading class java/util/WeakHashMap$ValueIterator done
Event: 0.437 Loading class java/util/WeakHashMap$KeyIterator
Event: 0.437 Loading class java/util/WeakHashMap$KeyIterator done
Event: 0.437 Loading class java/util/EventListener
Event: 0.437 Loading class java/util/EventListener done
Event: 0.443 Loading class java/lang/CloneNotSupportedException
Event: 0.443 Loading class java/lang/CloneNotSupportedException done
Event: 0.448 Loading class sun/invoke/util/VerifyAccess$1
Event: 0.448 Loading class sun/invoke/util/VerifyAccess$1 done

Classes unloaded (0 events):
No events

Classes redefined (0 events):
No events

Internal exceptions (19 events):
Event: 0.066 Thread 0x000001d787368240 Exception <a 'java/lang/NoSuchMethodError'{0x000000071132d2a8}: 'java.lang.Object java.lang.invoke.DirectMethodHandle$Holder.invokeStaticInit(java.lang.Object)'> (0x000000071132d2a8) 
thrown [s\src\hotspot\share\interpreter\linkResolver.cpp, line 774]
Event: 0.070 Thread 0x000001d787368240 Exception <a 'java/lang/NoSuchMethodError'{0x00000007113440e8}: 'void java.lang.invoke.DirectMethodHandle$Holder.invokeStatic(java.lang.Object, java.lang.Object, java.lang.Object, java.lang.Object)'> (0x00000007113440e8) 
thrown [s\src\hotspot\share\interpreter\linkResolver.cpp, line 774]
Event: 0.071 Thread 0x000001d787368240 Exception <a 'java/lang/NoSuchMethodError'{0x0000000711348228}: 'void java.lang.invoke.DirectMethodHandle$Holder.invokeSpecial(java.lang.Object, java.lang.Object, java.lang.Object, java.lang.Object, java.lang.Object)'> (0x0000000711348228) 
thrown [s\src\hotspot\share\interpreter\linkResolver.cpp, line 774]
Event: 0.074 Thread 0x000001d787368240 Exception <a 'java/lang/NoSuchMethodError'{0x0000000711361438}: 'java.lang.Object java.lang.invoke.Invokers$Holder.invokeExact_MT(java.lang.Object, java.lang.Object, java.lang.Object, java.lang.Object, java.lang.Object, java.lang.Object)'> (0x0000000711361438) 
thrown [s\src\hotspot\share\interpreter\linkResolver.cpp, line 774]
Event: 0.075 Thread 0x000001d787368240 Exception <a 'java/lang/NoSuchMethodError'{0x0000000711366eb8}: 'void java.lang.invoke.DirectMethodHandle$Holder.invokeStatic(java.lang.Object, java.lang.Object)'> (0x0000000711366eb8) 
thrown [s\src\hotspot\share\interpreter\linkResolver.cpp, line 774]
Event: 0.155 Thread 0x000001d787368240 Exception <a 'java/lang/NoSuchMethodError'{0x000000071108b3d0}: 'void java.lang.invoke.DirectMethodHandle$Holder.invokeSpecial(java.lang.Object, java.lang.Object, java.lang.Object)'> (0x000000071108b3d0) 
thrown [s\src\hotspot\share\interpreter\linkResolver.cpp, line 774]
Event: 0.161 Thread 0x000001d787368240 Exception <a 'java/lang/NoSuchMethodError'{0x00000007110b6b80}: 'void java.lang.invoke.DirectMethodHandle$Holder.invokeStatic(java.lang.Object, java.lang.Object, java.lang.Object)'> (0x00000007110b6b80) 
thrown [s\src\hotspot\share\interpreter\linkResolver.cpp, line 774]
Event: 0.199 Thread 0x000001d787368240 Exception <a 'java/lang/NoSuchMethodError'{0x00000007110bf2d0}: 'int java.lang.invoke.DirectMethodHandle$Holder.invokeStaticInit(java.lang.Object, java.lang.Object, java.lang.Object)'> (0x00000007110bf2d0) 
thrown [s\src\hotspot\share\interpreter\linkResolver.cpp, line 774]
Event: 0.208 Thread 0x000001d787368240 Exception <a 'java/lang/NoSuchMethodError'{0x000000071115bbb8}: 'java.lang.Object java.lang.invoke.DirectMethodHandle$Holder.newInvokeSpecial(java.lang.Object, java.lang.Object, int, java.lang.Object)'> (0x000000071115bbb8) 
thrown [s\src\hotspot\share\interpreter\linkResolver.cpp, line 774]
Event: 0.208 Thread 0x000001d787368240 Exception <a 'java/lang/NoSuchMethodError'{0x000000071115ffb0}: 'java.lang.Object java.lang.invoke.DirectMethodHandle$Holder.invokeSpecial(java.lang.Object, java.lang.Object, java.lang.Object, int, java.lang.Object)'> (0x000000071115ffb0) 
thrown [s\src\hotspot\share\interpreter\linkResolver.cpp, line 774]
Event: 0.305 Thread 0x000001d7b0134a20 Exception <a 'java/lang/NoSuchMethodError'{0x0000000710e1c828}: 'void java.lang.invoke.DirectMethodHandle$Holder.invokeStaticInit(java.lang.Object)'> (0x0000000710e1c828) 
thrown [s\src\hotspot\share\interpreter\linkResolver.cpp, line 774]
Event: 0.307 Thread 0x000001d787368240 Exception <a 'java/lang/NoSuchMethodError'{0x0000000711174c60}: 'java.lang.Object java.lang.invoke.DirectMethodHandle$Holder.newInvokeSpecial(java.lang.Object, java.lang.Object, java.lang.Object, java.lang.Object, java.lang.Object, java.lang.Object)'> (0x0000000711174c60) 
thrown [s\src\hotspot\share\interpreter\linkResolver.cpp, line 774]
Event: 0.322 Thread 0x000001d787368240 Exception <a 'java/lang/NoSuchMethodError'{0x0000000711190fd0}: 'java.lang.Object java.lang.invoke.DirectMethodHandle$Holder.newInvokeSpecial(java.lang.Object, java.lang.Object, java.lang.Object, java.lang.Object, java.lang.Object)'> (0x0000000711190fd0) 
thrown [s\src\hotspot\share\interpreter\linkResolver.cpp, line 774]
Event: 0.364 Thread 0x000001d7b0134a20 Exception <a 'java/lang/NoSuchMethodError'{0x0000000711416798}: 'java.lang.Object java.lang.invoke.DirectMethodHandle$Holder.invokeStaticInit(java.lang.Object, java.lang.Object, java.lang.Object, java.lang.Object)'> (0x0000000711416798) 
thrown [s\src\hotspot\share\interpreter\linkResolver.cpp, line 774]
Event: 0.365 Thread 0x000001d7b0134a20 Exception <a 'java/lang/NullPointerException'{0x000000071141f350}> (0x000000071141f350) 
thrown [s\src\hotspot\share\interpreter\linkResolver.cpp, line 1374]
Event: 0.373 Thread 0x000001d7b0134a20 Exception <a 'java/lang/ClassNotFoundException'{0x000000070d9b8d90}: com/sun/glass/ui/win/themes> (0x000000070d9b8d90) 
thrown [s\src\hotspot\share\prims\jni.cpp, line 536]
Event: 0.375 Thread 0x000001d7b0134a20 Exception <a 'java/lang/ClassNotFoundException'{0x000000070d9c4c60}: com/sun/glass/ui/win/themes_es> (0x000000070d9c4c60) 
thrown [s\src\hotspot\share\prims\jni.cpp, line 536]
Event: 0.375 Thread 0x000001d7b0134a20 Exception <a 'java/lang/ClassNotFoundException'{0x000000070d9cc740}: com/sun/glass/ui/win/themes_es_CR> (0x000000070d9cc740) 
thrown [s\src\hotspot\share\prims\jni.cpp, line 536]
Event: 0.437 Thread 0x000001d7b0134a20 Exception <a 'java/lang/NoSuchMethodError'{0x000000070a514810}: 'void java.lang.invoke.DirectMethodHandle$Holder.invokeStaticInit(java.lang.Object, java.lang.Object)'> (0x000000070a514810) 
thrown [s\src\hotspot\share\interpreter\linkResolver.cpp, line 774]

VM Operations (15 events):
Event: 0.055 Executing VM operation: HandshakeAllThreads
Event: 0.055 Executing VM operation: HandshakeAllThreads done
Event: 0.316 Executing VM operation: HandshakeAllThreads
Event: 0.316 Executing VM operation: HandshakeAllThreads done
Event: 0.343 Executing VM operation: G1CollectForAllocation
Event: 0.346 Executing VM operation: G1CollectForAllocation done
Event: 0.354 Executing VM operation: G1CollectForAllocation
Event: 0.356 Executing VM operation: G1CollectForAllocation done
Event: 0.405 Executing VM operation: G1CollectForAllocation
Event: 0.407 Executing VM operation: G1CollectForAllocation done
Event: 0.422 Executing VM operation: G1CollectForAllocation
Event: 0.424 Executing VM operation: G1CollectForAllocation done
Event: 0.440 Executing VM operation: G1CollectForAllocation
Event: 0.442 Executing VM operation: G1CollectForAllocation done
Event: 0.457 Executing VM operation: G1CollectForAllocation

Events (20 events):
Event: 0.013 Thread 0x000001d787368240 Thread added: 0x000001d787368240
Event: 0.024 Thread 0x000001d7ab5865b0 Thread added: 0x000001d7ab5865b0
Event: 0.024 Thread 0x000001d7ab587280 Thread added: 0x000001d7ab587280
Event: 0.024 Thread 0x000001d7ab58d2e0 Thread added: 0x000001d7ab58d2e0
Event: 0.024 Thread 0x000001d7ab58dc10 Thread added: 0x000001d7ab58dc10
Event: 0.024 Thread 0x000001d7ab58e6e0 Thread added: 0x000001d7ab58e6e0
Event: 0.024 Thread 0x000001d7b0135f60 Thread added: 0x000001d7b0135f60
Event: 0.024 Thread 0x000001d7b01388a0 Thread added: 0x000001d7b01388a0
Event: 0.024 Thread 0x000001d7b013c710 Thread added: 0x000001d7b013c710
Event: 0.024 Thread 0x000001d7b0133a30 Thread added: 0x000001d7b0133a30
Event: 0.040 Thread 0x000001d7b01334e0 Thread added: 0x000001d7b01334e0
Event: 0.042 Thread 0x000001d7b0133f80 Thread added: 0x000001d7b0133f80
Event: 0.061 Thread 0x000001d7b04241c0 Thread added: 0x000001d7b04241c0
Event: 0.161 Thread 0x000001d7b0136a00 Thread added: 0x000001d7b0136a00
Event: 0.207 Thread 0x000001d7b01344d0 Thread added: 0x000001d7b01344d0
Event: 0.209 Thread 0x000001d7b0134a20 Thread added: 0x000001d7b0134a20
Event: 0.322 Thread 0x000001d7b0135a10 Thread added: 0x000001d7b0135a10
Event: 0.324 Thread 0x000001d7b0ac4460 Thread added: 0x000001d7b0ac4460
Event: 0.337 Thread 0x000001d7b0abe4c0 Thread added: 0x000001d7b0abe4c0
Event: 0.349 Thread 0x000001d7b0ac39c0 Thread added: 0x000001d7b0ac39c0


Dynamic libraries:
0x00007ff782660000 - 0x00007ff78266e000 	C:\Program Files\Zulu\zulu-19\bin\java.exe
0x00007ff9ac6b0000 - 0x00007ff9ac8c4000 	C:\WINDOWS\SYSTEM32\ntdll.dll
0x00007ff9ab010000 - 0x00007ff9ab0d2000 	C:\WINDOWS\System32\KERNEL32.DLL
0x00007ff9a9eb0000 - 0x00007ff9aa253000 	C:\WINDOWS\System32\KERNELBASE.dll
0x00007ff9a9bf0000 - 0x00007ff9a9d01000 	C:\WINDOWS\System32\ucrtbase.dll
0x00007ff9a4b90000 - 0x00007ff9a4ba7000 	C:\Program Files\Zulu\zulu-19\bin\jli.dll
0x00007ff9a1430000 - 0x00007ff9a144b000 	C:\Program Files\Zulu\zulu-19\bin\VCRUNTIME140.dll
0x00007ff9aa970000 - 0x00007ff9aab1b000 	C:\WINDOWS\System32\USER32.dll
0x00007ff9a9d10000 - 0x00007ff9a9d36000 	C:\WINDOWS\System32\win32u.dll
0x00007ff9ab660000 - 0x00007ff9ab689000 	C:\WINDOWS\System32\GDI32.dll
0x00007ff997330000 - 0x00007ff9975be000 	C:\WINDOWS\WinSxS\amd64_microsoft.windows.common-controls_6595b64144ccf1df_6.0.22621.1635_none_270f70857386168e\COMCTL32.dll
0x00007ff9aa390000 - 0x00007ff9aa4a8000 	C:\WINDOWS\System32\gdi32full.dll
0x00007ff9ac420000 - 0x00007ff9ac4c7000 	C:\WINDOWS\System32\msvcrt.dll
0x00007ff9a9ad0000 - 0x00007ff9a9b6a000 	C:\WINDOWS\System32\msvcp_win.dll
0x00007ff9aaeb0000 - 0x00007ff9aaee1000 	C:\WINDOWS\System32\IMM32.DLL
0x00007ff98f440000 - 0x00007ff98f44c000 	C:\Program Files\Zulu\zulu-19\bin\vcruntime140_1.dll
0x00007ff962f20000 - 0x00007ff962fad000 	C:\Program Files\Zulu\zulu-19\bin\msvcp140.dll
0x00007ff931680000 - 0x00007ff932387000 	C:\Program Files\Zulu\zulu-19\bin\server\jvm.dll
0x00007ff9ac2c0000 - 0x00007ff9ac36e000 	C:\WINDOWS\System32\ADVAPI32.dll
0x00007ff9ac370000 - 0x00007ff9ac414000 	C:\WINDOWS\System32\sechost.dll
0x00007ff9ac550000 - 0x00007ff9ac667000 	C:\WINDOWS\System32\RPCRT4.dll
0x00007ff9a13a0000 - 0x00007ff9a13d4000 	C:\WINDOWS\SYSTEM32\WINMM.dll
0x00007ff9a6a90000 - 0x00007ff9a6a99000 	C:\WINDOWS\SYSTEM32\WSOCK32.dll
0x00007ff9a15f0000 - 0x00007ff9a15fa000 	C:\WINDOWS\SYSTEM32\VERSION.dll
0x00007ff9ac4d0000 - 0x00007ff9ac541000 	C:\WINDOWS\System32\WS2_32.dll
0x00007ff9a8a90000 - 0x00007ff9a8aa8000 	C:\WINDOWS\SYSTEM32\kernel.appcore.dll
0x00007ff98f3b0000 - 0x00007ff98f3ba000 	C:\Program Files\Zulu\zulu-19\bin\jimage.dll
0x00007ff9a71e0000 - 0x00007ff9a740e000 	C:\WINDOWS\SYSTEM32\DBGHELP.DLL
0x00007ff9aab20000 - 0x00007ff9aaea9000 	C:\WINDOWS\System32\combase.dll
0x00007ff9aa4b0000 - 0x00007ff9aa587000 	C:\WINDOWS\System32\OLEAUT32.dll
0x00007ff9883f0000 - 0x00007ff988422000 	C:\WINDOWS\SYSTEM32\dbgcore.DLL
0x00007ff9a9b70000 - 0x00007ff9a9beb000 	C:\WINDOWS\System32\bcryptPrimitives.dll
0x00007ff98e140000 - 0x00007ff98e166000 	C:\Program Files\Zulu\zulu-19\bin\java.dll
0x00007ff959f80000 - 0x00007ff95a057000 	C:\Program Files\Zulu\zulu-19\bin\jsvml.dll
0x00007ff9aba40000 - 0x00007ff9ac23a000 	C:\WINDOWS\System32\SHELL32.dll
0x00007ff9a7a80000 - 0x00007ff9a834e000 	C:\WINDOWS\SYSTEM32\windows.storage.dll
0x00007ff9a7940000 - 0x00007ff9a7a7e000 	C:\WINDOWS\SYSTEM32\wintypes.dll
0x00007ff9ab920000 - 0x00007ff9aba11000 	C:\WINDOWS\System32\SHCORE.dll
0x00007ff9aa750000 - 0x00007ff9aa7ae000 	C:\WINDOWS\System32\shlwapi.dll
0x00007ff9a9a00000 - 0x00007ff9a9a21000 	C:\WINDOWS\SYSTEM32\profapi.dll
0x00007ff98f390000 - 0x00007ff98f3a3000 	C:\Program Files\Zulu\zulu-19\bin\net.dll
0x00007ff9a2480000 - 0x00007ff9a25b7000 	C:\WINDOWS\SYSTEM32\WINHTTP.dll
0x00007ff9a8f50000 - 0x00007ff9a8fb9000 	C:\WINDOWS\system32\mswsock.dll
0x00007ff98dfa0000 - 0x00007ff98dfb6000 	C:\Program Files\Zulu\zulu-19\bin\nio.dll
0x00007ff98df10000 - 0x00007ff98df28000 	C:\Program Files\Zulu\zulu-19\bin\zip.dll
0x000001d785330000 - 0x000001d785334000 	C:\Program Files\Zulu\zulu-19\bin\api-ms-win-core-console-l1-1-0.dll
0x000001d785340000 - 0x000001d785344000 	C:\Program Files\Zulu\zulu-19\bin\api-ms-win-core-console-l1-2-0.dll
0x000001d785350000 - 0x000001d785354000 	C:\Program Files\Zulu\zulu-19\bin\api-ms-win-core-datetime-l1-1-0.dll
0x000001d785360000 - 0x000001d785364000 	C:\Program Files\Zulu\zulu-19\bin\api-ms-win-core-debug-l1-1-0.dll
0x000001d785370000 - 0x000001d785374000 	C:\Program Files\Zulu\zulu-19\bin\api-ms-win-core-errorhandling-l1-1-0.dll
0x000001d7872f0000 - 0x000001d7872f5000 	C:\Program Files\Zulu\zulu-19\bin\api-ms-win-core-file-l1-1-0.dll
0x000001d787300000 - 0x000001d787304000 	C:\Program Files\Zulu\zulu-19\bin\api-ms-win-core-file-l1-2-0.dll
0x000001d787310000 - 0x000001d787314000 	C:\Program Files\Zulu\zulu-19\bin\api-ms-win-core-file-l2-1-0.dll
0x000001d787320000 - 0x000001d787324000 	C:\Program Files\Zulu\zulu-19\bin\api-ms-win-core-handle-l1-1-0.dll
0x000001d7abf20000 - 0x000001d7abf24000 	C:\Program Files\Zulu\zulu-19\bin\api-ms-win-core-heap-l1-1-0.dll
0x000001d7abf30000 - 0x000001d7abf34000 	C:\Program Files\Zulu\zulu-19\bin\api-ms-win-core-interlocked-l1-1-0.dll
0x000001d7abf40000 - 0x000001d7abf44000 	C:\Program Files\Zulu\zulu-19\bin\api-ms-win-core-libraryloader-l1-1-0.dll
0x000001d7abf50000 - 0x000001d7abf54000 	C:\Program Files\Zulu\zulu-19\bin\api-ms-win-core-localization-l1-2-0.dll
0x000001d7abf60000 - 0x000001d7abf64000 	C:\Program Files\Zulu\zulu-19\bin\api-ms-win-core-memory-l1-1-0.dll
0x000001d7abf70000 - 0x000001d7abf74000 	C:\Program Files\Zulu\zulu-19\bin\api-ms-win-core-namedpipe-l1-1-0.dll
0x000001d7abf80000 - 0x000001d7abf84000 	C:\Program Files\Zulu\zulu-19\bin\api-ms-win-core-processenvironment-l1-1-0.dll
0x000001d7abf90000 - 0x000001d7abf94000 	C:\Program Files\Zulu\zulu-19\bin\api-ms-win-core-processthreads-l1-1-0.dll
0x000001d7abfa0000 - 0x000001d7abfa4000 	C:\Program Files\Zulu\zulu-19\bin\api-ms-win-core-processthreads-l1-1-1.dll
0x000001d7abfb0000 - 0x000001d7abfb4000 	C:\Program Files\Zulu\zulu-19\bin\api-ms-win-core-profile-l1-1-0.dll
0x000001d7abfc0000 - 0x000001d7abfc4000 	C:\Program Files\Zulu\zulu-19\bin\api-ms-win-core-rtlsupport-l1-1-0.dll
0x000001d7abfd0000 - 0x000001d7abfd4000 	C:\Program Files\Zulu\zulu-19\bin\api-ms-win-core-string-l1-1-0.dll
0x000001d7abfe0000 - 0x000001d7abfe4000 	C:\Program Files\Zulu\zulu-19\bin\api-ms-win-core-synch-l1-1-0.dll
0x000001d7abff0000 - 0x000001d7abff4000 	C:\Program Files\Zulu\zulu-19\bin\api-ms-win-core-synch-l1-2-0.dll
0x000001d7b0530000 - 0x000001d7b0534000 	C:\Program Files\Zulu\zulu-19\bin\api-ms-win-core-sysinfo-l1-1-0.dll
0x000001d7b0540000 - 0x000001d7b0544000 	C:\Program Files\Zulu\zulu-19\bin\api-ms-win-core-timezone-l1-1-0.dll
0x000001d7b0550000 - 0x000001d7b0554000 	C:\Program Files\Zulu\zulu-19\bin\api-ms-win-core-util-l1-1-0.dll
0x000001d7b0560000 - 0x000001d7b0564000 	C:\Program Files\Zulu\zulu-19\bin\api-ms-win-crt-conio-l1-1-0.dll
0x000001d7b0570000 - 0x000001d7b0575000 	C:\Program Files\Zulu\zulu-19\bin\api-ms-win-crt-convert-l1-1-0.dll
0x000001d7b0580000 - 0x000001d7b0584000 	C:\Program Files\Zulu\zulu-19\bin\api-ms-win-crt-environment-l1-1-0.dll
0x000001d7b0590000 - 0x000001d7b0594000 	C:\Program Files\Zulu\zulu-19\bin\api-ms-win-crt-filesystem-l1-1-0.dll
0x000001d7b05a0000 - 0x000001d7b05a4000 	C:\Program Files\Zulu\zulu-19\bin\api-ms-win-crt-heap-l1-1-0.dll
0x000001d7b05b0000 - 0x000001d7b05b4000 	C:\Program Files\Zulu\zulu-19\bin\api-ms-win-crt-locale-l1-1-0.dll
0x000001d7b05c0000 - 0x000001d7b05c6000 	C:\Program Files\Zulu\zulu-19\bin\api-ms-win-crt-math-l1-1-0.dll
0x000001d7b05d0000 - 0x000001d7b05d6000 	C:\Program Files\Zulu\zulu-19\bin\api-ms-win-crt-multibyte-l1-1-0.dll
0x000001d7b05e0000 - 0x000001d7b05f1000 	C:\Program Files\Zulu\zulu-19\bin\api-ms-win-crt-private-l1-1-0.dll
0x000001d7b0600000 - 0x000001d7b0604000 	C:\Program Files\Zulu\zulu-19\bin\api-ms-win-crt-process-l1-1-0.dll
0x000001d7b0610000 - 0x000001d7b0615000 	C:\Program Files\Zulu\zulu-19\bin\api-ms-win-crt-runtime-l1-1-0.dll
0x000001d7b0620000 - 0x000001d7b0625000 	C:\Program Files\Zulu\zulu-19\bin\api-ms-win-crt-stdio-l1-1-0.dll
0x000001d7b0630000 - 0x000001d7b0635000 	C:\Program Files\Zulu\zulu-19\bin\api-ms-win-crt-string-l1-1-0.dll
0x000001d7b0640000 - 0x000001d7b0644000 	C:\Program Files\Zulu\zulu-19\bin\api-ms-win-crt-time-l1-1-0.dll
0x000001d7b0650000 - 0x000001d7b0654000 	C:\Program Files\Zulu\zulu-19\bin\api-ms-win-crt-utility-l1-1-0.dll
0x00007ff958c90000 - 0x00007ff958da0000 	C:\Program Files\Zulu\zulu-19\bin\ucrtbase.dll
0x00007ff98f2e0000 - 0x00007ff98f2e9000 	C:\Program Files\Zulu\zulu-19\bin\msvcp140_1.dll
0x00007ff98dde0000 - 0x00007ff98de0f000 	C:\Program Files\Zulu\zulu-19\bin\msvcp140_2.dll
0x00007ff97fa00000 - 0x00007ff97fa2c000 	C:\Program Files\Zulu\zulu-19\bin\prism_d3d.dll
0x00007ff996da0000 - 0x00007ff996f49000 	C:\WINDOWS\system32\d3d9.dll
0x00007ff9a71a0000 - 0x00007ff9a71cb000 	C:\WINDOWS\SYSTEM32\dwmapi.dll
0x00007ff9a6dc0000 - 0x00007ff9a6df6000 	C:\WINDOWS\SYSTEM32\dxcore.dll
0x00007ff9a6cc0000 - 0x00007ff9a6d6b000 	C:\WINDOWS\system32\uxtheme.dll
0x00007ff999c30000 - 0x00007ff999d47000 	C:\WINDOWS\System32\DriverStore\FileRepository\nvlt.inf_amd64_7947c31fc944635c\nvldumdx.dll
0x00007ff9a9390000 - 0x00007ff9a93a2000 	C:\WINDOWS\SYSTEM32\msasn1.dll
0x00007ff99f9f0000 - 0x00007ff99fa22000 	C:\WINDOWS\SYSTEM32\cryptnet.dll
0x00007ff9a9d40000 - 0x00007ff9a9ea7000 	C:\WINDOWS\System32\CRYPT32.dll
0x00007ff99f800000 - 0x00007ff99f961000 	C:\WINDOWS\SYSTEM32\drvstore.dll
0x00007ff9a9740000 - 0x00007ff9a976c000 	C:\WINDOWS\SYSTEM32\devobj.dll
0x00007ff9a9770000 - 0x00007ff9a97be000 	C:\WINDOWS\SYSTEM32\cfgmgr32.dll
0x00007ff9a92a0000 - 0x00007ff9a92e8000 	C:\WINDOWS\SYSTEM32\wldp.dll
0x00007ff9a91f0000 - 0x00007ff9a91fc000 	C:\WINDOWS\SYSTEM32\cryptbase.dll
0x00007ff9aa260000 - 0x00007ff9aa2cb000 	C:\WINDOWS\System32\WINTRUST.DLL
0x00007ff9aba20000 - 0x00007ff9aba3f000 	C:\WINDOWS\System32\imagehlp.dll
0x00007ff9a91d0000 - 0x00007ff9a91eb000 	C:\WINDOWS\SYSTEM32\CRYPTSP.dll
0x00007ff9a8a50000 - 0x00007ff9a8a85000 	C:\WINDOWS\system32\rsaenh.dll
0x00007ff9a9420000 - 0x00007ff9a9448000 	C:\WINDOWS\SYSTEM32\bcrypt.dll
0x00007ff918140000 - 0x00007ff91994a000 	C:\WINDOWS\System32\DriverStore\FileRepository\nvlt.inf_amd64_7947c31fc944635c\nvd3dumx.dll
0x00007ff9a3a70000 - 0x00007ff9a3ab8000 	C:\WINDOWS\SYSTEM32\directxdatabasehelper.dll
0x00007ff976070000 - 0x00007ff9760b2000 	C:\Program Files\Zulu\zulu-19\bin\glass.dll
0x00007ff9aa590000 - 0x00007ff9aa687000 	C:\WINDOWS\System32\COMDLG32.dll
0x00007ff9ab780000 - 0x00007ff9ab91c000 	C:\WINDOWS\System32\ole32.dll
0x00007ff9aaef0000 - 0x00007ff9ab00e000 	C:\WINDOWS\System32\MSCTF.dll
0x00007ff9656b0000 - 0x00007ff965967000 	C:\WINDOWS\system32\nvspcap64.dll
0x00007ff9a8b00000 - 0x00007ff9a8b34000 	C:\WINDOWS\SYSTEM32\ntmarta.dll
0x00007ff9a8ff0000 - 0x00007ff9a9016000 	C:\WINDOWS\SYSTEM32\gpapi.dll
0x00007ff97ef30000 - 0x00007ff97ef64000 	C:\Users\ulise\AppData\Local\Temp\jSerialComm\2.9.3\jSerialComm.dll
0x00007ff9ab0f0000 - 0x00007ff9ab564000 	C:\WINDOWS\System32\SETUPAPI.dll
0x00007ff988290000 - 0x00007ff9882a4000 	C:\Program Files\Zulu\zulu-19\bin\javafx_font.dll

dbghelp: loaded successfully - version: 4.0.5 - missing functions: none
symbol engine: initialized successfully - sym options: 0x614 - pdb path: .;C:\Program Files\Zulu\zulu-19\bin;C:\WINDOWS\SYSTEM32;C:\WINDOWS\WinSxS\amd64_microsoft.windows.common-controls_6595b64144ccf1df_6.0.22621.1635_none_270f70857386168e;C:\Program Files\Zulu\zulu-19\bin\server;C:\WINDOWS\System32\DriverStore\FileRepository\nvlt.inf_amd64_7947c31fc944635c;C:\Users\ulise\AppData\Local\Temp\jSerialComm\2.9.3

VM Arguments:
jvm_args: -Dfile.encoding=UTF-8 
java_command: MasterApp
java_class_path (initial): C:\Program Files\openjfx-19.0.2.1_windows-x64_bin-sdk\javafx-sdk-19.0.2.1\lib\javafx-swt.jar;C:\Program Files\openjfx-19.0.2.1_windows-x64_bin-sdk\javafx-sdk-19.0.2.1\lib\javafx.base.jar;C:\Program Files\openjfx-19.0.2.1_windows-x64_bin-sdk\javafx-sdk-19.0.2.1\lib\javafx.controls.jar;C:\Program Files\openjfx-19.0.2.1_windows-x64_bin-sdk\javafx-sdk-19.0.2.1\lib\javafx.fxml.jar;C:\Program Files\openjfx-19.0.2.1_windows-x64_bin-sdk\javafx-sdk-19.0.2.1\lib\javafx.graphics.jar;C:\Program Files\openjfx-19.0.2.1_windows-x64_bin-sdk\javafx-sdk-19.0.2.1\lib\javafx.media.jar;C:\Program Files\openjfx-19.0.2.1_windows-x64_bin-sdk\javafx-sdk-19.0.2.1\lib\javafx.swing.jar;C:\Program Files\openjfx-19.0.2.1_windows-x64_bin-sdk\javafx-sdk-19.0.2.1\lib\javafx.web.jar;C:\Users\ulise\Desktop\TEC\Algoritmos y estructura de datos I\Proyecto2\JavaFXApplication8\lib\gson-2.10.1.jar;C:\Users\ulise\Desktop\TEC\Algoritmos y estructura de datos I\Proyecto2\JavaFXApplication8\lib\jackson-core-2.9.9-javadoc.jar;C:\Users\ulise\Downloads\RXTXcomm.jar;C:\Users\ulise\Downloads\jSerialComm-2.9.3.jar;C:\Users\ulise\Desktop\TEC\Algoritmos y estructura de datos I\Proyecto2\JavaFXApplication8\build\classes
Launcher Type: SUN_STANDARD

[Global flags]
     intx CICompilerCount                          = 4                                         {product} {ergonomic}
     uint ConcGCThreads                            = 3                                         {product} {ergonomic}
     uint G1ConcRefinementThreads                  = 10                                        {product} {ergonomic}
   size_t G1HeapRegionSize                         = 2097152                                   {product} {ergonomic}
    uintx GCDrainStackTargetSize                   = 64                                        {product} {ergonomic}
   size_t InitialHeapSize                          = 268435456                                 {product} {ergonomic}
   size_t MarkStackSize                            = 4194304                                   {product} {ergonomic}
   size_t MaxHeapSize                              = 4271898624                                {product} {ergonomic}
   size_t MaxNewSize                               = 2562719744                                {product} {ergonomic}
   size_t MinHeapDeltaBytes                        = 2097152                                   {product} {ergonomic}
   size_t MinHeapSize                              = 8388608                                   {product} {ergonomic}
    uintx NonNMethodCodeHeapSize                   = 5839372                                {pd product} {ergonomic}
    uintx NonProfiledCodeHeapSize                  = 122909434                              {pd product} {ergonomic}
    uintx ProfiledCodeHeapSize                     = 122909434                              {pd product} {ergonomic}
    uintx ReservedCodeCacheSize                    = 251658240                              {pd product} {ergonomic}
     bool SegmentedCodeCache                       = true                                      {product} {ergonomic}
   size_t SoftMaxHeapSize                          = 4271898624                             {manageable} {ergonomic}
     bool UseCompressedClassPointers               = true                           {product lp64_product} {ergonomic}
     bool UseCompressedOops                        = true                           {product lp64_product} {ergonomic}
     bool UseG1GC                                  = true                                      {product} {ergonomic}
     bool UseLargePagesIndividualAllocation        = false                                  {pd product} {ergonomic}

Logging:
Log output configuration:
 #0: stdout all=warning uptime,level,tags foldmultilines=false
 #1: stderr all=off uptime,level,tags foldmultilines=false

Environment Variables:
PATH=C:\Program Files\Zulu\zulu-19\bin\;C:\Program Files\Common Files\Oracle\Java\javapath;C:\Program Files (x86)\Common Files\Oracle\Java\javapath;C:\Windows\system32;C:\Windows;C:\Windows\System32\Wbem;C:\Windows\System32\WindowsPowerShell\v1.0\;C:\Windows\System32\OpenSSH\;C:\Program Files (x86)\NVIDIA Corporation\PhysX\Common;C:\Program Files\NVIDIA Corporation\NVIDIA NvDLISR;C:\WINDOWS\system32;C:\WINDOWS;C:\WINDOWS\System32\Wbem;C:\WINDOWS\System32\WindowsPowerShell\v1.0\;C:\WINDOWS\System32\OpenSSH\;C:\Program Files\nodejs\;C:\Program Files\Git\cmd;C:\Users\ulise\AppData\Local\Microsoft\WindowsApps;C:\Users\ulise\AppData\Local\Programs\Microsoft VS Code\bin;C:\Users\ulise\AppData\Roaming\npm;C:\Users\ulise\AppData\Local\GitHubDesktop\bin;C:\Program Files (x86)\Nmap
USERNAME=ulise
OS=Windows_NT
PROCESSOR_IDENTIFIER=Intel64 Family 6 Model 165 Stepping 2, GenuineIntel
TMP=C:\Users\ulise\AppData\Local\Temp
TEMP=C:\Users\ulise\AppData\Local\Temp



---------------  S Y S T E M  ---------------

OS:
 Windows 11 , 64 bit Build 22621 (10.0.22621.1635)
OS uptime: 2 days 2:58 hours
Hyper-V role detected

CPU: total 12 (initial active 12) (6 cores per cpu, 2 threads per core) family 6 model 165 stepping 2 microcode 0xe2, cx8, cmov, fxsr, ht, mmx, 3dnowpref, sse, sse2, sse3, ssse3, sse4.1, sse4.2, popcnt, lzcnt, tsc, tscinvbit, avx, avx2, aes, erms, clmul, bmi1, bmi2, adx, fma, vzeroupper, clflush, clflushopt, hv, rdtscp

Memory: 4k page, system-wide physical 16291M (5370M free)
TotalPageFile size 16291M (AvailPageFile size 192M)
current process WorkingSet (physical memory assigned to process): 224M, peak: 224M
current process commit charge ("private bytes"): 381M, peak: 637M

vm_info: OpenJDK 64-Bit Server VM (19.0.2+7) for windows-amd64 JRE (19.0.2+7) (Zulu19.32+15-CA), built on Dec 28 2022 19:25:40 by "zulu_re" with MS VC++ 16.10 / 16.11 (VS2019)

END.
