#
# There is insufficient memory for the Java Runtime Environment to continue.
# Native memory allocation (mmap) failed to map 268435456 bytes for G1 virtual space
# Possible reasons:
#   The system is out of physical RAM or swap space
#   The process is running with CompressedOops enabled, and the Java Heap may be blocking the growth of the native heap
# Possible solutions:
#   Reduce memory load on the system
#   Increase physical memory or swap space
#   Check if swap backing store is full
#   Decrease Java heap size (-Xmx/-Xms)
#   Decrease number of Java threads
#   Decrease Java thread stack sizes (-Xss)
#   Set larger code cache with -XX:ReservedCodeCacheSize=
#   JVM is running with Zero Based Compressed Oops mode in which the Java heap is
#     placed in the first 32GB address space. The Java Heap base address is the
#     maximum limit for the native heap growth. Please use -XX:HeapBaseMinAddress
#     to set the Java Heap base and to place the Java Heap above 32GB virtual address.
# This output file may be truncated or incomplete.
#
#  Out of Memory Error (os_windows.cpp:3536), pid=24856, tid=18200
#
# JRE version:  (19.0.2+7) (build )
# Java VM: OpenJDK 64-Bit Server VM (19.0.2+7, mixed mode, sharing, tiered, compressed oops, compressed class ptrs, g1 gc, windows-amd64)
# No core dump will be written. Minidumps are not enabled by default on client versions of Windows
#

---------------  S U M M A R Y ------------

Command Line: -Dfile.encoding=UTF-8 MainApp

Host: Intel(R) Core(TM) i7-10750H CPU @ 2.60GHz, 12 cores, 15G,  Windows 11 , 64 bit Build 22621 (10.0.22621.1485)
Time: Mon May  1 17:39:12 2023 Hora estándar, América Central elapsed time: 0.011364 seconds (0d 0h 0m 0s)

---------------  T H R E A D  ---------------

Current thread (0x00000142e4388cd0):  JavaThread "Unknown thread" [_thread_in_vm, id=18200, stack(0x0000000795b00000,0x0000000795c00000)]

Stack: [0x0000000795b00000,0x0000000795c00000]
Native frames: (J=compiled Java code, j=interpreted, Vv=VM code, C=native code)
V  [jvm.dll+0x6eab2a]
V  [jvm.dll+0x8a4a20]
V  [jvm.dll+0x8a640e]
V  [jvm.dll+0x8a6ac3]
V  [jvm.dll+0x27c1ef]
V  [jvm.dll+0x6e7929]
V  [jvm.dll+0x6dc3da]
V  [jvm.dll+0x3528ab]
V  [jvm.dll+0x35a266]
V  [jvm.dll+0x3b0a2e]
V  [jvm.dll+0x3b0c5f]
V  [jvm.dll+0x327e9a]
V  [jvm.dll+0x328d3e]
V  [jvm.dll+0x86f0d0]
V  [jvm.dll+0x3bde21]
V  [jvm.dll+0x84f971]
V  [jvm.dll+0x445e7f]
V  [jvm.dll+0x447961]
C  [jli.dll+0x526b]
C  [ucrtbase.dll+0x29363]
C  [KERNEL32.DLL+0x1269d]
C  [ntdll.dll+0x5a9f8]


---------------  P R O C E S S  ---------------

Threads class SMR info:
_java_thread_list=0x00007ffea0b665e8, length=0, elements={
}

Java Threads: ( => current thread )

Other Threads:
  0x00000142e43fb5f0 WorkerThread "GC Thread#0" [stack: 0x0000000795c00000,0x0000000795d00000] [id=15004]
  0x00000142e440c6e0 ConcurrentGCThread "G1 Main Marker" [stack: 0x0000000795d00000,0x0000000795e00000] [id=9792]
  0x00000142e440d8b0 WorkerThread "G1 Conc#0" [stack: 0x0000000795e00000,0x0000000795f00000] [id=7296]

[error occurred during error reporting (printing all threads), id 0xc0000005, EXCEPTION_ACCESS_VIOLATION (0xc0000005) at pc=0x00007ffea02d88f7]

VM state: not at safepoint (not fully initialized)

VM Mutex/Monitor currently owned by a thread:  ([mutex/lock_event])
[0x00000142e4386010] Heap_lock - owner thread: 0x00000142e4388cd0

Heap address: 0x00000004d6400000, size: 4074 MB, Compressed Oops mode: Zero based, Oop shift amount: 3

CDS archive(s) mapped at: [0x0000000000000000-0x0000000000000000-0x0000000000000000), size 0, SharedBaseAddress: 0x0000000800000000, ArchiveRelocationMode: 0.
Narrow klass base: 0x0000000000000000, Narrow klass shift: 0, Narrow klass range: 0x0

GC Precious Log:
 CardTable entry size: 512
 Card Set container configuration: InlinePtr #cards 4 size 8 Array Of Cards #cards 16 size 48 Howl #buckets 8 coarsen threshold 3686 Howl Bitmap #cards 512 size 80 coarsen threshold 460 Card regions per heap region 1 cards per card region 4096

Heap:
 garbage-first heap   total 0K, used 0K [0x00000004d6400000, 0x00000005d4e00000)
  region size 2048K, 0 young (0K), 0 survivors (0K)

[error occurred during error reporting (printing heap information), id 0xc0000005, EXCEPTION_ACCESS_VIOLATION (0xc0000005) at pc=0x00007ffea06e35e9]

GC Heap History (0 events):
No events

Dll operation events (1 events):
Event: 0.006 Loaded shared library C:\Program Files\Zulu\zulu-19\bin\java.dll

Deoptimization events (0 events):
No events

Classes loaded (0 events):
No events

Classes unloaded (0 events):
No events

Classes redefined (0 events):
No events

Internal exceptions (0 events):
No events

VM Operations (0 events):
No events

Events (0 events):
No events


Dynamic libraries:
0x00007ff6a6090000 - 0x00007ff6a609e000 	C:\Program Files\Zulu\zulu-19\bin\java.exe
0x00007fff28d50000 - 0x00007fff28f64000 	C:\WINDOWS\SYSTEM32\ntdll.dll
0x00007fff27f20000 - 0x00007fff27fe2000 	C:\WINDOWS\System32\KERNEL32.DLL
0x00007fff26790000 - 0x00007fff26b2c000 	C:\WINDOWS\System32\KERNELBASE.dll
0x00007fff264b0000 - 0x00007fff265c1000 	C:\WINDOWS\System32\ucrtbase.dll
0x00007fff1f770000 - 0x00007fff1f78b000 	C:\Program Files\Zulu\zulu-19\bin\VCRUNTIME140.dll
0x00007fff1e230000 - 0x00007fff1e247000 	C:\Program Files\Zulu\zulu-19\bin\jli.dll
0x00007fff27940000 - 0x00007fff27aeb000 	C:\WINDOWS\System32\USER32.dll
0x00007fff26b30000 - 0x00007fff26b56000 	C:\WINDOWS\System32\win32u.dll
0x00007fff0f190000 - 0x00007fff0f41e000 	C:\WINDOWS\WinSxS\amd64_microsoft.windows.common-controls_6595b64144ccf1df_6.0.22621.608_none_a9444ca7c10bb01d\COMCTL32.dll
0x00007fff27500000 - 0x00007fff275a7000 	C:\WINDOWS\System32\msvcrt.dll
0x00007fff27b00000 - 0x00007fff27b29000 	C:\WINDOWS\System32\GDI32.dll
0x00007fff265d0000 - 0x00007fff266e3000 	C:\WINDOWS\System32\gdi32full.dll
0x00007fff266f0000 - 0x00007fff2678a000 	C:\WINDOWS\System32\msvcp_win.dll
0x00007fff27430000 - 0x00007fff27461000 	C:\WINDOWS\System32\IMM32.DLL
0x00007fff230c0000 - 0x00007fff230cc000 	C:\Program Files\Zulu\zulu-19\bin\vcruntime140_1.dll
0x00007fff0dc80000 - 0x00007fff0dd0d000 	C:\Program Files\Zulu\zulu-19\bin\msvcp140.dll
0x00007ffe9ffa0000 - 0x00007ffea0ca7000 	C:\Program Files\Zulu\zulu-19\bin\server\jvm.dll
0x00007fff27630000 - 0x00007fff276de000 	C:\WINDOWS\System32\ADVAPI32.dll
0x00007fff28b40000 - 0x00007fff28be4000 	C:\WINDOWS\System32\sechost.dll
0x00007fff27800000 - 0x00007fff27917000 	C:\WINDOWS\System32\RPCRT4.dll
0x00007fff1e1a0000 - 0x00007fff1e1d4000 	C:\WINDOWS\SYSTEM32\WINMM.dll
0x00007fff21440000 - 0x00007fff21449000 	C:\WINDOWS\SYSTEM32\WSOCK32.dll
0x00007fff1e610000 - 0x00007fff1e61a000 	C:\WINDOWS\SYSTEM32\VERSION.dll
0x00007fff275b0000 - 0x00007fff27621000 	C:\WINDOWS\System32\WS2_32.dll
0x00007fff251a0000 - 0x00007fff251b8000 	C:\WINDOWS\SYSTEM32\kernel.appcore.dll
0x00007fff1f610000 - 0x00007fff1f61a000 	C:\Program Files\Zulu\zulu-19\bin\jimage.dll
0x00007fff238b0000 - 0x00007fff23ade000 	C:\WINDOWS\SYSTEM32\DBGHELP.DLL
0x00007fff27b90000 - 0x00007fff27f19000 	C:\WINDOWS\System32\combase.dll
0x00007fff26b60000 - 0x00007fff26c37000 	C:\WINDOWS\System32\OLEAUT32.dll
0x00007fff08b90000 - 0x00007fff08bc2000 	C:\WINDOWS\SYSTEM32\dbgcore.DLL
0x00007fff26250000 - 0x00007fff262cb000 	C:\WINDOWS\System32\bcryptPrimitives.dll
0x00007fff0e9d0000 - 0x00007fff0e9f6000 	C:\Program Files\Zulu\zulu-19\bin\java.dll

dbghelp: loaded successfully - version: 4.0.5 - missing functions: none
symbol engine: initialized successfully - sym options: 0x614 - pdb path: .;C:\Program Files\Zulu\zulu-19\bin;C:\WINDOWS\SYSTEM32;C:\WINDOWS\WinSxS\amd64_microsoft.windows.common-controls_6595b64144ccf1df_6.0.22621.608_none_a9444ca7c10bb01d;C:\Program Files\Zulu\zulu-19\bin\server

VM Arguments:
jvm_args: -Dfile.encoding=UTF-8 
java_command: MainApp
java_class_path (initial): C:\Users\ulise\Desktop\TEC\Algoritmos y estructura de datos I\Proyecto2\JavaFXApplication8\build\classes
Launcher Type: SUN_STANDARD

[Global flags]
     intx CICompilerCount                          = 4                                         {product} {ergonomic}
     uint ConcGCThreads                            = 3                                         {product} {ergonomic}
     uint G1ConcRefinementThreads                  = 10                                        {product} {ergonomic}
   size_t G1HeapRegionSize                         = 2097152                                   {product} {ergonomic}
    uintx GCDrainStackTargetSize                   = 64                                        {product} {ergonomic}
   size_t InitialHeapSize                          = 268435456                                 {product} {ergonomic}
   size_t MarkStackSize                            = 4194304                                   {product} {ergonomic}
   size_t MaxHeapSize                              = 4271898624                                {product} {ergonomic}
   size_t MinHeapDeltaBytes                        = 2097152                                   {product} {ergonomic}
   size_t MinHeapSize                              = 8388608                                   {product} {ergonomic}
    uintx NonNMethodCodeHeapSize                   = 5839372                                {pd product} {ergonomic}
    uintx NonProfiledCodeHeapSize                  = 122909434                              {pd product} {ergonomic}
    uintx ProfiledCodeHeapSize                     = 122909434                              {pd product} {ergonomic}
    uintx ReservedCodeCacheSize                    = 251658240                              {pd product} {ergonomic}
     bool SegmentedCodeCache                       = true                                      {product} {ergonomic}
   size_t SoftMaxHeapSize                          = 4271898624                             {manageable} {ergonomic}
     bool UseCompressedClassPointers               = true                           {product lp64_product} {ergonomic}
     bool UseCompressedOops                        = true                           {product lp64_product} {ergonomic}
     bool UseG1GC                                  = true                                      {product} {ergonomic}
     bool UseLargePagesIndividualAllocation        = false                                  {pd product} {ergonomic}

Logging:
Log output configuration:
 #0: stdout all=warning uptime,level,tags foldmultilines=false
 #1: stderr all=off uptime,level,tags foldmultilines=false

Environment Variables:
PATH=C:\Program Files\Zulu\zulu-19\bin\;C:\Program Files\Common Files\Oracle\Java\javapath;C:\Program Files (x86)\Common Files\Oracle\Java\javapath;C:\Windows\system32;C:\Windows;C:\Windows\System32\Wbem;C:\Windows\System32\WindowsPowerShell\v1.0\;C:\Windows\System32\OpenSSH\;C:\Program Files (x86)\NVIDIA Corporation\PhysX\Common;C:\Program Files\NVIDIA Corporation\NVIDIA NvDLISR;C:\WINDOWS\system32;C:\WINDOWS;C:\WINDOWS\System32\Wbem;C:\WINDOWS\System32\WindowsPowerShell\v1.0\;C:\WINDOWS\System32\OpenSSH\;C:\Program Files\nodejs\;C:\Program Files\Git\cmd;C:\Users\ulise\AppData\Local\Microsoft\WindowsApps;C:\Users\ulise\AppData\Local\Programs\Microsoft VS Code\bin;C:\Users\ulise\AppData\Roaming\npm;C:\Users\ulise\AppData\Local\GitHubDesktop\bin;C:\Program Files (x86)\Nmap
USERNAME=ulise
OS=Windows_NT
PROCESSOR_IDENTIFIER=Intel64 Family 6 Model 165 Stepping 2, GenuineIntel
TMP=C:\Users\ulise\AppData\Local\Temp
TEMP=C:\Users\ulise\AppData\Local\Temp



---------------  S Y S T E M  ---------------

OS:
 Windows 11 , 64 bit Build 22621 (10.0.22621.1485)
OS uptime: 1 days 4:52 hours
Hyper-V role detected

CPU: total 12 (initial active 12) (6 cores per cpu, 2 threads per core) family 6 model 165 stepping 2 microcode 0xe2, cx8, cmov, fxsr, ht, mmx, 3dnowpref, sse, sse2, sse3, ssse3, sse4.1, sse4.2, popcnt, lzcnt, tsc, tscinvbit, avx, avx2, aes, erms, clmul, bmi1, bmi2, adx, fma, vzeroupper, clflush, clflushopt, hv, rdtscp

Memory: 4k page, system-wide physical 16291M (6690M free)
TotalPageFile size 16291M (AvailPageFile size 140M)
current process WorkingSet (physical memory assigned to process): 11M, peak: 11M
current process commit charge ("private bytes"): 64M, peak: 320M

vm_info: OpenJDK 64-Bit Server VM (19.0.2+7) for windows-amd64 JRE (19.0.2+7) (Zulu19.32+15-CA), built on Dec 28 2022 19:25:40 by "zulu_re" with MS VC++ 16.10 / 16.11 (VS2019)

END.
