#
# There is insufficient memory for the Java Runtime Environment to continue.
# Native memory allocation (mmap) failed to map 50331648 bytes for G1 virtual space
# Possible reasons:
#   The system is out of physical RAM or swap space
#   The process is running with CompressedOops enabled, and the Java Heap may be blocking the growth of the native heap
# Possible solutions:
#   Reduce memory load on the system
#   Increase physical memory or swap space
#   Check if swap backing store is full
#   Decrease Java heap size (-Xmx/-Xms)
#   Decrease number of Java threads
#   Decrease Java thread stack sizes (-Xss)
#   Set larger code cache with -XX:ReservedCodeCacheSize=
#   JVM is running with Zero Based Compressed Oops mode in which the Java heap is
#     placed in the first 32GB address space. The Java Heap base address is the
#     maximum limit for the native heap growth. Please use -XX:HeapBaseMinAddress
#     to set the Java Heap base and to place the Java Heap above 32GB virtual address.
# This output file may be truncated or incomplete.
#
#  Out of Memory Error (os_windows.cpp:3536), pid=7684, tid=1600
#
# JRE version: OpenJDK Runtime Environment Zulu19.32+15-CA (19.0.2+7) (build 19.0.2+7)
# Java VM: OpenJDK 64-Bit Server VM Zulu19.32+15-CA (19.0.2+7, mixed mode, sharing, tiered, compressed oops, compressed class ptrs, g1 gc, windows-amd64)
# No core dump will be written. Minidumps are not enabled by default on client versions of Windows
#

---------------  S U M M A R Y ------------

Command Line: -Dapplication.home=C:\Program Files\Zulu\zulu-19 --add-modules=ALL-DEFAULT -Xms8m -Djdk.module.main=jdk.compiler jdk.compiler/com.sun.tools.javac.Main @C:\Users\ulise\AppData\Local\Temp\files8264763937591279340

Host: Intel(R) Core(TM) i7-10750H CPU @ 2.60GHz, 12 cores, 15G,  Windows 11 , 64 bit Build 22621 (10.0.22621.1635)
Time: Tue May 16 18:45:56 2023 Hora estándar, América Central elapsed time: 1.233584 seconds (0d 0h 0m 1s)

---------------  T H R E A D  ---------------

Current thread (0x0000023e915767b0):  VMThread "VM Thread" [stack: 0x000000d604e00000,0x000000d604f00000] [id=1600]

Stack: [0x000000d604e00000,0x000000d604f00000]
Native frames: (J=compiled Java code, j=interpreted, Vv=VM code, C=native code)
V  [jvm.dll+0x6eab2a]
V  [jvm.dll+0x8a4a20]
V  [jvm.dll+0x8a640e]
V  [jvm.dll+0x8a6ac3]
V  [jvm.dll+0x27c1ef]
V  [jvm.dll+0x6e7929]
V  [jvm.dll+0x6dc3da]
V  [jvm.dll+0x3528ab]
V  [jvm.dll+0x35a266]
V  [jvm.dll+0x3b0a2e]
V  [jvm.dll+0x3b0c5f]
V  [jvm.dll+0x327e9a]
V  [jvm.dll+0x327f47]
V  [jvm.dll+0x370442]
V  [jvm.dll+0x36e8e4]
V  [jvm.dll+0x327660]
V  [jvm.dll+0x36de7b]
V  [jvm.dll+0x8abc13]
V  [jvm.dll+0x8ac9d9]
V  [jvm.dll+0x8acf0d]
V  [jvm.dll+0x8ad39b]
V  [jvm.dll+0x8ad457]
V  [jvm.dll+0x84ec7a]
V  [jvm.dll+0x6e981b]
C  [ucrtbase.dll+0x29363]
C  [KERNEL32.DLL+0x126ad]
C  [ntdll.dll+0x5a9f8]

VM_Operation (0x000000d6048fb9c0): G1CollectForAllocation, mode: safepoint, requested by thread 0x0000023eeaa16e60


---------------  P R O C E S S  ---------------

Threads class SMR info:
_java_thread_list=0x0000023e960ba7a0, length=14, elements={
0x0000023eeaa16e60, 0x0000023e9158ccc0, 0x0000023e9158d990, 0x0000023e91592680,
0x0000023e915955c0, 0x0000023e9159a510, 0x0000023e9159b180, 0x0000023e9159bf80,
0x0000023e915b1ab0, 0x0000023e9159e640, 0x0000023e9163e610, 0x0000023e958b7600,
0x0000023e9592a990, 0x0000023e961f0570
}

Java Threads: ( => current thread )
  0x0000023eeaa16e60 JavaThread "main" [_thread_blocked, id=22428, stack(0x000000d604800000,0x000000d604900000)]
  0x0000023e9158ccc0 JavaThread "Reference Handler" daemon [_thread_blocked, id=13232, stack(0x000000d604f00000,0x000000d605000000)]
  0x0000023e9158d990 JavaThread "Finalizer" daemon [_thread_blocked, id=1696, stack(0x000000d605000000,0x000000d605100000)]
  0x0000023e91592680 JavaThread "Signal Dispatcher" daemon [_thread_blocked, id=23772, stack(0x000000d605100000,0x000000d605200000)]
  0x0000023e915955c0 JavaThread "Attach Listener" daemon [_thread_blocked, id=18956, stack(0x000000d605200000,0x000000d605300000)]
  0x0000023e9159a510 JavaThread "Service Thread" daemon [_thread_blocked, id=10960, stack(0x000000d605300000,0x000000d605400000)]
  0x0000023e9159b180 JavaThread "Monitor Deflation Thread" daemon [_thread_blocked, id=11960, stack(0x000000d605400000,0x000000d605500000)]
  0x0000023e9159bf80 JavaThread "C2 CompilerThread0" daemon [_thread_blocked, id=23604, stack(0x000000d605500000,0x000000d605600000)]
  0x0000023e915b1ab0 JavaThread "C1 CompilerThread0" daemon [_thread_blocked, id=21612, stack(0x000000d605600000,0x000000d605700000)]
  0x0000023e9159e640 JavaThread "Sweeper thread" daemon [_thread_blocked, id=16720, stack(0x000000d605700000,0x000000d605800000)]
  0x0000023e9163e610 JavaThread "Common-Cleaner" daemon [_thread_blocked, id=18524, stack(0x000000d605800000,0x000000d605900000)]
  0x0000023e958b7600 JavaThread "C2 CompilerThread1" daemon [_thread_blocked, id=24660, stack(0x000000d605900000,0x000000d605a00000)]
  0x0000023e9592a990 JavaThread "Notification Thread" daemon [_thread_blocked, id=19056, stack(0x000000d605a00000,0x000000d605b00000)]
  0x0000023e961f0570 JavaThread "C2 CompilerThread2" daemon [_thread_blocked, id=16076, stack(0x000000d606100000,0x000000d606200000)]

Other Threads:
=>0x0000023e915767b0 VMThread "VM Thread" [stack: 0x000000d604e00000,0x000000d604f00000] [id=1600]
  0x0000023e95954410 WatcherThread "VM Periodic Task Thread" [stack: 0x000000d605b00000,0x000000d605c00000] [id=21648]
  0x0000023eeaa89720 WorkerThread "GC Thread#0" [stack: 0x000000d604900000,0x000000d604a00000] [id=4192]
  0x0000023e95a1a840 WorkerThread "GC Thread#1" [stack: 0x000000d605c00000,0x000000d605d00000] [id=14472]
  0x0000023e95a2a1b0 WorkerThread "GC Thread#2" [stack: 0x000000d605d00000,0x000000d605e00000] [id=11772]
  0x0000023e95a2c890 WorkerThread "GC Thread#3" [stack: 0x000000d605e00000,0x000000d605f00000] [id=17192]
  0x0000023e95d29880 WorkerThread "GC Thread#4" [stack: 0x000000d605f00000,0x000000d606000000] [id=14764]
  0x0000023e95d2aef0 WorkerThread "GC Thread#5" [stack: 0x000000d606000000,0x000000d606100000] [id=20016]
  0x0000023e95d2bfd0 WorkerThread "GC Thread#6" [stack: 0x000000d606200000,0x000000d606300000] [id=18204]
  0x0000023e95d2b760 WorkerThread "GC Thread#7" [stack: 0x000000d606300000,0x000000d606400000] [id=5032]
  0x0000023e9778a470 WorkerThread "GC Thread#8" [stack: 0x000000d606400000,0x000000d606500000] [id=7412]
  0x0000023eeaa9b820 ConcurrentGCThread "G1 Main Marker" [stack: 0x000000d604a00000,0x000000d604b00000] [id=23584]
  0x0000023eeaa9c9f0 WorkerThread "G1 Conc#0" [stack: 0x000000d604b00000,0x000000d604c00000] [id=18588]
  0x0000023eeaacdaa0 ConcurrentGCThread "G1 Refine#0" [stack: 0x000000d604c00000,0x000000d604d00000] [id=25288]
  0x0000023eeaacf490 ConcurrentGCThread "G1 Service" [stack: 0x000000d604d00000,0x000000d604e00000] [id=24580]

Threads with active compile tasks:
C2 CompilerThread0     1242 3389       4       com.sun.tools.javac.code.Types::union (134 bytes)
C1 CompilerThread0     1242 3576       3       com.sun.tools.javac.comp.DeferredAttr$DeferredType::<init> (54 bytes)
C2 CompilerThread1     1242 3526       4       com.sun.tools.javac.comp.Check::checkType (168 bytes)
C2 CompilerThread2     1242 3528       4       com.sun.tools.javac.comp.Attr$ResultInfo::check (21 bytes)

VM state: at safepoint (normal execution)

VM Mutex/Monitor currently owned by a thread:  ([mutex/lock_event])
[0x0000023eeaa140f0] Threads_lock - owner thread: 0x0000023e915767b0
[0x0000023eeaa12a70] Heap_lock - owner thread: 0x0000023eeaa16e60

Heap address: 0x0000000701600000, size: 4074 MB, Compressed Oops mode: Zero based, Oop shift amount: 3

CDS archive(s) mapped at: [0x0000000800000000-0x0000000800c40000-0x0000000800c40000), size 12845056, SharedBaseAddress: 0x0000000800000000, ArchiveRelocationMode: 0.
Compressed class space mapped at: 0x0000000801000000-0x0000000841000000, reserved size: 1073741824
Narrow klass base: 0x0000000800000000, Narrow klass shift: 0, Narrow klass range: 0x100000000

GC Precious Log:
 CardTable entry size: 512
 Card Set container configuration: InlinePtr #cards 4 size 8 Array Of Cards #cards 16 size 48 Howl #buckets 8 coarsen threshold 3686 Howl Bitmap #cards 512 size 80 coarsen threshold 460 Card regions per heap region 1 cards per card region 4096
 CPUs: 12 total, 12 available
 Memory: 16291M
 Large Page Support: Disabled
 NUMA Support: Disabled
 Compressed Oops: Enabled (Zero based)
 Heap Region Size: 2M
 Heap Min Capacity: 8M
 Heap Initial Capacity: 8M
 Heap Max Capacity: 4074M
 Pre-touch: Disabled
 Parallel Workers: 10
 Concurrent Workers: 3
 Concurrent Refinement Workers: 10
 Periodic GC: Disabled

Heap:
 garbage-first heap   total 49152K, used 20505K [0x0000000701600000, 0x0000000800000000)
  region size 2048K, 1 young (2048K), 1 survivors (2048K)
 Metaspace       used 12449K, committed 12800K, reserved 1114112K
  class space    used 1298K, committed 1472K, reserved 1048576K

Heap Regions: E=young(eden), S=young(survivor), O=old, HS=humongous(starts), HC=humongous(continues), CS=collection set, F=free, OA=open archive, CA=closed archive, TAMS=top-at-mark-start (previous, next)
|   0|0x0000000701600000, 0x0000000701800000, 0x0000000701800000|100%| O|  |TAMS 0x0000000701600000, 0x0000000701600000| Untracked 
|   1|0x0000000701800000, 0x0000000701a00000, 0x0000000701a00000|100%| O|  |TAMS 0x0000000701800000, 0x0000000701800000| Untracked 
|   2|0x0000000701a00000, 0x0000000701c00000, 0x0000000701c00000|100%| O|  |TAMS 0x0000000701a00000, 0x0000000701a00000| Untracked 
|   3|0x0000000701c00000, 0x0000000701e00000, 0x0000000701e00000|100%| O|  |TAMS 0x0000000701c00000, 0x0000000701c00000| Untracked 
|   4|0x0000000701e00000, 0x0000000702000000, 0x0000000702000000|100%| O|  |TAMS 0x0000000701e00000, 0x0000000701e00000| Untracked 
|   5|0x0000000702000000, 0x0000000702200000, 0x0000000702200000|100%| O|  |TAMS 0x0000000702000000, 0x0000000702000000| Untracked 
|   6|0x0000000702200000, 0x0000000702400000, 0x0000000702400000|100%|HS|  |TAMS 0x0000000702200000, 0x0000000702200000| Complete 
|   7|0x0000000702400000, 0x0000000702600000, 0x0000000702600000|100%| O|  |TAMS 0x0000000702400000, 0x0000000702400000| Untracked 
|   8|0x0000000702600000, 0x000000070275f600, 0x0000000702800000| 68%| O|  |TAMS 0x0000000702600000, 0x0000000702600000| Untracked 
|   9|0x0000000702800000, 0x0000000702800000, 0x0000000702a00000|  0%| F|  |TAMS 0x0000000702800000, 0x0000000702800000| Untracked 
|  10|0x0000000702a00000, 0x0000000702a00000, 0x0000000702c00000|  0%| F|  |TAMS 0x0000000702a00000, 0x0000000702a00000| Untracked 
|  11|0x0000000702c00000, 0x0000000702c00000, 0x0000000702e00000|  0%| F|  |TAMS 0x0000000702c00000, 0x0000000702c00000| Untracked 
|  12|0x0000000702e00000, 0x0000000702e00000, 0x0000000703000000|  0%| F|  |TAMS 0x0000000702e00000, 0x0000000702e00000| Untracked 
|  13|0x0000000703000000, 0x0000000703000000, 0x0000000703200000|  0%| F|  |TAMS 0x0000000703000000, 0x0000000703000000| Untracked 
|  14|0x0000000703200000, 0x0000000703200000, 0x0000000703400000|  0%| F|  |TAMS 0x0000000703200000, 0x0000000703200000| Untracked 
|  15|0x0000000703400000, 0x00000007034a70e0, 0x0000000703600000| 32%| S|CS|TAMS 0x0000000703400000, 0x0000000703400000| Complete 
|  16|0x0000000703600000, 0x0000000703600000, 0x0000000703800000|  0%| F|  |TAMS 0x0000000703600000, 0x0000000703600000| Untracked 
|  17|0x0000000703800000, 0x0000000703800000, 0x0000000703a00000|  0%| F|  |TAMS 0x0000000703800000, 0x0000000703800000| Untracked 
|  18|0x0000000703a00000, 0x0000000703a00000, 0x0000000703c00000|  0%| F|  |TAMS 0x0000000703a00000, 0x0000000703a00000| Untracked 
|  19|0x0000000703c00000, 0x0000000703c00000, 0x0000000703e00000|  0%| F|  |TAMS 0x0000000703c00000, 0x0000000703c00000| Untracked 
|  20|0x0000000703e00000, 0x0000000703e00000, 0x0000000704000000|  0%| F|  |TAMS 0x0000000703e00000, 0x0000000703e00000| Untracked 
|  21|0x0000000704000000, 0x0000000704000000, 0x0000000704200000|  0%| F|  |TAMS 0x0000000704000000, 0x0000000704000000| Untracked 
|  22|0x0000000704200000, 0x0000000704200000, 0x0000000704400000|  0%| F|  |TAMS 0x0000000704200000, 0x0000000704200000| Untracked 
|2036|0x00000007ffe00000, 0x0000000800000000, 0x0000000800000000|100%| O|  |TAMS 0x00000007ffe00000, 0x00000007ffe00000| Untracked 

Card table byte_map: [0x0000023ef68e0000,0x0000023ef70e0000] _byte_map_base: 0x0000023ef30d5000

Marking Bits (Prev, Next): (CMBitMap*) 0x0000023eeaa8ad60, (CMBitMap*) 0x0000023eeaa8ada0
 Prev Bits: [0x0000023ef78e0000, 0x0000023efb888000)
 Next Bits: [0x0000023efb890000, 0x0000023eff838000)

Polling page: 0x0000023ef5430000

Metaspace:

Usage:
  Non-class:     10.89 MB used.
      Class:      1.27 MB used.
       Both:     12.16 MB used.

Virtual space:
  Non-class space:       64.00 MB reserved,      11.06 MB ( 17%) committed,  1 nodes.
      Class space:        1.00 GB reserved,       1.44 MB ( <1%) committed,  1 nodes.
             Both:        1.06 GB reserved,      12.50 MB (  1%) committed. 

Chunk freelists:
   Non-Class:  3.42 MB
       Class:  2.62 MB
        Both:  6.04 MB

MaxMetaspaceSize: unlimited
CompressedClassSpaceSize: 1.00 GB
Initial GC threshold: 21.00 MB
Current GC threshold: 21.00 MB
CDS: on
MetaspaceReclaimPolicy: balanced
 - commit_granule_bytes: 65536.
 - commit_granule_words: 8192.
 - virtual_space_node_default_size: 8388608.
 - enlarge_chunks_in_place: 1.
 - new_chunks_are_fully_committed: 0.
 - uncommit_free_chunks: 1.
 - use_allocation_guard: 0.


Internal statistics:

num_allocs_failed_limit: 0.
num_arena_births: 204.
num_arena_deaths: 0.
num_vsnodes_births: 2.
num_vsnodes_deaths: 0.
num_space_committed: 200.
num_space_uncommitted: 0.
num_chunks_returned_to_freelist: 0.
num_chunks_taken_from_freelist: 608.
num_chunk_merges: 0.
num_chunk_splits: 436.
num_chunks_enlarged: 348.
num_inconsistent_stats: 0.

CodeHeap 'non-profiled nmethods': size=120000Kb used=1512Kb max_used=1512Kb free=118487Kb
 bounds [0x0000023e87ad0000, 0x0000023e87d40000, 0x0000023e8f000000]
CodeHeap 'profiled nmethods': size=120000Kb used=7909Kb max_used=7909Kb free=112090Kb
 bounds [0x0000023e80000000, 0x0000023e807c0000, 0x0000023e87530000]
CodeHeap 'non-nmethods': size=5760Kb used=1254Kb max_used=1352Kb free=4505Kb
 bounds [0x0000023e87530000, 0x0000023e877a0000, 0x0000023e87ad0000]
 total_blobs=4020 nmethods=3561 adapters=369
 compilation: enabled
              stopped_count=0, restarted_count=0
 full_count=0

Compilation events (20 events):
Event: 1.223 Thread 0x0000023e915b1ab0 nmethod 3562 0x0000023e807b3510 code [0x0000023e807b36c0, 0x0000023e807b3828]
Event: 1.225 Thread 0x0000023e915b1ab0 3567       3       com.sun.tools.javac.util.List::of (13 bytes)
Event: 1.225 Thread 0x0000023e915b1ab0 nmethod 3567 0x0000023e807b3910 code [0x0000023e807b3b00, 0x0000023e807b4138]
Event: 1.225 Thread 0x0000023e915b1ab0 3568       3       java.util.EnumSet::complementOf (11 bytes)
Event: 1.225 Thread 0x0000023e915b1ab0 nmethod 3568 0x0000023e807b4310 code [0x0000023e807b44e0, 0x0000023e807b47b8]
Event: 1.225 Thread 0x0000023e915b1ab0 3569       3       java.util.EnumSet::copyOf (5 bytes)
Event: 1.225 Thread 0x0000023e915b1ab0 nmethod 3569 0x0000023e807b4910 code [0x0000023e807b4ac0, 0x0000023e807b4c68]
Event: 1.226 Thread 0x0000023e915b1ab0 3571       3       com.sun.tools.javac.comp.Check::checkImplementations (198 bytes)
Event: 1.227 Thread 0x0000023e915b1ab0 nmethod 3571 0x0000023e807b4d10 code [0x0000023e807b5000, 0x0000023e807b6278]
Event: 1.227 Thread 0x0000023e915b1ab0 3573       3       com.sun.tools.javac.comp.Check::unhandled (56 bytes)
Event: 1.227 Thread 0x0000023e915b1ab0 nmethod 3573 0x0000023e807b6910 code [0x0000023e807b6b40, 0x0000023e807b7618]
Event: 1.227 Thread 0x0000023e915b1ab0 3572       3       com.sun.tools.javac.comp.Check::protection (48 bytes)
Event: 1.227 Thread 0x0000023e915b1ab0 nmethod 3572 0x0000023e807b7910 code [0x0000023e807b7ac0, 0x0000023e807b7cf8]
Event: 1.227 Thread 0x0000023e915b1ab0 3574       3       java.util.JumboEnumSet::contains (64 bytes)
Event: 1.227 Thread 0x0000023e915b1ab0 nmethod 3574 0x0000023e807b7d90 code [0x0000023e807b7f60, 0x0000023e807b83c8]
Event: 1.228 Thread 0x0000023e915b1ab0 3575   !   3       com.sun.tools.javac.comp.Flow$AliveAnalyzer::visitVarDef (67 bytes)
Event: 1.228 Thread 0x0000023e915b1ab0 nmethod 3575 0x0000023e807b8590 code [0x0000023e807b8780, 0x0000023e807b8e18]
Event: 1.228 Thread 0x0000023e915b1ab0 3578       3       com.sun.tools.javac.comp.DeferredAttr$FilterScanner$$Lambda$192/0x0000000801123bc8::test (12 bytes)
Event: 1.228 Thread 0x0000023e915b1ab0 nmethod 3578 0x0000023e807b9090 code [0x0000023e807b9260, 0x0000023e807b9658]
Event: 1.228 Thread 0x0000023e915b1ab0 3576       3       com.sun.tools.javac.comp.DeferredAttr$DeferredType::<init> (54 bytes)

GC Heap History (20 events):
Event: 0.417 GC heap after
{Heap after GC invocations=7 (full 0):
 garbage-first heap   total 14336K, used 5088K [0x0000000701600000, 0x0000000800000000)
  region size 2048K, 1 young (2048K), 1 survivors (2048K)
 Metaspace       used 8547K, committed 8704K, reserved 1114112K
  class space    used 927K, committed 1024K, reserved 1048576K
}
Event: 0.454 GC heap before
{Heap before GC invocations=7 (full 0):
 garbage-first heap   total 14336K, used 7136K [0x0000000701600000, 0x0000000800000000)
  region size 2048K, 2 young (4096K), 1 survivors (2048K)
 Metaspace       used 8910K, committed 9024K, reserved 1114112K
  class space    used 965K, committed 1024K, reserved 1048576K
}
Event: 0.456 GC heap after
{Heap after GC invocations=8 (full 0):
 garbage-first heap   total 14336K, used 6162K [0x0000000701600000, 0x0000000800000000)
  region size 2048K, 1 young (2048K), 1 survivors (2048K)
 Metaspace       used 8910K, committed 9024K, reserved 1114112K
  class space    used 965K, committed 1024K, reserved 1048576K
}
Event: 0.468 GC heap before
{Heap before GC invocations=8 (full 0):
 garbage-first heap   total 14336K, used 8210K [0x0000000701600000, 0x0000000800000000)
  region size 2048K, 2 young (4096K), 1 survivors (2048K)
 Metaspace       used 8925K, committed 9088K, reserved 1114112K
  class space    used 965K, committed 1024K, reserved 1048576K
}
Event: 0.470 GC heap after
{Heap after GC invocations=9 (full 0):
 garbage-first heap   total 24576K, used 7032K [0x0000000701600000, 0x0000000800000000)
  region size 2048K, 1 young (2048K), 1 survivors (2048K)
 Metaspace       used 8925K, committed 9088K, reserved 1114112K
  class space    used 965K, committed 1024K, reserved 1048576K
}
Event: 0.517 GC heap before
{Heap before GC invocations=9 (full 0):
 garbage-first heap   total 24576K, used 11128K [0x0000000701600000, 0x0000000800000000)
  region size 2048K, 3 young (6144K), 1 survivors (2048K)
 Metaspace       used 9146K, committed 9280K, reserved 1114112K
  class space    used 991K, committed 1024K, reserved 1048576K
}
Event: 0.519 GC heap after
{Heap after GC invocations=10 (full 0):
 garbage-first heap   total 24576K, used 7789K [0x0000000701600000, 0x0000000800000000)
  region size 2048K, 1 young (2048K), 1 survivors (2048K)
 Metaspace       used 9146K, committed 9280K, reserved 1114112K
  class space    used 991K, committed 1024K, reserved 1048576K
}
Event: 0.565 GC heap before
{Heap before GC invocations=10 (full 0):
 garbage-first heap   total 24576K, used 13933K [0x0000000701600000, 0x0000000800000000)
  region size 2048K, 4 young (8192K), 1 survivors (2048K)
 Metaspace       used 9412K, committed 9536K, reserved 1114112K
  class space    used 1014K, committed 1088K, reserved 1048576K
}
Event: 0.568 GC heap after
{Heap after GC invocations=11 (full 0):
 garbage-first heap   total 24576K, used 8704K [0x0000000701600000, 0x0000000800000000)
  region size 2048K, 1 young (2048K), 1 survivors (2048K)
 Metaspace       used 9412K, committed 9536K, reserved 1114112K
  class space    used 1014K, committed 1088K, reserved 1048576K
}
Event: 0.580 GC heap before
{Heap before GC invocations=11 (full 0):
 garbage-first heap   total 24576K, used 12800K [0x0000000701600000, 0x0000000800000000)
  region size 2048K, 3 young (6144K), 1 survivors (2048K)
 Metaspace       used 9435K, committed 9600K, reserved 1114112K
  class space    used 1014K, committed 1088K, reserved 1048576K
}
Event: 0.582 GC heap after
{Heap after GC invocations=12 (full 0):
 garbage-first heap   total 24576K, used 9394K [0x0000000701600000, 0x0000000800000000)
  region size 2048K, 1 young (2048K), 1 survivors (2048K)
 Metaspace       used 9435K, committed 9600K, reserved 1114112K
  class space    used 1014K, committed 1088K, reserved 1048576K
}
Event: 0.589 GC heap before
{Heap before GC invocations=12 (full 0):
 garbage-first heap   total 24576K, used 13490K [0x0000000701600000, 0x0000000800000000)
  region size 2048K, 3 young (6144K), 1 survivors (2048K)
 Metaspace       used 9436K, committed 9664K, reserved 1114112K
  class space    used 1014K, committed 1088K, reserved 1048576K
}
Event: 0.593 GC heap after
{Heap after GC invocations=13 (full 0):
 garbage-first heap   total 49152K, used 10106K [0x0000000701600000, 0x0000000800000000)
  region size 2048K, 1 young (2048K), 1 survivors (2048K)
 Metaspace       used 9436K, committed 9664K, reserved 1114112K
  class space    used 1014K, committed 1088K, reserved 1048576K
}
Event: 0.679 GC heap before
{Heap before GC invocations=13 (full 0):
 garbage-first heap   total 49152K, used 28538K [0x0000000701600000, 0x0000000800000000)
  region size 2048K, 11 young (22528K), 1 survivors (2048K)
 Metaspace       used 9685K, committed 9856K, reserved 1114112K
  class space    used 1029K, committed 1088K, reserved 1048576K
}
Event: 0.685 GC heap after
{Heap after GC invocations=14 (full 0):
 garbage-first heap   total 49152K, used 13703K [0x0000000701600000, 0x0000000800000000)
  region size 2048K, 2 young (4096K), 2 survivors (4096K)
 Metaspace       used 9685K, committed 9856K, reserved 1114112K
  class space    used 1029K, committed 1088K, reserved 1048576K
}
Event: 0.855 GC heap before
{Heap before GC invocations=14 (full 0):
 garbage-first heap   total 49152K, used 28039K [0x0000000701600000, 0x0000000800000000)
  region size 2048K, 9 young (18432K), 2 survivors (4096K)
 Metaspace       used 10791K, committed 10944K, reserved 1114112K
  class space    used 1166K, committed 1216K, reserved 1048576K
}
Event: 0.862 GC heap after
{Heap after GC invocations=15 (full 0):
 garbage-first heap   total 49152K, used 16100K [0x0000000701600000, 0x0000000800000000)
  region size 2048K, 2 young (4096K), 2 survivors (4096K)
 Metaspace       used 10791K, committed 10944K, reserved 1114112K
  class space    used 1166K, committed 1216K, reserved 1048576K
}
Event: 1.067 GC heap before
{Heap before GC invocations=15 (full 0):
 garbage-first heap   total 49152K, used 32484K [0x0000000701600000, 0x0000000800000000)
  region size 2048K, 9 young (18432K), 2 survivors (4096K)
 Metaspace       used 12142K, committed 12352K, reserved 1114112K
  class space    used 1290K, committed 1408K, reserved 1048576K
}
Event: 1.072 GC heap after
{Heap after GC invocations=16 (full 0):
 garbage-first heap   total 49152K, used 19786K [0x0000000701600000, 0x0000000800000000)
  region size 2048K, 1 young (2048K), 1 survivors (2048K)
 Metaspace       used 12142K, committed 12352K, reserved 1114112K
  class space    used 1290K, committed 1408K, reserved 1048576K
}
Event: 1.229 GC heap before
{Heap before GC invocations=16 (full 0):
 garbage-first heap   total 49152K, used 34122K [0x0000000701600000, 0x0000000800000000)
  region size 2048K, 8 young (16384K), 1 survivors (2048K)
 Metaspace       used 12449K, committed 12800K, reserved 1114112K
  class space    used 1298K, committed 1472K, reserved 1048576K
}

Dll operation events (6 events):
Event: 0.005 Loaded shared library C:\Program Files\Zulu\zulu-19\bin\java.dll
Event: 0.011 Loaded shared library C:\Program Files\Zulu\zulu-19\bin\jsvml.dll
Event: 0.049 Loaded shared library C:\Program Files\Zulu\zulu-19\bin\jimage.dll
Event: 0.091 Loaded shared library C:\Program Files\Zulu\zulu-19\bin\net.dll
Event: 0.092 Loaded shared library C:\Program Files\Zulu\zulu-19\bin\nio.dll
Event: 0.126 Loaded shared library C:\Program Files\Zulu\zulu-19\bin\zip.dll

Deoptimization events (20 events):
Event: 1.207 Thread 0x0000023eeaa16e60 Uncommon trap: trap_request=0xffffffc6 fr.pc=0x0000023e87c42384 relative=0x0000000000000b84
Event: 1.207 Thread 0x0000023eeaa16e60 Uncommon trap: reason=bimorphic_or_optimized_type_check action=maybe_recompile pc=0x0000023e87c42384 method=com.sun.tools.javac.comp.Check.checkType(Lcom/sun/tools/javac/util/JCDiagnostic$DiagnosticPosition;Lcom/sun/tools/javac/code/Type;Lcom/sun/tools/ja
Event: 1.207 Thread 0x0000023eeaa16e60 DEOPT PACKING pc=0x0000023e87c42384 sp=0x000000d6048faf80
Event: 1.207 Thread 0x0000023eeaa16e60 DEOPT UNPACKING pc=0x0000023e87596da3 sp=0x000000d6048faf28 mode 2
Event: 1.207 Thread 0x0000023eeaa16e60 Uncommon trap: trap_request=0xffffffc6 fr.pc=0x0000023e87c42384 relative=0x0000000000000b84
Event: 1.207 Thread 0x0000023eeaa16e60 Uncommon trap: reason=bimorphic_or_optimized_type_check action=maybe_recompile pc=0x0000023e87c42384 method=com.sun.tools.javac.comp.Check.checkType(Lcom/sun/tools/javac/util/JCDiagnostic$DiagnosticPosition;Lcom/sun/tools/javac/code/Type;Lcom/sun/tools/ja
Event: 1.207 Thread 0x0000023eeaa16e60 DEOPT PACKING pc=0x0000023e87c42384 sp=0x000000d6048fad10
Event: 1.207 Thread 0x0000023eeaa16e60 DEOPT UNPACKING pc=0x0000023e87596da3 sp=0x000000d6048faca0 mode 2
Event: 1.207 Thread 0x0000023eeaa16e60 Uncommon trap: trap_request=0xffffffc6 fr.pc=0x0000023e87c3f72c relative=0x0000000000000b2c
Event: 1.207 Thread 0x0000023eeaa16e60 Uncommon trap: reason=bimorphic_or_optimized_type_check action=maybe_recompile pc=0x0000023e87c3f72c method=com.sun.tools.javac.comp.Check.checkType(Lcom/sun/tools/javac/util/JCDiagnostic$DiagnosticPosition;Lcom/sun/tools/javac/code/Type;Lcom/sun/tools/ja
Event: 1.207 Thread 0x0000023eeaa16e60 DEOPT PACKING pc=0x0000023e87c3f72c sp=0x000000d6048fac70
Event: 1.207 Thread 0x0000023eeaa16e60 DEOPT UNPACKING pc=0x0000023e87596da3 sp=0x000000d6048fac98 mode 2
Event: 1.224 Thread 0x0000023eeaa16e60 Uncommon trap: trap_request=0xffffffde fr.pc=0x0000023e87c3a3ec relative=0x0000000000000c8c
Event: 1.224 Thread 0x0000023eeaa16e60 Uncommon trap: reason=class_check action=maybe_recompile pc=0x0000023e87c3a3ec method=java.util.HashMap.removeNode(ILjava/lang/Object;Ljava/lang/Object;ZZ)Ljava/util/HashMap$Node; @ 143 c2
Event: 1.224 Thread 0x0000023eeaa16e60 DEOPT PACKING pc=0x0000023e87c3a3ec sp=0x000000d6048fbd40
Event: 1.224 Thread 0x0000023eeaa16e60 DEOPT UNPACKING pc=0x0000023e87596da3 sp=0x000000d6048fbcd8 mode 2
Event: 1.228 Thread 0x0000023eeaa16e60 Uncommon trap: trap_request=0xffffffde fr.pc=0x0000023e87c3a3ec relative=0x0000000000000c8c
Event: 1.228 Thread 0x0000023eeaa16e60 Uncommon trap: reason=class_check action=maybe_recompile pc=0x0000023e87c3a3ec method=java.util.HashMap.removeNode(ILjava/lang/Object;Ljava/lang/Object;ZZ)Ljava/util/HashMap$Node; @ 143 c2
Event: 1.228 Thread 0x0000023eeaa16e60 DEOPT PACKING pc=0x0000023e87c3a3ec sp=0x000000d6048fd130
Event: 1.228 Thread 0x0000023eeaa16e60 DEOPT UNPACKING pc=0x0000023e87596da3 sp=0x000000d6048fd0c8 mode 2

Classes loaded (20 events):
Event: 0.995 Loading class java/lang/invoke/MethodHandleImpl$Makers$3
Event: 0.995 Loading class java/lang/invoke/MethodHandleImpl$Makers$3 done
Event: 0.999 Loading class java/lang/runtime/ObjectMethods$1
Event: 0.999 Loading class java/lang/runtime/ObjectMethods$1 done
Event: 1.002 Loading class java/lang/invoke/DirectMethodHandle$1
Event: 1.002 Loading class java/lang/invoke/DirectMethodHandle$1 done
Event: 1.007 Loading class java/lang/invoke/MethodHandleImpl$CountingWrapper
Event: 1.007 Loading class java/lang/invoke/MethodHandleImpl$CountingWrapper done
Event: 1.008 Loading class jdk/internal/org/objectweb/asm/Edge
Event: 1.008 Loading class jdk/internal/org/objectweb/asm/Edge done
Event: 1.011 Loading class java/util/stream/ReduceOps$2
Event: 1.011 Loading class java/util/stream/ReduceOps$2 done
Event: 1.011 Loading class java/util/stream/ReduceOps$2ReducingSink
Event: 1.011 Loading class java/util/stream/ReduceOps$2ReducingSink done
Event: 1.025 Loading class sun/nio/ch/ChannelOutputStream
Event: 1.025 Loading class sun/nio/ch/ChannelOutputStream done
Event: 1.026 Loading class java/util/function/ToIntBiFunction
Event: 1.026 Loading class java/util/function/ToIntBiFunction done
Event: 1.027 Loading class java/io/DataOutputStream
Event: 1.027 Loading class java/io/DataOutputStream done

Classes unloaded (0 events):
No events

Classes redefined (0 events):
No events

Internal exceptions (20 events):
Event: 1.007 Thread 0x0000023eeaa16e60 Exception <a 'java/lang/NoSuchMethodError'{0x00000007038d9928}: 'java.lang.Object java.lang.invoke.DelegatingMethodHandle$Holder.delegate(java.lang.Object, int, java.lang.Object, java.lang.Object)'> (0x00000007038d9928) 
thrown [s\src\hotspot\share\interpreter\linkResolver.cpp, line 774]
Event: 1.009 Thread 0x0000023eeaa16e60 Exception <a 'java/lang/NoSuchMethodError'{0x00000007038e9b90}: 'int java.lang.invoke.Invokers$Holder.linkToTargetMethod(java.lang.Object, java.lang.Object, java.lang.Object)'> (0x00000007038e9b90) 
thrown [s\src\hotspot\share\interpreter\linkResolver.cpp, line 774]
Event: 1.024 Thread 0x0000023eeaa16e60 Exception <a 'sun/nio/fs/WindowsException'{0x000000070395ab10}> (0x000000070395ab10) 
thrown [s\src\hotspot\share\prims\jni.cpp, line 517]
Event: 1.030 Thread 0x0000023eeaa16e60 Exception <a 'sun/nio/fs/WindowsException'{0x0000000703979478}> (0x0000000703979478) 
thrown [s\src\hotspot\share\prims\jni.cpp, line 517]
Event: 1.035 Thread 0x0000023eeaa16e60 Exception <a 'sun/nio/fs/WindowsException'{0x00000007039a3b00}> (0x00000007039a3b00) 
thrown [s\src\hotspot\share\prims\jni.cpp, line 517]
Event: 1.037 Thread 0x0000023eeaa16e60 Exception <a 'sun/nio/fs/WindowsException'{0x00000007039ab758}> (0x00000007039ab758) 
thrown [s\src\hotspot\share\prims\jni.cpp, line 517]
Event: 1.048 Thread 0x0000023eeaa16e60 Exception <a 'sun/nio/fs/WindowsException'{0x0000000703602de8}> (0x0000000703602de8) 
thrown [s\src\hotspot\share\prims\jni.cpp, line 517]
Event: 1.056 Thread 0x0000023eeaa16e60 Exception <a 'sun/nio/fs/WindowsException'{0x000000070369a528}> (0x000000070369a528) 
thrown [s\src\hotspot\share\prims\jni.cpp, line 517]
Event: 1.059 Thread 0x0000023eeaa16e60 Exception <a 'sun/nio/fs/WindowsException'{0x00000007036a5030}> (0x00000007036a5030) 
thrown [s\src\hotspot\share\prims\jni.cpp, line 517]
Event: 1.080 Thread 0x0000023eeaa16e60 Exception <a 'sun/nio/fs/WindowsException'{0x000000070427acd0}> (0x000000070427acd0) 
thrown [s\src\hotspot\share\prims\jni.cpp, line 517]
Event: 1.089 Thread 0x0000023eeaa16e60 Exception <a 'java/lang/NoSuchMethodError'{0x000000070432b8c8}: 'java.lang.Object java.lang.invoke.DirectMethodHandle$Holder.newInvokeSpecial(java.lang.Object, java.lang.Object, java.lang.Object, int)'> (0x000000070432b8c8) 
thrown [s\src\hotspot\share\interpreter\linkResolver.cpp, line 774]
Event: 1.090 Thread 0x0000023eeaa16e60 Exception <a 'java/lang/NoSuchMethodError'{0x000000070432ff70}: 'java.lang.Object java.lang.invoke.DirectMethodHandle$Holder.invokeSpecial(java.lang.Object, java.lang.Object, java.lang.Object, java.lang.Object, int)'> (0x000000070432ff70) 
thrown [s\src\hotspot\share\interpreter\linkResolver.cpp, line 774]
Event: 1.090 Thread 0x0000023eeaa16e60 Exception <a 'java/lang/NoSuchMethodError'{0x0000000704333df8}: 'java.lang.Object java.lang.invoke.Invokers$Holder.linkToTargetMethod(java.lang.Object, java.lang.Object, int, java.lang.Object)'> (0x0000000704333df8) 
thrown [s\src\hotspot\share\interpreter\linkResolver.cpp, line 774]
Event: 1.100 Thread 0x0000023eeaa16e60 Exception <a 'sun/nio/fs/WindowsException'{0x00000007043dc4d8}> (0x00000007043dc4d8) 
thrown [s\src\hotspot\share\prims\jni.cpp, line 517]
Event: 1.105 Thread 0x0000023eeaa16e60 Exception <a 'sun/nio/fs/WindowsException'{0x00000007043fca70}> (0x00000007043fca70) 
thrown [s\src\hotspot\share\prims\jni.cpp, line 517]
Event: 1.117 Thread 0x0000023eeaa16e60 Exception <a 'sun/nio/fs/WindowsException'{0x00000007040ca3f8}> (0x00000007040ca3f8) 
thrown [s\src\hotspot\share\prims\jni.cpp, line 517]
Event: 1.121 Thread 0x0000023eeaa16e60 Exception <a 'sun/nio/fs/WindowsException'{0x00000007040e6a70}> (0x00000007040e6a70) 
thrown [s\src\hotspot\share\prims\jni.cpp, line 517]
Event: 1.147 Thread 0x0000023eeaa16e60 Exception <a 'sun/nio/fs/WindowsException'{0x0000000703fce7f8}> (0x0000000703fce7f8) 
thrown [s\src\hotspot\share\prims\jni.cpp, line 517]
Event: 1.150 Thread 0x0000023eeaa16e60 Exception <a 'sun/nio/fs/WindowsException'{0x0000000703fde1f8}> (0x0000000703fde1f8) 
thrown [s\src\hotspot\share\prims\jni.cpp, line 517]
Event: 1.152 Thread 0x0000023eeaa16e60 Exception <a 'sun/nio/fs/WindowsException'{0x0000000703fe8618}> (0x0000000703fe8618) 
thrown [s\src\hotspot\share\prims\jni.cpp, line 517]

VM Operations (20 events):
Event: 0.957 Executing VM operation: HandshakeAllThreads done
Event: 0.995 Executing VM operation: HandshakeAllThreads
Event: 0.995 Executing VM operation: HandshakeAllThreads done
Event: 1.014 Executing VM operation: ICBufferFull
Event: 1.014 Executing VM operation: ICBufferFull done
Event: 1.055 Executing VM operation: ICBufferFull
Event: 1.055 Executing VM operation: ICBufferFull done
Event: 1.067 Executing VM operation: G1CollectForAllocation
Event: 1.072 Executing VM operation: G1CollectForAllocation done
Event: 1.088 Executing VM operation: HandshakeAllThreads
Event: 1.088 Executing VM operation: HandshakeAllThreads done
Event: 1.101 Executing VM operation: ICBufferFull
Event: 1.102 Executing VM operation: ICBufferFull done
Event: 1.149 Executing VM operation: ICBufferFull
Event: 1.149 Executing VM operation: ICBufferFull done
Event: 1.165 Executing VM operation: HandshakeAllThreads
Event: 1.165 Executing VM operation: HandshakeAllThreads done
Event: 1.179 Executing VM operation: ICBufferFull
Event: 1.179 Executing VM operation: ICBufferFull done
Event: 1.228 Executing VM operation: G1CollectForAllocation

Events (14 events):
Event: 0.011 Thread 0x0000023eeaa16e60 Thread added: 0x0000023eeaa16e60
Event: 0.019 Thread 0x0000023e9158ccc0 Thread added: 0x0000023e9158ccc0
Event: 0.019 Thread 0x0000023e9158d990 Thread added: 0x0000023e9158d990
Event: 0.019 Thread 0x0000023e91592680 Thread added: 0x0000023e91592680
Event: 0.019 Thread 0x0000023e915955c0 Thread added: 0x0000023e915955c0
Event: 0.019 Thread 0x0000023e9159a510 Thread added: 0x0000023e9159a510
Event: 0.019 Thread 0x0000023e9159b180 Thread added: 0x0000023e9159b180
Event: 0.020 Thread 0x0000023e9159bf80 Thread added: 0x0000023e9159bf80
Event: 0.020 Thread 0x0000023e915b1ab0 Thread added: 0x0000023e915b1ab0
Event: 0.020 Thread 0x0000023e9159e640 Thread added: 0x0000023e9159e640
Event: 0.034 Thread 0x0000023e9163e610 Thread added: 0x0000023e9163e610
Event: 0.044 Thread 0x0000023e958b7600 Thread added: 0x0000023e958b7600
Event: 0.047 Thread 0x0000023e9592a990 Thread added: 0x0000023e9592a990
Event: 0.325 Thread 0x0000023e961f0570 Thread added: 0x0000023e961f0570


Dynamic libraries:
0x00007ff68a8c0000 - 0x00007ff68a8c8000 	C:\Program Files\Zulu\zulu-19\bin\javac.exe
0x00007ff9ac6b0000 - 0x00007ff9ac8c4000 	C:\WINDOWS\SYSTEM32\ntdll.dll
0x00007ff9ab010000 - 0x00007ff9ab0d2000 	C:\WINDOWS\System32\KERNEL32.DLL
0x00007ff9a9eb0000 - 0x00007ff9aa253000 	C:\WINDOWS\System32\KERNELBASE.dll
0x00007ff9a9bf0000 - 0x00007ff9a9d01000 	C:\WINDOWS\System32\ucrtbase.dll
0x00007ff98f3a0000 - 0x00007ff98f3b7000 	C:\Program Files\Zulu\zulu-19\bin\jli.dll
0x00007ff9a1430000 - 0x00007ff9a144b000 	C:\Program Files\Zulu\zulu-19\bin\VCRUNTIME140.dll
0x00007ff9aa970000 - 0x00007ff9aab1b000 	C:\WINDOWS\System32\USER32.dll
0x00007ff9a9d10000 - 0x00007ff9a9d36000 	C:\WINDOWS\System32\win32u.dll
0x00007ff997330000 - 0x00007ff9975be000 	C:\WINDOWS\WinSxS\amd64_microsoft.windows.common-controls_6595b64144ccf1df_6.0.22621.1635_none_270f70857386168e\COMCTL32.dll
0x00007ff9ab660000 - 0x00007ff9ab689000 	C:\WINDOWS\System32\GDI32.dll
0x00007ff9ac420000 - 0x00007ff9ac4c7000 	C:\WINDOWS\System32\msvcrt.dll
0x00007ff9aa390000 - 0x00007ff9aa4a8000 	C:\WINDOWS\System32\gdi32full.dll
0x00007ff9a9ad0000 - 0x00007ff9a9b6a000 	C:\WINDOWS\System32\msvcp_win.dll
0x00007ff9aaeb0000 - 0x00007ff9aaee1000 	C:\WINDOWS\System32\IMM32.DLL
0x00007ff9a4b60000 - 0x00007ff9a4b6c000 	C:\Program Files\Zulu\zulu-19\bin\vcruntime140_1.dll
0x00007ff962f20000 - 0x00007ff962fad000 	C:\Program Files\Zulu\zulu-19\bin\msvcp140.dll
0x00007ff931680000 - 0x00007ff932387000 	C:\Program Files\Zulu\zulu-19\bin\server\jvm.dll
0x00007ff9ac2c0000 - 0x00007ff9ac36e000 	C:\WINDOWS\System32\ADVAPI32.dll
0x00007ff9ac370000 - 0x00007ff9ac414000 	C:\WINDOWS\System32\sechost.dll
0x00007ff9ac550000 - 0x00007ff9ac667000 	C:\WINDOWS\System32\RPCRT4.dll
0x00007ff9a6a90000 - 0x00007ff9a6a99000 	C:\WINDOWS\SYSTEM32\WSOCK32.dll
0x00007ff9a13a0000 - 0x00007ff9a13d4000 	C:\WINDOWS\SYSTEM32\WINMM.dll
0x00007ff9a15f0000 - 0x00007ff9a15fa000 	C:\WINDOWS\SYSTEM32\VERSION.dll
0x00007ff9ac4d0000 - 0x00007ff9ac541000 	C:\WINDOWS\System32\WS2_32.dll
0x00007ff9a8a90000 - 0x00007ff9a8aa8000 	C:\WINDOWS\SYSTEM32\kernel.appcore.dll
0x00007ff98f440000 - 0x00007ff98f44a000 	C:\Program Files\Zulu\zulu-19\bin\jimage.dll
0x00007ff9a71e0000 - 0x00007ff9a740e000 	C:\WINDOWS\SYSTEM32\DBGHELP.DLL
0x00007ff9aab20000 - 0x00007ff9aaea9000 	C:\WINDOWS\System32\combase.dll
0x00007ff9aa4b0000 - 0x00007ff9aa587000 	C:\WINDOWS\System32\OLEAUT32.dll
0x00007ff9883f0000 - 0x00007ff988422000 	C:\WINDOWS\SYSTEM32\dbgcore.DLL
0x00007ff9a9b70000 - 0x00007ff9a9beb000 	C:\WINDOWS\System32\bcryptPrimitives.dll
0x00007ff98e140000 - 0x00007ff98e166000 	C:\Program Files\Zulu\zulu-19\bin\java.dll
0x00007ff959f80000 - 0x00007ff95a057000 	C:\Program Files\Zulu\zulu-19\bin\jsvml.dll
0x00007ff9aba40000 - 0x00007ff9ac23a000 	C:\WINDOWS\System32\SHELL32.dll
0x00007ff9a7a80000 - 0x00007ff9a834e000 	C:\WINDOWS\SYSTEM32\windows.storage.dll
0x00007ff9a7940000 - 0x00007ff9a7a7e000 	C:\WINDOWS\SYSTEM32\wintypes.dll
0x00007ff9ab920000 - 0x00007ff9aba11000 	C:\WINDOWS\System32\SHCORE.dll
0x00007ff9aa750000 - 0x00007ff9aa7ae000 	C:\WINDOWS\System32\shlwapi.dll
0x00007ff9a9a00000 - 0x00007ff9a9a21000 	C:\WINDOWS\SYSTEM32\profapi.dll
0x00007ff98dfa0000 - 0x00007ff98dfb3000 	C:\Program Files\Zulu\zulu-19\bin\net.dll
0x00007ff9a2480000 - 0x00007ff9a25b7000 	C:\WINDOWS\SYSTEM32\WINHTTP.dll
0x00007ff9a8f50000 - 0x00007ff9a8fb9000 	C:\WINDOWS\system32\mswsock.dll
0x00007ff98df10000 - 0x00007ff98df26000 	C:\Program Files\Zulu\zulu-19\bin\nio.dll
0x00007ff98ddf0000 - 0x00007ff98de08000 	C:\Program Files\Zulu\zulu-19\bin\zip.dll

dbghelp: loaded successfully - version: 4.0.5 - missing functions: none
symbol engine: initialized successfully - sym options: 0x614 - pdb path: .;C:\Program Files\Zulu\zulu-19\bin;C:\WINDOWS\SYSTEM32;C:\WINDOWS\WinSxS\amd64_microsoft.windows.common-controls_6595b64144ccf1df_6.0.22621.1635_none_270f70857386168e;C:\Program Files\Zulu\zulu-19\bin\server

VM Arguments:
jvm_args: -Dapplication.home=C:\Program Files\Zulu\zulu-19 --add-modules=ALL-DEFAULT -Xms8m -Djdk.module.main=jdk.compiler 
java_command: jdk.compiler/com.sun.tools.javac.Main @C:\Users\ulise\AppData\Local\Temp\files8264763937591279340
java_class_path (initial): <not set>
Launcher Type: SUN_STANDARD

[Global flags]
     intx CICompilerCount                          = 4                                         {product} {ergonomic}
     uint ConcGCThreads                            = 3                                         {product} {ergonomic}
     uint G1ConcRefinementThreads                  = 10                                        {product} {ergonomic}
   size_t G1HeapRegionSize                         = 2097152                                   {product} {ergonomic}
    uintx GCDrainStackTargetSize                   = 64                                        {product} {ergonomic}
   size_t InitialHeapSize                          = 8388608                                   {product} {command line}
   size_t MarkStackSize                            = 4194304                                   {product} {ergonomic}
   size_t MaxHeapSize                              = 4271898624                                {product} {ergonomic}
   size_t MaxNewSize                               = 2562719744                                {product} {ergonomic}
   size_t MinHeapDeltaBytes                        = 2097152                                   {product} {ergonomic}
   size_t MinHeapSize                              = 8388608                                   {product} {command line}
    uintx NonNMethodCodeHeapSize                   = 5839372                                {pd product} {ergonomic}
    uintx NonProfiledCodeHeapSize                  = 122909434                              {pd product} {ergonomic}
    uintx ProfiledCodeHeapSize                     = 122909434                              {pd product} {ergonomic}
    uintx ReservedCodeCacheSize                    = 251658240                              {pd product} {ergonomic}
     bool SegmentedCodeCache                       = true                                      {product} {ergonomic}
   size_t SoftMaxHeapSize                          = 4271898624                             {manageable} {ergonomic}
     bool UseCompressedClassPointers               = true                           {product lp64_product} {ergonomic}
     bool UseCompressedOops                        = true                           {product lp64_product} {ergonomic}
     bool UseG1GC                                  = true                                      {product} {ergonomic}
     bool UseLargePagesIndividualAllocation        = false                                  {pd product} {ergonomic}

Logging:
Log output configuration:
 #0: stdout all=warning uptime,level,tags foldmultilines=false
 #1: stderr all=off uptime,level,tags foldmultilines=false

Environment Variables:
PATH=C:\Program Files\Zulu\zulu-19\bin\;C:\Program Files\Common Files\Oracle\Java\javapath;C:\Program Files (x86)\Common Files\Oracle\Java\javapath;C:\Windows\system32;C:\Windows;C:\Windows\System32\Wbem;C:\Windows\System32\WindowsPowerShell\v1.0\;C:\Windows\System32\OpenSSH\;C:\Program Files (x86)\NVIDIA Corporation\PhysX\Common;C:\Program Files\NVIDIA Corporation\NVIDIA NvDLISR;C:\WINDOWS\system32;C:\WINDOWS;C:\WINDOWS\System32\Wbem;C:\WINDOWS\System32\WindowsPowerShell\v1.0\;C:\WINDOWS\System32\OpenSSH\;C:\Program Files\nodejs\;C:\Program Files\Git\cmd;C:\Users\ulise\AppData\Local\Microsoft\WindowsApps;C:\Users\ulise\AppData\Local\Programs\Microsoft VS Code\bin;C:\Users\ulise\AppData\Roaming\npm;C:\Users\ulise\AppData\Local\GitHubDesktop\bin;C:\Program Files (x86)\Nmap
USERNAME=ulise
OS=Windows_NT
PROCESSOR_IDENTIFIER=Intel64 Family 6 Model 165 Stepping 2, GenuineIntel
TMP=C:\Users\ulise\AppData\Local\Temp
TEMP=C:\Users\ulise\AppData\Local\Temp



---------------  S Y S T E M  ---------------

OS:
 Windows 11 , 64 bit Build 22621 (10.0.22621.1635)
OS uptime: 2 days 2:58 hours
Hyper-V role detected

CPU: total 12 (initial active 12) (6 cores per cpu, 2 threads per core) family 6 model 165 stepping 2 microcode 0xe2, cx8, cmov, fxsr, ht, mmx, 3dnowpref, sse, sse2, sse3, ssse3, sse4.1, sse4.2, popcnt, lzcnt, tsc, tscinvbit, avx, avx2, aes, erms, clmul, bmi1, bmi2, adx, fma, vzeroupper, clflush, clflushopt, hv, rdtscp

Memory: 4k page, system-wide physical 16291M (5472M free)
TotalPageFile size 16291M (AvailPageFile size 22M)
current process WorkingSet (physical memory assigned to process): 156M, peak: 156M
current process commit charge ("private bytes"): 194M, peak: 242M

vm_info: OpenJDK 64-Bit Server VM (19.0.2+7) for windows-amd64 JRE (19.0.2+7) (Zulu19.32+15-CA), built on Dec 28 2022 19:25:40 by "zulu_re" with MS VC++ 16.10 / 16.11 (VS2019)

END.
