#
# There is insufficient memory for the Java Runtime Environment to continue.
# Native memory allocation (mmap) failed to map 48234496 bytes for G1 virtual space
# Possible reasons:
#   The system is out of physical RAM or swap space
#   The process is running with CompressedOops enabled, and the Java Heap may be blocking the growth of the native heap
# Possible solutions:
#   Reduce memory load on the system
#   Increase physical memory or swap space
#   Check if swap backing store is full
#   Decrease Java heap size (-Xmx/-Xms)
#   Decrease number of Java threads
#   Decrease Java thread stack sizes (-Xss)
#   Set larger code cache with -XX:ReservedCodeCacheSize=
#   JVM is running with Zero Based Compressed Oops mode in which the Java heap is
#     placed in the first 32GB address space. The Java Heap base address is the
#     maximum limit for the native heap growth. Please use -XX:HeapBaseMinAddress
#     to set the Java Heap base and to place the Java Heap above 32GB virtual address.
# This output file may be truncated or incomplete.
#
#  Out of Memory Error (os_windows.cpp:3536), pid=21588, tid=3416
#
# JRE version: OpenJDK Runtime Environment Zulu19.32+15-CA (19.0.2+7) (build 19.0.2+7)
# Java VM: OpenJDK 64-Bit Server VM Zulu19.32+15-CA (19.0.2+7, mixed mode, sharing, tiered, compressed oops, compressed class ptrs, g1 gc, windows-amd64)
# No core dump will be written. Minidumps are not enabled by default on client versions of Windows
#

---------------  S U M M A R Y ------------

Command Line: -Dapplication.home=C:\Program Files\Zulu\zulu-19 --add-modules=ALL-DEFAULT -Xms8m -Djdk.module.main=jdk.compiler jdk.compiler/com.sun.tools.javac.Main @C:\Users\ulise\AppData\Local\Temp\files8428123451707773991

Host: Intel(R) Core(TM) i7-10750H CPU @ 2.60GHz, 12 cores, 15G,  Windows 11 , 64 bit Build 22621 (10.0.22621.1635)
Time: Tue May 16 18:45:05 2023 Hora estándar, América Central elapsed time: 1.159331 seconds (0d 0h 0m 1s)

---------------  T H R E A D  ---------------

Current thread (0x0000021a7d8f9760):  VMThread "VM Thread" [stack: 0x000000e8e4300000,0x000000e8e4400000] [id=3416]

Stack: [0x000000e8e4300000,0x000000e8e4400000]
Native frames: (J=compiled Java code, j=interpreted, Vv=VM code, C=native code)
V  [jvm.dll+0x6eab2a]
V  [jvm.dll+0x8a4a20]
V  [jvm.dll+0x8a640e]
V  [jvm.dll+0x8a6ac3]
V  [jvm.dll+0x27c1ef]
V  [jvm.dll+0x6e7929]
V  [jvm.dll+0x6dc3da]
V  [jvm.dll+0x3528ab]
V  [jvm.dll+0x35a266]
V  [jvm.dll+0x3b0a2e]
V  [jvm.dll+0x3b0c5f]
V  [jvm.dll+0x327e9a]
V  [jvm.dll+0x327f47]
V  [jvm.dll+0x370442]
V  [jvm.dll+0x36e8e4]
V  [jvm.dll+0x327660]
V  [jvm.dll+0x36de7b]
V  [jvm.dll+0x8abc13]
V  [jvm.dll+0x8ac9d9]
V  [jvm.dll+0x8acf0d]
V  [jvm.dll+0x8ad39b]
V  [jvm.dll+0x8ad457]
V  [jvm.dll+0x84ec7a]
V  [jvm.dll+0x6e981b]
C  [ucrtbase.dll+0x29363]
C  [KERNEL32.DLL+0x126ad]
C  [ntdll.dll+0x5a9f8]

VM_Operation (0x000000e8e3df94a0): G1CollectForAllocation, mode: safepoint, requested by thread 0x0000021a67dfb800


---------------  P R O C E S S  ---------------

Threads class SMR info:
_java_thread_list=0x0000021a7e0dc490, length=14, elements={
0x0000021a67dfb800, 0x0000021a7d910ba0, 0x0000021a7d913b80, 0x0000021a7d916ef0,
0x0000021a7d91b940, 0x0000021a7d91c410, 0x0000021a7d91eef0, 0x0000021a7d923c50,
0x0000021a7d955bc0, 0x0000021a7d957150, 0x0000021a7db46910, 0x0000021a7dbbf8f0,
0x0000021a7dc36230, 0x0000021a7e344350
}

Java Threads: ( => current thread )
  0x0000021a67dfb800 JavaThread "main" [_thread_blocked, id=22400, stack(0x000000e8e3d00000,0x000000e8e3e00000)]
  0x0000021a7d910ba0 JavaThread "Reference Handler" daemon [_thread_blocked, id=11912, stack(0x000000e8e4400000,0x000000e8e4500000)]
  0x0000021a7d913b80 JavaThread "Finalizer" daemon [_thread_blocked, id=1532, stack(0x000000e8e4500000,0x000000e8e4600000)]
  0x0000021a7d916ef0 JavaThread "Signal Dispatcher" daemon [_thread_blocked, id=22376, stack(0x000000e8e4600000,0x000000e8e4700000)]
  0x0000021a7d91b940 JavaThread "Attach Listener" daemon [_thread_blocked, id=24864, stack(0x000000e8e4700000,0x000000e8e4800000)]
  0x0000021a7d91c410 JavaThread "Service Thread" daemon [_thread_blocked, id=22380, stack(0x000000e8e4800000,0x000000e8e4900000)]
  0x0000021a7d91eef0 JavaThread "Monitor Deflation Thread" daemon [_thread_blocked, id=22772, stack(0x000000e8e4900000,0x000000e8e4a00000)]
  0x0000021a7d923c50 JavaThread "C2 CompilerThread0" daemon [_thread_blocked, id=22196, stack(0x000000e8e4a00000,0x000000e8e4b00000)]
  0x0000021a7d955bc0 JavaThread "C1 CompilerThread0" daemon [_thread_blocked, id=14456, stack(0x000000e8e4b00000,0x000000e8e4c00000)]
  0x0000021a7d957150 JavaThread "Sweeper thread" daemon [_thread_blocked, id=9396, stack(0x000000e8e4c00000,0x000000e8e4d00000)]
  0x0000021a7db46910 JavaThread "Common-Cleaner" daemon [_thread_blocked, id=15240, stack(0x000000e8e4d00000,0x000000e8e4e00000)]
  0x0000021a7dbbf8f0 JavaThread "C2 CompilerThread1" daemon [_thread_blocked, id=1888, stack(0x000000e8e4e00000,0x000000e8e4f00000)]
  0x0000021a7dc36230 JavaThread "Notification Thread" daemon [_thread_blocked, id=23712, stack(0x000000e8e4f00000,0x000000e8e5000000)]
  0x0000021a7e344350 JavaThread "C2 CompilerThread2" daemon [_thread_blocked, id=1296, stack(0x000000e8e5600000,0x000000e8e5700000)]

Other Threads:
=>0x0000021a7d8f9760 VMThread "VM Thread" [stack: 0x000000e8e4300000,0x000000e8e4400000] [id=3416]
  0x0000021a7dc36770 WatcherThread "VM Periodic Task Thread" [stack: 0x000000e8e5000000,0x000000e8e5100000] [id=20288]
  0x0000021a67e69900 WorkerThread "GC Thread#0" [stack: 0x000000e8e3e00000,0x000000e8e3f00000] [id=8140]
  0x0000021a7dd32c80 WorkerThread "GC Thread#1" [stack: 0x000000e8e5100000,0x000000e8e5200000] [id=6152]
  0x0000021a7dd401f0 WorkerThread "GC Thread#2" [stack: 0x000000e8e5200000,0x000000e8e5300000] [id=19076]
  0x0000021a7dd404c0 WorkerThread "GC Thread#3" [stack: 0x000000e8e5300000,0x000000e8e5400000] [id=24916]
  0x0000021a7dfefb70 WorkerThread "GC Thread#4" [stack: 0x000000e8e5400000,0x000000e8e5500000] [id=17384]
  0x0000021a7dff1780 WorkerThread "GC Thread#5" [stack: 0x000000e8e5500000,0x000000e8e5600000] [id=16808]
  0x0000021a7dff1d20 WorkerThread "GC Thread#6" [stack: 0x000000e8e5700000,0x000000e8e5800000] [id=23736]
  0x0000021a7dff06a0 WorkerThread "GC Thread#7" [stack: 0x000000e8e5800000,0x000000e8e5900000] [id=11300]
  0x0000021a67e7a900 ConcurrentGCThread "G1 Main Marker" [stack: 0x000000e8e3f00000,0x000000e8e4000000] [id=17264]
  0x0000021a67e7c0f0 WorkerThread "G1 Conc#0" [stack: 0x000000e8e4000000,0x000000e8e4100000] [id=15268]
  0x0000021a67eb2210 ConcurrentGCThread "G1 Refine#0" [stack: 0x000000e8e4100000,0x000000e8e4200000] [id=21616]
  0x0000021a67eb2b00 ConcurrentGCThread "G1 Service" [stack: 0x000000e8e4200000,0x000000e8e4300000] [id=18168]

Threads with active compile tasks:
C2 CompilerThread0     1168 3260       4       com.sun.tools.javac.util.ArrayUtils::ensureCapacity (30 bytes)
C2 CompilerThread1     1168 3039       4       java.util.HashSet::remove (20 bytes)
C2 CompilerThread2     1169 3088       4       com.sun.tools.javac.code.Scope$ScopeListenerList::symbolAdded (8 bytes)

VM state: at safepoint (normal execution)

VM Mutex/Monitor currently owned by a thread:  ([mutex/lock_event])
[0x0000021a67df6b90] Threads_lock - owner thread: 0x0000021a7d8f9760
[0x0000021a67df5ea0] Heap_lock - owner thread: 0x0000021a67dfb800

Heap address: 0x0000000701600000, size: 4074 MB, Compressed Oops mode: Zero based, Oop shift amount: 3

CDS archive(s) mapped at: [0x0000000800000000-0x0000000800c40000-0x0000000800c40000), size 12845056, SharedBaseAddress: 0x0000000800000000, ArchiveRelocationMode: 0.
Compressed class space mapped at: 0x0000000801000000-0x0000000841000000, reserved size: 1073741824
Narrow klass base: 0x0000000800000000, Narrow klass shift: 0, Narrow klass range: 0x100000000

GC Precious Log:
 CardTable entry size: 512
 Card Set container configuration: InlinePtr #cards 4 size 8 Array Of Cards #cards 16 size 48 Howl #buckets 8 coarsen threshold 3686 Howl Bitmap #cards 512 size 80 coarsen threshold 460 Card regions per heap region 1 cards per card region 4096
 CPUs: 12 total, 12 available
 Memory: 16291M
 Large Page Support: Disabled
 NUMA Support: Disabled
 Compressed Oops: Enabled (Zero based)
 Heap Region Size: 2M
 Heap Min Capacity: 8M
 Heap Initial Capacity: 8M
 Heap Max Capacity: 4074M
 Pre-touch: Disabled
 Parallel Workers: 10
 Concurrent Workers: 3
 Concurrent Refinement Workers: 10
 Periodic GC: Disabled

Heap:
 garbage-first heap   total 47104K, used 19994K [0x0000000701600000, 0x0000000800000000)
  region size 2048K, 1 young (2048K), 1 survivors (2048K)
 Metaspace       used 12234K, committed 12480K, reserved 1114112K
  class space    used 1292K, committed 1408K, reserved 1048576K

Heap Regions: E=young(eden), S=young(survivor), O=old, HS=humongous(starts), HC=humongous(continues), CS=collection set, F=free, OA=open archive, CA=closed archive, TAMS=top-at-mark-start (previous, next)
|   0|0x0000000701600000, 0x0000000701800000, 0x0000000701800000|100%| O|  |TAMS 0x0000000701600000, 0x0000000701600000| Untracked 
|   1|0x0000000701800000, 0x0000000701a00000, 0x0000000701a00000|100%| O|  |TAMS 0x0000000701800000, 0x0000000701800000| Untracked 
|   2|0x0000000701a00000, 0x0000000701c00000, 0x0000000701c00000|100%| O|  |TAMS 0x0000000701a00000, 0x0000000701a00000| Untracked 
|   3|0x0000000701c00000, 0x0000000701e00000, 0x0000000701e00000|100%| O|  |TAMS 0x0000000701c00000, 0x0000000701c00000| Untracked 
|   4|0x0000000701e00000, 0x0000000702000000, 0x0000000702000000|100%| O|  |TAMS 0x0000000701e00000, 0x0000000701e00000| Untracked 
|   5|0x0000000702000000, 0x0000000702200000, 0x0000000702200000|100%| O|  |TAMS 0x0000000702000000, 0x0000000702000000| Untracked 
|   6|0x0000000702200000, 0x0000000702400000, 0x0000000702400000|100%|HS|  |TAMS 0x0000000702200000, 0x0000000702200000| Complete 
|   7|0x0000000702400000, 0x0000000702600000, 0x0000000702600000|100%| O|  |TAMS 0x0000000702400000, 0x0000000702400000| Untracked 
|   8|0x0000000702600000, 0x000000070266c800, 0x0000000702800000| 21%| O|  |TAMS 0x0000000702600000, 0x0000000702600000| Untracked 
|   9|0x0000000702800000, 0x0000000702800000, 0x0000000702a00000|  0%| F|  |TAMS 0x0000000702800000, 0x0000000702800000| Untracked 
|  10|0x0000000702a00000, 0x0000000702a00000, 0x0000000702c00000|  0%| F|  |TAMS 0x0000000702a00000, 0x0000000702a00000| Untracked 
|  11|0x0000000702c00000, 0x0000000702c00000, 0x0000000702e00000|  0%| F|  |TAMS 0x0000000702c00000, 0x0000000702c00000| Untracked 
|  12|0x0000000702e00000, 0x0000000702e00000, 0x0000000703000000|  0%| F|  |TAMS 0x0000000702e00000, 0x0000000702e00000| Untracked 
|  13|0x0000000703000000, 0x0000000703000000, 0x0000000703200000|  0%| F|  |TAMS 0x0000000703000000, 0x0000000703000000| Untracked 
|  14|0x0000000703200000, 0x0000000703200000, 0x0000000703400000|  0%| F|  |TAMS 0x0000000703200000, 0x0000000703200000| Untracked 
|  15|0x0000000703400000, 0x000000070351a2a0, 0x0000000703600000| 55%| S|CS|TAMS 0x0000000703400000, 0x0000000703400000| Complete 
|  16|0x0000000703600000, 0x0000000703600000, 0x0000000703800000|  0%| F|  |TAMS 0x0000000703600000, 0x0000000703600000| Untracked 
|  17|0x0000000703800000, 0x0000000703800000, 0x0000000703a00000|  0%| F|  |TAMS 0x0000000703800000, 0x0000000703800000| Untracked 
|  18|0x0000000703a00000, 0x0000000703a00000, 0x0000000703c00000|  0%| F|  |TAMS 0x0000000703a00000, 0x0000000703a00000| Untracked 
|  19|0x0000000703c00000, 0x0000000703c00000, 0x0000000703e00000|  0%| F|  |TAMS 0x0000000703c00000, 0x0000000703c00000| Untracked 
|  20|0x0000000703e00000, 0x0000000703e00000, 0x0000000704000000|  0%| F|  |TAMS 0x0000000703e00000, 0x0000000703e00000| Untracked 
|  21|0x0000000704000000, 0x0000000704000000, 0x0000000704200000|  0%| F|  |TAMS 0x0000000704000000, 0x0000000704000000| Untracked 
|2036|0x00000007ffe00000, 0x0000000800000000, 0x0000000800000000|100%| O|  |TAMS 0x00000007ffe00000, 0x00000007ffe00000| Untracked 

Card table byte_map: [0x0000021a71dc0000,0x0000021a725c0000] _byte_map_base: 0x0000021a6e5b5000

Marking Bits (Prev, Next): (CMBitMap*) 0x0000021a67e69e40, (CMBitMap*) 0x0000021a67e69e80
 Prev Bits: [0x0000021a72dc0000, 0x0000021a76d68000)
 Next Bits: [0x0000021a76d70000, 0x0000021a7ad18000)

Polling page: 0x0000021a675c0000

Metaspace:

Usage:
  Non-class:     10.69 MB used.
      Class:      1.26 MB used.
       Both:     11.95 MB used.

Virtual space:
  Non-class space:       64.00 MB reserved,      10.81 MB ( 17%) committed,  1 nodes.
      Class space:        1.00 GB reserved,       1.38 MB ( <1%) committed,  1 nodes.
             Both:        1.06 GB reserved,      12.19 MB (  1%) committed. 

Chunk freelists:
   Non-Class:  3.61 MB
       Class:  2.63 MB
        Both:  6.24 MB

MaxMetaspaceSize: unlimited
CompressedClassSpaceSize: 1.00 GB
Initial GC threshold: 21.00 MB
Current GC threshold: 21.00 MB
CDS: on
MetaspaceReclaimPolicy: balanced
 - commit_granule_bytes: 65536.
 - commit_granule_words: 8192.
 - virtual_space_node_default_size: 8388608.
 - enlarge_chunks_in_place: 1.
 - new_chunks_are_fully_committed: 0.
 - uncommit_free_chunks: 1.
 - use_allocation_guard: 0.


Internal statistics:

num_allocs_failed_limit: 0.
num_arena_births: 196.
num_arena_deaths: 0.
num_vsnodes_births: 2.
num_vsnodes_deaths: 0.
num_space_committed: 195.
num_space_uncommitted: 0.
num_chunks_returned_to_freelist: 0.
num_chunks_taken_from_freelist: 594.
num_chunk_merges: 0.
num_chunk_splits: 427.
num_chunks_enlarged: 339.
num_inconsistent_stats: 0.

CodeHeap 'non-profiled nmethods': size=120000Kb used=1337Kb max_used=1337Kb free=118662Kb
 bounds [0x0000021a07ad0000, 0x0000021a07d40000, 0x0000021a0f000000]
CodeHeap 'profiled nmethods': size=120000Kb used=6981Kb max_used=6981Kb free=113018Kb
 bounds [0x0000021a00000000, 0x0000021a006e0000, 0x0000021a07530000]
CodeHeap 'non-nmethods': size=5760Kb used=1252Kb max_used=1342Kb free=4507Kb
 bounds [0x0000021a07530000, 0x0000021a077a0000, 0x0000021a07ad0000]
 total_blobs=3706 nmethods=3247 adapters=369
 compilation: enabled
              stopped_count=0, restarted_count=0
 full_count=0

Compilation events (20 events):
Event: 1.147 Thread 0x0000021a7d955bc0 3254       3       com.sun.tools.javac.tree.JCTree$JCBlock::<init> (20 bytes)
Event: 1.147 Thread 0x0000021a7d955bc0 nmethod 3254 0x0000021a006cd210 code [0x0000021a006cd3c0, 0x0000021a006cd658]
Event: 1.147 Thread 0x0000021a7d955bc0 3255       3       com.sun.tools.javac.code.Type$StructuralTypeMapping::visitArrayType (7 bytes)
Event: 1.148 Thread 0x0000021a7d955bc0 nmethod 3255 0x0000021a006cd790 code [0x0000021a006cd940, 0x0000021a006cdb08]
Event: 1.148 Thread 0x0000021a7d955bc0 3256       3       com.sun.tools.javac.code.Type$StructuralTypeMapping::visitArrayType (43 bytes)
Event: 1.148 Thread 0x0000021a7e344350 nmethod 3027 0x0000021a07c18590 code [0x0000021a07c18720, 0x0000021a07c187f8]
Event: 1.148 Thread 0x0000021a7e344350 3129       4       com.sun.tools.javac.comp.Resolve$MethodCheckContext::checkWarner (5 bytes)
Event: 1.149 Thread 0x0000021a7dbbf8f0 nmethod 3062 0x0000021a07c13d10 code [0x0000021a07c14080, 0x0000021a07c162c0]
Event: 1.149 Thread 0x0000021a7d955bc0 nmethod 3256 0x0000021a006cdb90 code [0x0000021a006cddc0, 0x0000021a006ce6f8]
Event: 1.149 Thread 0x0000021a7d955bc0 3257       3       com.sun.tools.javac.code.Scope$FilterImportScope$SymbolImporter::importFrom (111 bytes)
Event: 1.149 Thread 0x0000021a7e344350 nmethod 3129 0x0000021a07c18910 code [0x0000021a07c18a80, 0x0000021a07c18af8]
Event: 1.149 Thread 0x0000021a7e344350 3088       4       com.sun.tools.javac.code.Scope$ScopeListenerList::symbolAdded (8 bytes)
Event: 1.150 Thread 0x0000021a7dbbf8f0 3039       4       java.util.HashSet::remove (20 bytes)
Event: 1.150 Thread 0x0000021a7d955bc0 nmethod 3257 0x0000021a006cea90 code [0x0000021a006ced80, 0x0000021a006d02d8]
Event: 1.150 Thread 0x0000021a7d955bc0 3259       3       com.sun.tools.javac.util.Name$Table::fromString (14 bytes)
Event: 1.150 Thread 0x0000021a7d955bc0 nmethod 3259 0x0000021a006d0910 code [0x0000021a006d0b00, 0x0000021a006d0e48]
Event: 1.150 Thread 0x0000021a7d955bc0 3258       3       java.util.Optional::orElseGet (21 bytes)
Event: 1.151 Thread 0x0000021a7d955bc0 nmethod 3258 0x0000021a006d1010 code [0x0000021a006d11c0, 0x0000021a006d13e8]
Event: 1.152 Thread 0x0000021a7d923c50 nmethod 3028 0x0000021a07c18c10 code [0x0000021a07c19000, 0x0000021a07c1cb80]
Event: 1.153 Thread 0x0000021a7d923c50 3260       4       com.sun.tools.javac.util.ArrayUtils::ensureCapacity (30 bytes)

GC Heap History (20 events):
Event: 0.420 GC heap after
{Heap after GC invocations=7 (full 0):
 garbage-first heap   total 14336K, used 5115K [0x0000000701600000, 0x0000000800000000)
  region size 2048K, 1 young (2048K), 1 survivors (2048K)
 Metaspace       used 8388K, committed 8576K, reserved 1114112K
  class space    used 902K, committed 1024K, reserved 1048576K
}
Event: 0.462 GC heap before
{Heap before GC invocations=7 (full 0):
 garbage-first heap   total 14336K, used 7163K [0x0000000701600000, 0x0000000800000000)
  region size 2048K, 2 young (4096K), 1 survivors (2048K)
 Metaspace       used 8914K, committed 9088K, reserved 1114112K
  class space    used 965K, committed 1024K, reserved 1048576K
}
Event: 0.465 GC heap after
{Heap after GC invocations=8 (full 0):
 garbage-first heap   total 14336K, used 6248K [0x0000000701600000, 0x0000000800000000)
  region size 2048K, 1 young (2048K), 1 survivors (2048K)
 Metaspace       used 8914K, committed 9088K, reserved 1114112K
  class space    used 965K, committed 1024K, reserved 1048576K
}
Event: 0.481 GC heap before
{Heap before GC invocations=8 (full 0):
 garbage-first heap   total 14336K, used 8296K [0x0000000701600000, 0x0000000800000000)
  region size 2048K, 2 young (4096K), 1 survivors (2048K)
 Metaspace       used 8934K, committed 9088K, reserved 1114112K
  class space    used 965K, committed 1024K, reserved 1048576K
}
Event: 0.483 GC heap after
{Heap after GC invocations=9 (full 0):
 garbage-first heap   total 24576K, used 7231K [0x0000000701600000, 0x0000000800000000)
  region size 2048K, 1 young (2048K), 1 survivors (2048K)
 Metaspace       used 8934K, committed 9088K, reserved 1114112K
  class space    used 965K, committed 1024K, reserved 1048576K
}
Event: 0.495 GC heap before
{Heap before GC invocations=9 (full 0):
 garbage-first heap   total 24576K, used 9279K [0x0000000701600000, 0x0000000800000000)
  region size 2048K, 2 young (4096K), 1 survivors (2048K)
 Metaspace       used 8942K, committed 9088K, reserved 1114112K
  class space    used 965K, committed 1024K, reserved 1048576K
}
Event: 0.496 GC heap after
{Heap after GC invocations=10 (full 0):
 garbage-first heap   total 24576K, used 7349K [0x0000000701600000, 0x0000000800000000)
  region size 2048K, 1 young (2048K), 1 survivors (2048K)
 Metaspace       used 8942K, committed 9088K, reserved 1114112K
  class space    used 965K, committed 1024K, reserved 1048576K
}
Event: 0.542 GC heap before
{Heap before GC invocations=10 (full 0):
 garbage-first heap   total 24576K, used 11445K [0x0000000701600000, 0x0000000800000000)
  region size 2048K, 3 young (6144K), 1 survivors (2048K)
 Metaspace       used 9181K, committed 9280K, reserved 1114112K
  class space    used 989K, committed 1024K, reserved 1048576K
}
Event: 0.544 GC heap after
{Heap after GC invocations=11 (full 0):
 garbage-first heap   total 24576K, used 8006K [0x0000000701600000, 0x0000000800000000)
  region size 2048K, 1 young (2048K), 1 survivors (2048K)
 Metaspace       used 9181K, committed 9280K, reserved 1114112K
  class space    used 989K, committed 1024K, reserved 1048576K
}
Event: 0.581 GC heap before
{Heap before GC invocations=11 (full 0):
 garbage-first heap   total 24576K, used 12102K [0x0000000701600000, 0x0000000800000000)
  region size 2048K, 3 young (6144K), 1 survivors (2048K)
 Metaspace       used 9396K, committed 9536K, reserved 1114112K
  class space    used 1012K, committed 1088K, reserved 1048576K
}
Event: 0.583 GC heap after
{Heap after GC invocations=12 (full 0):
 garbage-first heap   total 24576K, used 8646K [0x0000000701600000, 0x0000000800000000)
  region size 2048K, 1 young (2048K), 1 survivors (2048K)
 Metaspace       used 9396K, committed 9536K, reserved 1114112K
  class space    used 1012K, committed 1088K, reserved 1048576K
}
Event: 0.590 GC heap before
{Heap before GC invocations=12 (full 0):
 garbage-first heap   total 24576K, used 12742K [0x0000000701600000, 0x0000000800000000)
  region size 2048K, 3 young (6144K), 1 survivors (2048K)
 Metaspace       used 9401K, committed 9536K, reserved 1114112K
  class space    used 1012K, committed 1088K, reserved 1048576K
}
Event: 0.592 GC heap after
{Heap after GC invocations=13 (full 0):
 garbage-first heap   total 47104K, used 9044K [0x0000000701600000, 0x0000000800000000)
  region size 2048K, 1 young (2048K), 1 survivors (2048K)
 Metaspace       used 9401K, committed 9536K, reserved 1114112K
  class space    used 1012K, committed 1088K, reserved 1048576K
}
Event: 0.664 GC heap before
{Heap before GC invocations=13 (full 0):
 garbage-first heap   total 47104K, used 27476K [0x0000000701600000, 0x0000000800000000)
  region size 2048K, 10 young (20480K), 1 survivors (2048K)
 Metaspace       used 9616K, committed 9792K, reserved 1114112K
  class space    used 1030K, committed 1088K, reserved 1048576K
}
Event: 0.669 GC heap after
{Heap after GC invocations=14 (full 0):
 garbage-first heap   total 47104K, used 12400K [0x0000000701600000, 0x0000000800000000)
  region size 2048K, 2 young (4096K), 2 survivors (4096K)
 Metaspace       used 9616K, committed 9792K, reserved 1114112K
  class space    used 1030K, committed 1088K, reserved 1048576K
}
Event: 0.719 GC heap before
{Heap before GC invocations=14 (full 0):
 garbage-first heap   total 47104K, used 24688K [0x0000000701600000, 0x0000000800000000)
  region size 2048K, 8 young (16384K), 2 survivors (4096K)
 Metaspace       used 9746K, committed 9920K, reserved 1114112K
  class space    used 1031K, committed 1088K, reserved 1048576K
}
Event: 0.726 GC heap after
{Heap after GC invocations=15 (full 0):
 garbage-first heap   total 47104K, used 14496K [0x0000000701600000, 0x0000000800000000)
  region size 2048K, 1 young (2048K), 1 survivors (2048K)
 Metaspace       used 9746K, committed 9920K, reserved 1114112K
  class space    used 1031K, committed 1088K, reserved 1048576K
}
Event: 0.985 GC heap before
{Heap before GC invocations=15 (full 0):
 garbage-first heap   total 47104K, used 28832K [0x0000000701600000, 0x0000000800000000)
  region size 2048K, 7 young (14336K), 1 survivors (2048K)
 Metaspace       used 11597K, committed 11840K, reserved 1114112K
  class space    used 1245K, committed 1408K, reserved 1048576K
}
Event: 0.992 GC heap after
{Heap after GC invocations=16 (full 0):
 garbage-first heap   total 47104K, used 18929K [0x0000000701600000, 0x0000000800000000)
  region size 2048K, 1 young (2048K), 1 survivors (2048K)
 Metaspace       used 11597K, committed 11840K, reserved 1114112K
  class space    used 1245K, committed 1408K, reserved 1048576K
}
Event: 1.153 GC heap before
{Heap before GC invocations=16 (full 0):
 garbage-first heap   total 47104K, used 31217K [0x0000000701600000, 0x0000000800000000)
  region size 2048K, 7 young (14336K), 1 survivors (2048K)
 Metaspace       used 12234K, committed 12480K, reserved 1114112K
  class space    used 1292K, committed 1408K, reserved 1048576K
}

Dll operation events (6 events):
Event: 0.005 Loaded shared library C:\Program Files\Zulu\zulu-19\bin\java.dll
Event: 0.011 Loaded shared library C:\Program Files\Zulu\zulu-19\bin\jsvml.dll
Event: 0.048 Loaded shared library C:\Program Files\Zulu\zulu-19\bin\jimage.dll
Event: 0.091 Loaded shared library C:\Program Files\Zulu\zulu-19\bin\net.dll
Event: 0.092 Loaded shared library C:\Program Files\Zulu\zulu-19\bin\nio.dll
Event: 0.127 Loaded shared library C:\Program Files\Zulu\zulu-19\bin\zip.dll

Deoptimization events (20 events):
Event: 1.120 Thread 0x0000021a67dfb800 DEOPT PACKING pc=0x0000021a07b053f8 sp=0x000000e8e3dfdfd0
Event: 1.120 Thread 0x0000021a67dfb800 DEOPT UNPACKING pc=0x0000021a07596da3 sp=0x000000e8e3dfdf00 mode 2
Event: 1.120 Thread 0x0000021a67dfb800 Uncommon trap: trap_request=0xffffff45 fr.pc=0x0000021a07b0a6c0 relative=0x00000000000001a0
Event: 1.120 Thread 0x0000021a67dfb800 Uncommon trap: reason=unstable_if action=reinterpret pc=0x0000021a07b0a6c0 method=java.lang.String.indexOf(II)I @ 4 c2
Event: 1.120 Thread 0x0000021a67dfb800 DEOPT PACKING pc=0x0000021a07b0a6c0 sp=0x000000e8e3dfdf60
Event: 1.120 Thread 0x0000021a67dfb800 DEOPT UNPACKING pc=0x0000021a07596da3 sp=0x000000e8e3dfdf00 mode 2
Event: 1.120 Thread 0x0000021a67dfb800 Uncommon trap: trap_request=0xffffff45 fr.pc=0x0000021a07aef11c relative=0x00000000000003dc
Event: 1.120 Thread 0x0000021a67dfb800 Uncommon trap: reason=unstable_if action=reinterpret pc=0x0000021a07aef11c method=java.lang.AbstractStringBuilder.isLatin1()Z @ 10 c2
Event: 1.120 Thread 0x0000021a67dfb800 DEOPT PACKING pc=0x0000021a07aef11c sp=0x000000e8e3dfdf80
Event: 1.120 Thread 0x0000021a67dfb800 DEOPT UNPACKING pc=0x0000021a07596da3 sp=0x000000e8e3dfdea8 mode 2
Event: 1.121 Thread 0x0000021a67dfb800 Uncommon trap: trap_request=0xffffff45 fr.pc=0x0000021a07b25508 relative=0x00000000000001e8
Event: 1.121 Thread 0x0000021a67dfb800 Uncommon trap: reason=unstable_if action=reinterpret pc=0x0000021a07b25508 method=java.lang.String.toCharArray()[C @ 4 c2
Event: 1.121 Thread 0x0000021a67dfb800 DEOPT PACKING pc=0x0000021a07b25508 sp=0x000000e8e3dfeca0
Event: 1.121 Thread 0x0000021a67dfb800 DEOPT UNPACKING pc=0x0000021a07596da3 sp=0x000000e8e3dfebc8 mode 2
Event: 1.136 Thread 0x0000021a67dfb800 DEOPT PACKING pc=0x0000021a0038014c sp=0x000000e8e3dfd340
Event: 1.136 Thread 0x0000021a67dfb800 DEOPT UNPACKING pc=0x0000021a07597543 sp=0x000000e8e3dfc820 mode 0
Event: 1.146 Thread 0x0000021a67dfb800 Uncommon trap: trap_request=0xffffff45 fr.pc=0x0000021a07bd542c relative=0x000000000000010c
Event: 1.146 Thread 0x0000021a67dfb800 Uncommon trap: reason=unstable_if action=reinterpret pc=0x0000021a07bd542c method=com.sun.tools.javac.tree.TreeScanner.scan(Lcom/sun/tools/javac/util/List;)V @ 1 c2
Event: 1.146 Thread 0x0000021a67dfb800 DEOPT PACKING pc=0x0000021a07bd542c sp=0x000000e8e3dfe4e0
Event: 1.146 Thread 0x0000021a67dfb800 DEOPT UNPACKING pc=0x0000021a07596da3 sp=0x000000e8e3dfe478 mode 2

Classes loaded (20 events):
Event: 0.886 Loading class java/lang/invoke/MethodHandleImpl$Makers$1
Event: 0.886 Loading class java/lang/invoke/MethodHandleImpl$Makers$1 done
Event: 0.886 Loading class java/lang/invoke/MethodHandleImpl$Makers$2
Event: 0.886 Loading class java/lang/invoke/MethodHandleImpl$Makers$2 done
Event: 0.886 Loading class java/lang/invoke/MethodHandleImpl$Makers$3
Event: 0.886 Loading class java/lang/invoke/MethodHandleImpl$Makers$3 done
Event: 0.894 Loading class java/lang/runtime/ObjectMethods$1
Event: 0.894 Loading class java/lang/runtime/ObjectMethods$1 done
Event: 0.899 Loading class java/lang/invoke/DirectMethodHandle$1
Event: 0.899 Loading class java/lang/invoke/DirectMethodHandle$1 done
Event: 1.102 Loading class java/lang/invoke/MethodHandleImpl$CountingWrapper
Event: 1.102 Loading class java/lang/invoke/MethodHandleImpl$CountingWrapper done
Event: 1.103 Loading class jdk/internal/org/objectweb/asm/Edge
Event: 1.103 Loading class jdk/internal/org/objectweb/asm/Edge done
Event: 1.105 Loading class java/util/stream/ReduceOps$2
Event: 1.105 Loading class java/util/stream/ReduceOps$2 done
Event: 1.105 Loading class java/util/stream/ReduceOps$2ReducingSink
Event: 1.105 Loading class java/util/stream/ReduceOps$2ReducingSink done
Event: 1.115 Loading class java/io/DataOutputStream
Event: 1.115 Loading class java/io/DataOutputStream done

Classes unloaded (0 events):
No events

Classes redefined (0 events):
No events

Internal exceptions (20 events):
Event: 0.907 Thread 0x0000021a67dfb800 Exception <a 'sun/nio/fs/WindowsException'{0x00000007038f2800}> (0x00000007038f2800) 
thrown [s\src\hotspot\share\prims\jni.cpp, line 517]
Event: 0.917 Thread 0x0000021a67dfb800 Exception <a 'sun/nio/fs/WindowsException'{0x00000007039246c0}> (0x00000007039246c0) 
thrown [s\src\hotspot\share\prims\jni.cpp, line 517]
Event: 0.964 Thread 0x0000021a67dfb800 Exception <a 'java/lang/NoSuchMethodError'{0x00000007036d1218}: 'java.lang.Object java.lang.invoke.DirectMethodHandle$Holder.newInvokeSpecial(java.lang.Object, java.lang.Object, java.lang.Object, java.lang.Object, java.lang.Object, java.lang.Object, java.lang.Object, int)'> (0x00000007036d1218) 
thrown [s\src\hotspot\share\interpreter\linkResolver.cpp, line 774]
Event: 0.965 Thread 0x0000021a67dfb800 Exception <a 'java/lang/NoSuchMethodError'{0x00000007036d6aa0}: 'java.lang.Object java.lang.invoke.DirectMethodHandle$Holder.invokeSpecial(java.lang.Object, java.lang.Object, java.lang.Object, java.lang.Object, java.lang.Object, java.lang.Object, java.lang.Object, java.lang.Object, int)'> (0x00000007036d6aa0) 
thrown [s\src\hotspot\share\interpreter\linkResolver.cpp, line 774]
Event: 0.966 Thread 0x0000021a67dfb800 Exception <a 'java/lang/NoSuchMethodError'{0x00000007036e95e0}: 'java.lang.Object java.lang.invoke.DirectMethodHandle$Holder.newInvokeSpecial(java.lang.Object, java.lang.Object, java.lang.Object, java.lang.Object, java.lang.Object, java.lang.Object, java.lang.Object)'> (0x00000007036e95e0) 
thrown [s\src\hotspot\share\interpreter\linkResolver.cpp, line 774]
Event: 1.094 Thread 0x0000021a67dfb800 Implicit null exception at 0x0000021a07b6ad94 to 0x0000021a07b6afc4
Event: 1.094 Thread 0x0000021a67dfb800 Implicit null exception at 0x0000021a07b3738f to 0x0000021a07b37600
Event: 1.094 Thread 0x0000021a67dfb800 Implicit null exception at 0x0000021a07b268af to 0x0000021a07b26929
Event: 1.096 Thread 0x0000021a67dfb800 Exception <a 'java/lang/NoSuchMethodError'{0x0000000703907798}: 'void java.lang.invoke.DirectMethodHandle$Holder.invokeStatic(java.lang.Object, java.lang.Object, java.lang.Object)'> (0x0000000703907798) 
thrown [s\src\hotspot\share\interpreter\linkResolver.cpp, line 774]
Event: 1.101 Thread 0x0000021a67dfb800 Exception <a 'java/lang/NoSuchMethodError'{0x00000007039416e8}: 'java.lang.Object java.lang.invoke.DirectMethodHandle$Holder.invokeStatic(java.lang.Object, int, java.lang.Object, java.lang.Object)'> (0x00000007039416e8) 
thrown [s\src\hotspot\share\interpreter\linkResolver.cpp, line 774]
Event: 1.102 Thread 0x0000021a67dfb800 Exception <a 'java/lang/NoSuchMethodError'{0x0000000703945b50}: 'java.lang.Object java.lang.invoke.DirectMethodHandle$Holder.invokeSpecial(java.lang.Object, java.lang.Object, int, java.lang.Object, java.lang.Object)'> (0x0000000703945b50) 
thrown [s\src\hotspot\share\interpreter\linkResolver.cpp, line 774]
Event: 1.102 Thread 0x0000021a67dfb800 Exception <a 'java/lang/NoSuchMethodError'{0x0000000703949a00}: 'java.lang.Object java.lang.invoke.DelegatingMethodHandle$Holder.delegate(java.lang.Object, int, java.lang.Object, java.lang.Object)'> (0x0000000703949a00) 
thrown [s\src\hotspot\share\interpreter\linkResolver.cpp, line 774]
Event: 1.104 Thread 0x0000021a67dfb800 Exception <a 'java/lang/NoSuchMethodError'{0x0000000703959c68}: 'int java.lang.invoke.Invokers$Holder.linkToTargetMethod(java.lang.Object, java.lang.Object, java.lang.Object)'> (0x0000000703959c68) 
thrown [s\src\hotspot\share\interpreter\linkResolver.cpp, line 774]
Event: 1.113 Thread 0x0000021a67dfb800 Exception <a 'sun/nio/fs/WindowsException'{0x00000007039bd238}> (0x00000007039bd238) 
thrown [s\src\hotspot\share\prims\jni.cpp, line 517]
Event: 1.116 Thread 0x0000021a67dfb800 Exception <a 'sun/nio/fs/WindowsException'{0x00000007039cf098}> (0x00000007039cf098) 
thrown [s\src\hotspot\share\prims\jni.cpp, line 517]
Event: 1.118 Thread 0x0000021a67dfb800 Exception <a 'sun/nio/fs/WindowsException'{0x00000007039d7be0}> (0x00000007039d7be0) 
thrown [s\src\hotspot\share\prims\jni.cpp, line 517]
Event: 1.121 Thread 0x0000021a67dfb800 Exception <a 'sun/nio/fs/WindowsException'{0x00000007039df390}> (0x00000007039df390) 
thrown [s\src\hotspot\share\prims\jni.cpp, line 517]
Event: 1.132 Thread 0x0000021a67dfb800 Exception <a 'sun/nio/fs/WindowsException'{0x0000000703635d40}> (0x0000000703635d40) 
thrown [s\src\hotspot\share\prims\jni.cpp, line 517]
Event: 1.142 Thread 0x0000021a67dfb800 Exception <a 'sun/nio/fs/WindowsException'{0x00000007036cad70}> (0x00000007036cad70) 
thrown [s\src\hotspot\share\prims\jni.cpp, line 517]
Event: 1.145 Thread 0x0000021a67dfb800 Exception <a 'sun/nio/fs/WindowsException'{0x00000007036d5968}> (0x00000007036d5968) 
thrown [s\src\hotspot\share\prims\jni.cpp, line 517]

VM Operations (20 events):
Event: 0.879 Executing VM operation: ICBufferFull done
Event: 0.886 Executing VM operation: HandshakeAllThreads
Event: 0.887 Executing VM operation: HandshakeAllThreads done
Event: 0.931 Executing VM operation: HandshakeAllThreads
Event: 0.931 Executing VM operation: HandshakeAllThreads done
Event: 0.932 Executing VM operation: HandshakeAllThreads
Event: 0.932 Executing VM operation: HandshakeAllThreads done
Event: 0.936 Executing VM operation: ICBufferFull
Event: 0.937 Executing VM operation: ICBufferFull done
Event: 0.980 Executing VM operation: ICBufferFull
Event: 0.980 Executing VM operation: ICBufferFull done
Event: 0.985 Executing VM operation: G1CollectForAllocation
Event: 0.992 Executing VM operation: G1CollectForAllocation done
Event: 1.040 Executing VM operation: ICBufferFull
Event: 1.041 Executing VM operation: ICBufferFull done
Event: 1.070 Executing VM operation: HandshakeAllThreads
Event: 1.070 Executing VM operation: HandshakeAllThreads done
Event: 1.109 Executing VM operation: ICBufferFull
Event: 1.109 Executing VM operation: ICBufferFull done
Event: 1.153 Executing VM operation: G1CollectForAllocation

Events (14 events):
Event: 0.011 Thread 0x0000021a67dfb800 Thread added: 0x0000021a67dfb800
Event: 0.019 Thread 0x0000021a7d910ba0 Thread added: 0x0000021a7d910ba0
Event: 0.019 Thread 0x0000021a7d913b80 Thread added: 0x0000021a7d913b80
Event: 0.019 Thread 0x0000021a7d916ef0 Thread added: 0x0000021a7d916ef0
Event: 0.019 Thread 0x0000021a7d91b940 Thread added: 0x0000021a7d91b940
Event: 0.019 Thread 0x0000021a7d91c410 Thread added: 0x0000021a7d91c410
Event: 0.019 Thread 0x0000021a7d91eef0 Thread added: 0x0000021a7d91eef0
Event: 0.020 Thread 0x0000021a7d923c50 Thread added: 0x0000021a7d923c50
Event: 0.020 Thread 0x0000021a7d955bc0 Thread added: 0x0000021a7d955bc0
Event: 0.020 Thread 0x0000021a7d957150 Thread added: 0x0000021a7d957150
Event: 0.033 Thread 0x0000021a7db46910 Thread added: 0x0000021a7db46910
Event: 0.043 Thread 0x0000021a7dbbf8f0 Thread added: 0x0000021a7dbbf8f0
Event: 0.046 Thread 0x0000021a7dc36230 Thread added: 0x0000021a7dc36230
Event: 0.328 Thread 0x0000021a7e344350 Thread added: 0x0000021a7e344350


Dynamic libraries:
0x00007ff68a8c0000 - 0x00007ff68a8c8000 	C:\Program Files\Zulu\zulu-19\bin\javac.exe
0x00007ff9ac6b0000 - 0x00007ff9ac8c4000 	C:\WINDOWS\SYSTEM32\ntdll.dll
0x00007ff9ab010000 - 0x00007ff9ab0d2000 	C:\WINDOWS\System32\KERNEL32.DLL
0x00007ff9a9eb0000 - 0x00007ff9aa253000 	C:\WINDOWS\System32\KERNELBASE.dll
0x00007ff9a9bf0000 - 0x00007ff9a9d01000 	C:\WINDOWS\System32\ucrtbase.dll
0x00007ff9a1430000 - 0x00007ff9a1447000 	C:\Program Files\Zulu\zulu-19\bin\jli.dll
0x00007ff98f3a0000 - 0x00007ff98f3bb000 	C:\Program Files\Zulu\zulu-19\bin\VCRUNTIME140.dll
0x00007ff9aa970000 - 0x00007ff9aab1b000 	C:\WINDOWS\System32\USER32.dll
0x00007ff9a9d10000 - 0x00007ff9a9d36000 	C:\WINDOWS\System32\win32u.dll
0x00007ff997330000 - 0x00007ff9975be000 	C:\WINDOWS\WinSxS\amd64_microsoft.windows.common-controls_6595b64144ccf1df_6.0.22621.1635_none_270f70857386168e\COMCTL32.dll
0x00007ff9ab660000 - 0x00007ff9ab689000 	C:\WINDOWS\System32\GDI32.dll
0x00007ff9ac420000 - 0x00007ff9ac4c7000 	C:\WINDOWS\System32\msvcrt.dll
0x00007ff9aa390000 - 0x00007ff9aa4a8000 	C:\WINDOWS\System32\gdi32full.dll
0x00007ff9a9ad0000 - 0x00007ff9a9b6a000 	C:\WINDOWS\System32\msvcp_win.dll
0x00007ff9aaeb0000 - 0x00007ff9aaee1000 	C:\WINDOWS\System32\IMM32.DLL
0x00007ff9a4b60000 - 0x00007ff9a4b6c000 	C:\Program Files\Zulu\zulu-19\bin\vcruntime140_1.dll
0x00007ff962f20000 - 0x00007ff962fad000 	C:\Program Files\Zulu\zulu-19\bin\msvcp140.dll
0x00007ff931680000 - 0x00007ff932387000 	C:\Program Files\Zulu\zulu-19\bin\server\jvm.dll
0x00007ff9ac2c0000 - 0x00007ff9ac36e000 	C:\WINDOWS\System32\ADVAPI32.dll
0x00007ff9ac370000 - 0x00007ff9ac414000 	C:\WINDOWS\System32\sechost.dll
0x00007ff9ac550000 - 0x00007ff9ac667000 	C:\WINDOWS\System32\RPCRT4.dll
0x00007ff9a13a0000 - 0x00007ff9a13d4000 	C:\WINDOWS\SYSTEM32\WINMM.dll
0x00007ff9a15f0000 - 0x00007ff9a15fa000 	C:\WINDOWS\SYSTEM32\VERSION.dll
0x00007ff9a6a90000 - 0x00007ff9a6a99000 	C:\WINDOWS\SYSTEM32\WSOCK32.dll
0x00007ff9ac4d0000 - 0x00007ff9ac541000 	C:\WINDOWS\System32\WS2_32.dll
0x00007ff9a8a90000 - 0x00007ff9a8aa8000 	C:\WINDOWS\SYSTEM32\kernel.appcore.dll
0x00007ff98f440000 - 0x00007ff98f44a000 	C:\Program Files\Zulu\zulu-19\bin\jimage.dll
0x00007ff9a71e0000 - 0x00007ff9a740e000 	C:\WINDOWS\SYSTEM32\DBGHELP.DLL
0x00007ff9aab20000 - 0x00007ff9aaea9000 	C:\WINDOWS\System32\combase.dll
0x00007ff9aa4b0000 - 0x00007ff9aa587000 	C:\WINDOWS\System32\OLEAUT32.dll
0x00007ff9883f0000 - 0x00007ff988422000 	C:\WINDOWS\SYSTEM32\dbgcore.DLL
0x00007ff9a9b70000 - 0x00007ff9a9beb000 	C:\WINDOWS\System32\bcryptPrimitives.dll
0x00007ff98e140000 - 0x00007ff98e166000 	C:\Program Files\Zulu\zulu-19\bin\java.dll
0x00007ff95abf0000 - 0x00007ff95acc7000 	C:\Program Files\Zulu\zulu-19\bin\jsvml.dll
0x00007ff9aba40000 - 0x00007ff9ac23a000 	C:\WINDOWS\System32\SHELL32.dll
0x00007ff9a7a80000 - 0x00007ff9a834e000 	C:\WINDOWS\SYSTEM32\windows.storage.dll
0x00007ff9a7940000 - 0x00007ff9a7a7e000 	C:\WINDOWS\SYSTEM32\wintypes.dll
0x00007ff9ab920000 - 0x00007ff9aba11000 	C:\WINDOWS\System32\SHCORE.dll
0x00007ff9aa750000 - 0x00007ff9aa7ae000 	C:\WINDOWS\System32\shlwapi.dll
0x00007ff9a9a00000 - 0x00007ff9a9a21000 	C:\WINDOWS\SYSTEM32\profapi.dll
0x00007ff98dfa0000 - 0x00007ff98dfb3000 	C:\Program Files\Zulu\zulu-19\bin\net.dll
0x00007ff9a2480000 - 0x00007ff9a25b7000 	C:\WINDOWS\SYSTEM32\WINHTTP.dll
0x00007ff9a8f50000 - 0x00007ff9a8fb9000 	C:\WINDOWS\system32\mswsock.dll
0x00007ff98df10000 - 0x00007ff98df26000 	C:\Program Files\Zulu\zulu-19\bin\nio.dll
0x00007ff98ddf0000 - 0x00007ff98de08000 	C:\Program Files\Zulu\zulu-19\bin\zip.dll

dbghelp: loaded successfully - version: 4.0.5 - missing functions: none
symbol engine: initialized successfully - sym options: 0x614 - pdb path: .;C:\Program Files\Zulu\zulu-19\bin;C:\WINDOWS\SYSTEM32;C:\WINDOWS\WinSxS\amd64_microsoft.windows.common-controls_6595b64144ccf1df_6.0.22621.1635_none_270f70857386168e;C:\Program Files\Zulu\zulu-19\bin\server

VM Arguments:
jvm_args: -Dapplication.home=C:\Program Files\Zulu\zulu-19 --add-modules=ALL-DEFAULT -Xms8m -Djdk.module.main=jdk.compiler 
java_command: jdk.compiler/com.sun.tools.javac.Main @C:\Users\ulise\AppData\Local\Temp\files8428123451707773991
java_class_path (initial): <not set>
Launcher Type: SUN_STANDARD

[Global flags]
     intx CICompilerCount                          = 4                                         {product} {ergonomic}
     uint ConcGCThreads                            = 3                                         {product} {ergonomic}
     uint G1ConcRefinementThreads                  = 10                                        {product} {ergonomic}
   size_t G1HeapRegionSize                         = 2097152                                   {product} {ergonomic}
    uintx GCDrainStackTargetSize                   = 64                                        {product} {ergonomic}
   size_t InitialHeapSize                          = 8388608                                   {product} {command line}
   size_t MarkStackSize                            = 4194304                                   {product} {ergonomic}
   size_t MaxHeapSize                              = 4271898624                                {product} {ergonomic}
   size_t MaxNewSize                               = 2562719744                                {product} {ergonomic}
   size_t MinHeapDeltaBytes                        = 2097152                                   {product} {ergonomic}
   size_t MinHeapSize                              = 8388608                                   {product} {command line}
    uintx NonNMethodCodeHeapSize                   = 5839372                                {pd product} {ergonomic}
    uintx NonProfiledCodeHeapSize                  = 122909434                              {pd product} {ergonomic}
    uintx ProfiledCodeHeapSize                     = 122909434                              {pd product} {ergonomic}
    uintx ReservedCodeCacheSize                    = 251658240                              {pd product} {ergonomic}
     bool SegmentedCodeCache                       = true                                      {product} {ergonomic}
   size_t SoftMaxHeapSize                          = 4271898624                             {manageable} {ergonomic}
     bool UseCompressedClassPointers               = true                           {product lp64_product} {ergonomic}
     bool UseCompressedOops                        = true                           {product lp64_product} {ergonomic}
     bool UseG1GC                                  = true                                      {product} {ergonomic}
     bool UseLargePagesIndividualAllocation        = false                                  {pd product} {ergonomic}

Logging:
Log output configuration:
 #0: stdout all=warning uptime,level,tags foldmultilines=false
 #1: stderr all=off uptime,level,tags foldmultilines=false

Environment Variables:
PATH=C:\Program Files\Zulu\zulu-19\bin\;C:\Program Files\Common Files\Oracle\Java\javapath;C:\Program Files (x86)\Common Files\Oracle\Java\javapath;C:\Windows\system32;C:\Windows;C:\Windows\System32\Wbem;C:\Windows\System32\WindowsPowerShell\v1.0\;C:\Windows\System32\OpenSSH\;C:\Program Files (x86)\NVIDIA Corporation\PhysX\Common;C:\Program Files\NVIDIA Corporation\NVIDIA NvDLISR;C:\WINDOWS\system32;C:\WINDOWS;C:\WINDOWS\System32\Wbem;C:\WINDOWS\System32\WindowsPowerShell\v1.0\;C:\WINDOWS\System32\OpenSSH\;C:\Program Files\nodejs\;C:\Program Files\Git\cmd;C:\Users\ulise\AppData\Local\Microsoft\WindowsApps;C:\Users\ulise\AppData\Local\Programs\Microsoft VS Code\bin;C:\Users\ulise\AppData\Roaming\npm;C:\Users\ulise\AppData\Local\GitHubDesktop\bin;C:\Program Files (x86)\Nmap
USERNAME=ulise
OS=Windows_NT
PROCESSOR_IDENTIFIER=Intel64 Family 6 Model 165 Stepping 2, GenuineIntel
TMP=C:\Users\ulise\AppData\Local\Temp
TEMP=C:\Users\ulise\AppData\Local\Temp



---------------  S Y S T E M  ---------------

OS:
 Windows 11 , 64 bit Build 22621 (10.0.22621.1635)
OS uptime: 2 days 2:58 hours
Hyper-V role detected

CPU: total 12 (initial active 12) (6 cores per cpu, 2 threads per core) family 6 model 165 stepping 2 microcode 0xe2, cx8, cmov, fxsr, ht, mmx, 3dnowpref, sse, sse2, sse3, ssse3, sse4.1, sse4.2, popcnt, lzcnt, tsc, tscinvbit, avx, avx2, aes, erms, clmul, bmi1, bmi2, adx, fma, vzeroupper, clflush, clflushopt, hv, rdtscp

Memory: 4k page, system-wide physical 16291M (5411M free)
TotalPageFile size 16291M (AvailPageFile size 43M)
current process WorkingSet (physical memory assigned to process): 139M, peak: 146M
current process commit charge ("private bytes"): 177M, peak: 223M

vm_info: OpenJDK 64-Bit Server VM (19.0.2+7) for windows-amd64 JRE (19.0.2+7) (Zulu19.32+15-CA), built on Dec 28 2022 19:25:40 by "zulu_re" with MS VC++ 16.10 / 16.11 (VS2019)

END.
